<?xml version="1.0" encoding="UTF-8"?>
<testsuites name="jest tests" tests="141" failures="141" errors="0" time="40.304">
  <testsuite name="Debug Test Suite" errors="0" failures="2" skipped="0" timestamp="2025-03-08T11:28:04" time="14.924" tests="2">
    <testcase classname="Debug Test Suite" name="basic assertion test" time="0.015">
      <failure>TypeError: db.initialize is not a function
    at Object.&lt;anonymous&gt; (C:\kitting\ITManagementSystem\03_実装\it-ops-system\backend\src\tests\setup.ts:21:14)
    at Promise.then.completed (C:\kitting\ITManagementSystem\03_実装\it-ops-system\backend\node_modules\jest-circus\build\utils.js:298:28)
    at new Promise (&lt;anonymous&gt;)
    at callAsyncCircusFn (C:\kitting\ITManagementSystem\03_実装\it-ops-system\backend\node_modules\jest-circus\build\utils.js:231:10)
    at _callCircusHook (C:\kitting\ITManagementSystem\03_実装\it-ops-system\backend\node_modules\jest-circus\build\run.js:281:40)
    at processTicksAndRejections (node:internal/process/task_queues:105:5)
    at _runTestsForDescribeBlock (C:\kitting\ITManagementSystem\03_実装\it-ops-system\backend\node_modules\jest-circus\build\run.js:95:7)
    at run (C:\kitting\ITManagementSystem\03_実装\it-ops-system\backend\node_modules\jest-circus\build\run.js:71:3)
    at runAndTransformResultsToJestFormat (C:\kitting\ITManagementSystem\03_実装\it-ops-system\backend\node_modules\jest-circus\build\legacy-code-todo-rewrite\jestAdapterInit.js:122:21)
    at jestAdapter (C:\kitting\ITManagementSystem\03_実装\it-ops-system\backend\node_modules\jest-circus\build\legacy-code-todo-rewrite\jestAdapter.js:79:19)
    at runTestInternal (C:\kitting\ITManagementSystem\03_実装\it-ops-system\backend\node_modules\jest-runner\build\runTest.js:367:16)
    at runTest (C:\kitting\ITManagementSystem\03_実装\it-ops-system\backend\node_modules\jest-runner\build\runTest.js:444:34)
    at Object.worker (C:\kitting\ITManagementSystem\03_実装\it-ops-system\backend\node_modules\jest-runner\build\testWorker.js:106:12)</failure>
    </testcase>
    <testcase classname="Debug Test Suite" name="async operation test" time="0.001">
      <failure>TypeError: db.initialize is not a function
    at Object.&lt;anonymous&gt; (C:\kitting\ITManagementSystem\03_実装\it-ops-system\backend\src\tests\setup.ts:21:14)
    at Promise.then.completed (C:\kitting\ITManagementSystem\03_実装\it-ops-system\backend\node_modules\jest-circus\build\utils.js:298:28)
    at new Promise (&lt;anonymous&gt;)
    at callAsyncCircusFn (C:\kitting\ITManagementSystem\03_実装\it-ops-system\backend\node_modules\jest-circus\build\utils.js:231:10)
    at _callCircusHook (C:\kitting\ITManagementSystem\03_実装\it-ops-system\backend\node_modules\jest-circus\build\run.js:281:40)
    at processTicksAndRejections (node:internal/process/task_queues:105:5)
    at _runTestsForDescribeBlock (C:\kitting\ITManagementSystem\03_実装\it-ops-system\backend\node_modules\jest-circus\build\run.js:95:7)
    at run (C:\kitting\ITManagementSystem\03_実装\it-ops-system\backend\node_modules\jest-circus\build\run.js:71:3)
    at runAndTransformResultsToJestFormat (C:\kitting\ITManagementSystem\03_実装\it-ops-system\backend\node_modules\jest-circus\build\legacy-code-todo-rewrite\jestAdapterInit.js:122:21)
    at jestAdapter (C:\kitting\ITManagementSystem\03_実装\it-ops-system\backend\node_modules\jest-circus\build\legacy-code-todo-rewrite\jestAdapter.js:79:19)
    at runTestInternal (C:\kitting\ITManagementSystem\03_実装\it-ops-system\backend\node_modules\jest-runner\build\runTest.js:367:16)
    at runTest (C:\kitting\ITManagementSystem\03_実装\it-ops-system\backend\node_modules\jest-runner\build\runTest.js:444:34)
    at Object.worker (C:\kitting\ITManagementSystem\03_実装\it-ops-system\backend\node_modules\jest-runner\build\testWorker.js:106:12)</failure>
    </testcase>
  </testsuite>
  <testsuite name="Audit Error Classes" errors="0" failures="6" skipped="0" timestamp="2025-03-08T11:28:04" time="14.977" tests="6">
    <testcase classname="Audit Error Classes &gt; AuditError" name="基本的なエラーメッセージと情報を保持すること" time="0.012">
      <failure>TypeError: db.initialize is not a function
    at Object.&lt;anonymous&gt; (C:\kitting\ITManagementSystem\03_実装\it-ops-system\backend\src\tests\setup.ts:21:14)
    at Promise.then.completed (C:\kitting\ITManagementSystem\03_実装\it-ops-system\backend\node_modules\jest-circus\build\utils.js:298:28)
    at new Promise (&lt;anonymous&gt;)
    at callAsyncCircusFn (C:\kitting\ITManagementSystem\03_実装\it-ops-system\backend\node_modules\jest-circus\build\utils.js:231:10)
    at _callCircusHook (C:\kitting\ITManagementSystem\03_実装\it-ops-system\backend\node_modules\jest-circus\build\run.js:281:40)
    at processTicksAndRejections (node:internal/process/task_queues:105:5)
    at _runTestsForDescribeBlock (C:\kitting\ITManagementSystem\03_実装\it-ops-system\backend\node_modules\jest-circus\build\run.js:95:7)
    at run (C:\kitting\ITManagementSystem\03_実装\it-ops-system\backend\node_modules\jest-circus\build\run.js:71:3)
    at runAndTransformResultsToJestFormat (C:\kitting\ITManagementSystem\03_実装\it-ops-system\backend\node_modules\jest-circus\build\legacy-code-todo-rewrite\jestAdapterInit.js:122:21)
    at jestAdapter (C:\kitting\ITManagementSystem\03_実装\it-ops-system\backend\node_modules\jest-circus\build\legacy-code-todo-rewrite\jestAdapter.js:79:19)
    at runTestInternal (C:\kitting\ITManagementSystem\03_実装\it-ops-system\backend\node_modules\jest-runner\build\runTest.js:367:16)
    at runTest (C:\kitting\ITManagementSystem\03_実装\it-ops-system\backend\node_modules\jest-runner\build\runTest.js:444:34)
    at Object.worker (C:\kitting\ITManagementSystem\03_実装\it-ops-system\backend\node_modules\jest-runner\build\testWorker.js:106:12)</failure>
    </testcase>
    <testcase classname="Audit Error Classes &gt; AuditError" name="追加の詳細情報を保持できること" time="0.001">
      <failure>TypeError: db.initialize is not a function
    at Object.&lt;anonymous&gt; (C:\kitting\ITManagementSystem\03_実装\it-ops-system\backend\src\tests\setup.ts:21:14)
    at Promise.then.completed (C:\kitting\ITManagementSystem\03_実装\it-ops-system\backend\node_modules\jest-circus\build\utils.js:298:28)
    at new Promise (&lt;anonymous&gt;)
    at callAsyncCircusFn (C:\kitting\ITManagementSystem\03_実装\it-ops-system\backend\node_modules\jest-circus\build\utils.js:231:10)
    at _callCircusHook (C:\kitting\ITManagementSystem\03_実装\it-ops-system\backend\node_modules\jest-circus\build\run.js:281:40)
    at processTicksAndRejections (node:internal/process/task_queues:105:5)
    at _runTestsForDescribeBlock (C:\kitting\ITManagementSystem\03_実装\it-ops-system\backend\node_modules\jest-circus\build\run.js:95:7)
    at run (C:\kitting\ITManagementSystem\03_実装\it-ops-system\backend\node_modules\jest-circus\build\run.js:71:3)
    at runAndTransformResultsToJestFormat (C:\kitting\ITManagementSystem\03_実装\it-ops-system\backend\node_modules\jest-circus\build\legacy-code-todo-rewrite\jestAdapterInit.js:122:21)
    at jestAdapter (C:\kitting\ITManagementSystem\03_実装\it-ops-system\backend\node_modules\jest-circus\build\legacy-code-todo-rewrite\jestAdapter.js:79:19)
    at runTestInternal (C:\kitting\ITManagementSystem\03_実装\it-ops-system\backend\node_modules\jest-runner\build\runTest.js:367:16)
    at runTest (C:\kitting\ITManagementSystem\03_実装\it-ops-system\backend\node_modules\jest-runner\build\runTest.js:444:34)
    at Object.worker (C:\kitting\ITManagementSystem\03_実装\it-ops-system\backend\node_modules\jest-runner\build\testWorker.js:106:12)</failure>
    </testcase>
    <testcase classname="Audit Error Classes &gt; AuditValidationError" name="バリデーションエラー情報を正しく設定すること" time="0">
      <failure>TypeError: db.initialize is not a function
    at Object.&lt;anonymous&gt; (C:\kitting\ITManagementSystem\03_実装\it-ops-system\backend\src\tests\setup.ts:21:14)
    at Promise.then.completed (C:\kitting\ITManagementSystem\03_実装\it-ops-system\backend\node_modules\jest-circus\build\utils.js:298:28)
    at new Promise (&lt;anonymous&gt;)
    at callAsyncCircusFn (C:\kitting\ITManagementSystem\03_実装\it-ops-system\backend\node_modules\jest-circus\build\utils.js:231:10)
    at _callCircusHook (C:\kitting\ITManagementSystem\03_実装\it-ops-system\backend\node_modules\jest-circus\build\run.js:281:40)
    at processTicksAndRejections (node:internal/process/task_queues:105:5)
    at _runTestsForDescribeBlock (C:\kitting\ITManagementSystem\03_実装\it-ops-system\backend\node_modules\jest-circus\build\run.js:95:7)
    at run (C:\kitting\ITManagementSystem\03_実装\it-ops-system\backend\node_modules\jest-circus\build\run.js:71:3)
    at runAndTransformResultsToJestFormat (C:\kitting\ITManagementSystem\03_実装\it-ops-system\backend\node_modules\jest-circus\build\legacy-code-todo-rewrite\jestAdapterInit.js:122:21)
    at jestAdapter (C:\kitting\ITManagementSystem\03_実装\it-ops-system\backend\node_modules\jest-circus\build\legacy-code-todo-rewrite\jestAdapter.js:79:19)
    at runTestInternal (C:\kitting\ITManagementSystem\03_実装\it-ops-system\backend\node_modules\jest-runner\build\runTest.js:367:16)
    at runTest (C:\kitting\ITManagementSystem\03_実装\it-ops-system\backend\node_modules\jest-runner\build\runTest.js:444:34)
    at Object.worker (C:\kitting\ITManagementSystem\03_実装\it-ops-system\backend\node_modules\jest-runner\build\testWorker.js:106:12)</failure>
    </testcase>
    <testcase classname="Audit Error Classes &gt; AuditPermissionError" name="権限エラー情報を正しく設定すること" time="0.001">
      <failure>TypeError: db.initialize is not a function
    at Object.&lt;anonymous&gt; (C:\kitting\ITManagementSystem\03_実装\it-ops-system\backend\src\tests\setup.ts:21:14)
    at Promise.then.completed (C:\kitting\ITManagementSystem\03_実装\it-ops-system\backend\node_modules\jest-circus\build\utils.js:298:28)
    at new Promise (&lt;anonymous&gt;)
    at callAsyncCircusFn (C:\kitting\ITManagementSystem\03_実装\it-ops-system\backend\node_modules\jest-circus\build\utils.js:231:10)
    at _callCircusHook (C:\kitting\ITManagementSystem\03_実装\it-ops-system\backend\node_modules\jest-circus\build\run.js:281:40)
    at processTicksAndRejections (node:internal/process/task_queues:105:5)
    at _runTestsForDescribeBlock (C:\kitting\ITManagementSystem\03_実装\it-ops-system\backend\node_modules\jest-circus\build\run.js:95:7)
    at run (C:\kitting\ITManagementSystem\03_実装\it-ops-system\backend\node_modules\jest-circus\build\run.js:71:3)
    at runAndTransformResultsToJestFormat (C:\kitting\ITManagementSystem\03_実装\it-ops-system\backend\node_modules\jest-circus\build\legacy-code-todo-rewrite\jestAdapterInit.js:122:21)
    at jestAdapter (C:\kitting\ITManagementSystem\03_実装\it-ops-system\backend\node_modules\jest-circus\build\legacy-code-todo-rewrite\jestAdapter.js:79:19)
    at runTestInternal (C:\kitting\ITManagementSystem\03_実装\it-ops-system\backend\node_modules\jest-runner\build\runTest.js:367:16)
    at runTest (C:\kitting\ITManagementSystem\03_実装\it-ops-system\backend\node_modules\jest-runner\build\runTest.js:444:34)
    at Object.worker (C:\kitting\ITManagementSystem\03_実装\it-ops-system\backend\node_modules\jest-runner\build\testWorker.js:106:12)</failure>
    </testcase>
    <testcase classname="Audit Error Classes &gt; AuditNotFoundError" name="Not Foundエラー情報を正しく設定すること" time="0">
      <failure>TypeError: db.initialize is not a function
    at Object.&lt;anonymous&gt; (C:\kitting\ITManagementSystem\03_実装\it-ops-system\backend\src\tests\setup.ts:21:14)
    at Promise.then.completed (C:\kitting\ITManagementSystem\03_実装\it-ops-system\backend\node_modules\jest-circus\build\utils.js:298:28)
    at new Promise (&lt;anonymous&gt;)
    at callAsyncCircusFn (C:\kitting\ITManagementSystem\03_実装\it-ops-system\backend\node_modules\jest-circus\build\utils.js:231:10)
    at _callCircusHook (C:\kitting\ITManagementSystem\03_実装\it-ops-system\backend\node_modules\jest-circus\build\run.js:281:40)
    at processTicksAndRejections (node:internal/process/task_queues:105:5)
    at _runTestsForDescribeBlock (C:\kitting\ITManagementSystem\03_実装\it-ops-system\backend\node_modules\jest-circus\build\run.js:95:7)
    at run (C:\kitting\ITManagementSystem\03_実装\it-ops-system\backend\node_modules\jest-circus\build\run.js:71:3)
    at runAndTransformResultsToJestFormat (C:\kitting\ITManagementSystem\03_実装\it-ops-system\backend\node_modules\jest-circus\build\legacy-code-todo-rewrite\jestAdapterInit.js:122:21)
    at jestAdapter (C:\kitting\ITManagementSystem\03_実装\it-ops-system\backend\node_modules\jest-circus\build\legacy-code-todo-rewrite\jestAdapter.js:79:19)
    at runTestInternal (C:\kitting\ITManagementSystem\03_実装\it-ops-system\backend\node_modules\jest-runner\build\runTest.js:367:16)
    at runTest (C:\kitting\ITManagementSystem\03_実装\it-ops-system\backend\node_modules\jest-runner\build\runTest.js:444:34)
    at Object.worker (C:\kitting\ITManagementSystem\03_実装\it-ops-system\backend\node_modules\jest-runner\build\testWorker.js:106:12)</failure>
    </testcase>
    <testcase classname="Audit Error Classes &gt; AuditDatabaseError" name="データベースエラー情報を正しく設定すること" time="0">
      <failure>TypeError: db.initialize is not a function
    at Object.&lt;anonymous&gt; (C:\kitting\ITManagementSystem\03_実装\it-ops-system\backend\src\tests\setup.ts:21:14)
    at Promise.then.completed (C:\kitting\ITManagementSystem\03_実装\it-ops-system\backend\node_modules\jest-circus\build\utils.js:298:28)
    at new Promise (&lt;anonymous&gt;)
    at callAsyncCircusFn (C:\kitting\ITManagementSystem\03_実装\it-ops-system\backend\node_modules\jest-circus\build\utils.js:231:10)
    at _callCircusHook (C:\kitting\ITManagementSystem\03_実装\it-ops-system\backend\node_modules\jest-circus\build\run.js:281:40)
    at processTicksAndRejections (node:internal/process/task_queues:105:5)
    at _runTestsForDescribeBlock (C:\kitting\ITManagementSystem\03_実装\it-ops-system\backend\node_modules\jest-circus\build\run.js:95:7)
    at run (C:\kitting\ITManagementSystem\03_実装\it-ops-system\backend\node_modules\jest-circus\build\run.js:71:3)
    at runAndTransformResultsToJestFormat (C:\kitting\ITManagementSystem\03_実装\it-ops-system\backend\node_modules\jest-circus\build\legacy-code-todo-rewrite\jestAdapterInit.js:122:21)
    at jestAdapter (C:\kitting\ITManagementSystem\03_実装\it-ops-system\backend\node_modules\jest-circus\build\legacy-code-todo-rewrite\jestAdapter.js:79:19)
    at runTestInternal (C:\kitting\ITManagementSystem\03_実装\it-ops-system\backend\node_modules\jest-runner\build\runTest.js:367:16)
    at runTest (C:\kitting\ITManagementSystem\03_実装\it-ops-system\backend\node_modules\jest-runner\build\runTest.js:444:34)
    at Object.worker (C:\kitting\ITManagementSystem\03_実装\it-ops-system\backend\node_modules\jest-runner\build\testWorker.js:106:12)</failure>
    </testcase>
  </testsuite>
  <testsuite name="NotificationService" errors="0" failures="2" skipped="0" timestamp="2025-03-08T11:28:05" time="15.991" tests="2">
    <testcase classname="NotificationService &gt; sendAlertEmail" name="アラートメールを正常に送信できること" time="0.064">
      <failure>TypeError: db.initialize is not a function
    at Object.&lt;anonymous&gt; (C:\kitting\ITManagementSystem\03_実装\it-ops-system\backend\src\tests\setup.ts:21:14)
    at Promise.then.completed (C:\kitting\ITManagementSystem\03_実装\it-ops-system\backend\node_modules\jest-circus\build\utils.js:298:28)
    at new Promise (&lt;anonymous&gt;)
    at callAsyncCircusFn (C:\kitting\ITManagementSystem\03_実装\it-ops-system\backend\node_modules\jest-circus\build\utils.js:231:10)
    at _callCircusHook (C:\kitting\ITManagementSystem\03_実装\it-ops-system\backend\node_modules\jest-circus\build\run.js:281:40)
    at processTicksAndRejections (node:internal/process/task_queues:105:5)
    at _runTestsForDescribeBlock (C:\kitting\ITManagementSystem\03_実装\it-ops-system\backend\node_modules\jest-circus\build\run.js:95:7)
    at run (C:\kitting\ITManagementSystem\03_実装\it-ops-system\backend\node_modules\jest-circus\build\run.js:71:3)
    at runAndTransformResultsToJestFormat (C:\kitting\ITManagementSystem\03_実装\it-ops-system\backend\node_modules\jest-circus\build\legacy-code-todo-rewrite\jestAdapterInit.js:122:21)
    at jestAdapter (C:\kitting\ITManagementSystem\03_実装\it-ops-system\backend\node_modules\jest-circus\build\legacy-code-todo-rewrite\jestAdapter.js:79:19)
    at runTestInternal (C:\kitting\ITManagementSystem\03_実装\it-ops-system\backend\node_modules\jest-runner\build\runTest.js:367:16)
    at runTest (C:\kitting\ITManagementSystem\03_実装\it-ops-system\backend\node_modules\jest-runner\build\runTest.js:444:34)
    at Object.worker (C:\kitting\ITManagementSystem\03_実装\it-ops-system\backend\node_modules\jest-runner\build\testWorker.js:106:12)</failure>
    </testcase>
    <testcase classname="NotificationService &gt; sendAlertEmail" name="受信者が設定されていない場合は送信をスキップすること" time="0">
      <failure>TypeError: db.initialize is not a function
    at Object.&lt;anonymous&gt; (C:\kitting\ITManagementSystem\03_実装\it-ops-system\backend\src\tests\setup.ts:21:14)
    at Promise.then.completed (C:\kitting\ITManagementSystem\03_実装\it-ops-system\backend\node_modules\jest-circus\build\utils.js:298:28)
    at new Promise (&lt;anonymous&gt;)
    at callAsyncCircusFn (C:\kitting\ITManagementSystem\03_実装\it-ops-system\backend\node_modules\jest-circus\build\utils.js:231:10)
    at _callCircusHook (C:\kitting\ITManagementSystem\03_実装\it-ops-system\backend\node_modules\jest-circus\build\run.js:281:40)
    at processTicksAndRejections (node:internal/process/task_queues:105:5)
    at _runTestsForDescribeBlock (C:\kitting\ITManagementSystem\03_実装\it-ops-system\backend\node_modules\jest-circus\build\run.js:95:7)
    at run (C:\kitting\ITManagementSystem\03_実装\it-ops-system\backend\node_modules\jest-circus\build\run.js:71:3)
    at runAndTransformResultsToJestFormat (C:\kitting\ITManagementSystem\03_実装\it-ops-system\backend\node_modules\jest-circus\build\legacy-code-todo-rewrite\jestAdapterInit.js:122:21)
    at jestAdapter (C:\kitting\ITManagementSystem\03_実装\it-ops-system\backend\node_modules\jest-circus\build\legacy-code-todo-rewrite\jestAdapter.js:79:19)
    at runTestInternal (C:\kitting\ITManagementSystem\03_実装\it-ops-system\backend\node_modules\jest-runner\build\runTest.js:367:16)
    at runTest (C:\kitting\ITManagementSystem\03_実装\it-ops-system\backend\node_modules\jest-runner\build\runTest.js:444:34)
    at Object.worker (C:\kitting\ITManagementSystem\03_実装\it-ops-system\backend\node_modules\jest-runner\build\testWorker.js:106:12)</failure>
    </testcase>
  </testsuite>
  <testsuite name="Basic Test Setup" errors="0" failures="2" skipped="0" timestamp="2025-03-08T11:28:21" time="0.557" tests="2">
    <testcase classname="Basic Test Setup" name="should run a basic test" time="0">
      <failure>TypeError: db.initialize is not a function
    at Object.&lt;anonymous&gt; (C:\kitting\ITManagementSystem\03_実装\it-ops-system\backend\src\tests\setup.ts:21:14)
    at Promise.then.completed (C:\kitting\ITManagementSystem\03_実装\it-ops-system\backend\node_modules\jest-circus\build\utils.js:298:28)
    at new Promise (&lt;anonymous&gt;)
    at callAsyncCircusFn (C:\kitting\ITManagementSystem\03_実装\it-ops-system\backend\node_modules\jest-circus\build\utils.js:231:10)
    at _callCircusHook (C:\kitting\ITManagementSystem\03_実装\it-ops-system\backend\node_modules\jest-circus\build\run.js:281:40)
    at processTicksAndRejections (node:internal/process/task_queues:105:5)
    at _runTestsForDescribeBlock (C:\kitting\ITManagementSystem\03_実装\it-ops-system\backend\node_modules\jest-circus\build\run.js:95:7)
    at run (C:\kitting\ITManagementSystem\03_実装\it-ops-system\backend\node_modules\jest-circus\build\run.js:71:3)
    at runAndTransformResultsToJestFormat (C:\kitting\ITManagementSystem\03_実装\it-ops-system\backend\node_modules\jest-circus\build\legacy-code-todo-rewrite\jestAdapterInit.js:122:21)
    at jestAdapter (C:\kitting\ITManagementSystem\03_実装\it-ops-system\backend\node_modules\jest-circus\build\legacy-code-todo-rewrite\jestAdapter.js:79:19)
    at runTestInternal (C:\kitting\ITManagementSystem\03_実装\it-ops-system\backend\node_modules\jest-runner\build\runTest.js:367:16)
    at runTest (C:\kitting\ITManagementSystem\03_実装\it-ops-system\backend\node_modules\jest-runner\build\runTest.js:444:34)
    at Object.worker (C:\kitting\ITManagementSystem\03_実装\it-ops-system\backend\node_modules\jest-runner\build\testWorker.js:106:12)</failure>
    </testcase>
    <testcase classname="Basic Test Setup" name="should properly type check SystemMetrics" time="0">
      <failure>TypeError: db.initialize is not a function
    at Object.&lt;anonymous&gt; (C:\kitting\ITManagementSystem\03_実装\it-ops-system\backend\src\tests\setup.ts:21:14)
    at Promise.then.completed (C:\kitting\ITManagementSystem\03_実装\it-ops-system\backend\node_modules\jest-circus\build\utils.js:298:28)
    at new Promise (&lt;anonymous&gt;)
    at callAsyncCircusFn (C:\kitting\ITManagementSystem\03_実装\it-ops-system\backend\node_modules\jest-circus\build\utils.js:231:10)
    at _callCircusHook (C:\kitting\ITManagementSystem\03_実装\it-ops-system\backend\node_modules\jest-circus\build\run.js:281:40)
    at processTicksAndRejections (node:internal/process/task_queues:105:5)
    at _runTestsForDescribeBlock (C:\kitting\ITManagementSystem\03_実装\it-ops-system\backend\node_modules\jest-circus\build\run.js:95:7)
    at run (C:\kitting\ITManagementSystem\03_実装\it-ops-system\backend\node_modules\jest-circus\build\run.js:71:3)
    at runAndTransformResultsToJestFormat (C:\kitting\ITManagementSystem\03_実装\it-ops-system\backend\node_modules\jest-circus\build\legacy-code-todo-rewrite\jestAdapterInit.js:122:21)
    at jestAdapter (C:\kitting\ITManagementSystem\03_実装\it-ops-system\backend\node_modules\jest-circus\build\legacy-code-todo-rewrite\jestAdapter.js:79:19)
    at runTestInternal (C:\kitting\ITManagementSystem\03_実装\it-ops-system\backend\node_modules\jest-runner\build\runTest.js:367:16)
    at runTest (C:\kitting\ITManagementSystem\03_実装\it-ops-system\backend\node_modules\jest-runner\build\runTest.js:444:34)
    at Object.worker (C:\kitting\ITManagementSystem\03_実装\it-ops-system\backend\node_modules\jest-runner\build\testWorker.js:106:12)</failure>
    </testcase>
  </testsuite>
  <testsuite name="AuditMetricsService" errors="0" failures="7" skipped="0" timestamp="2025-03-08T11:28:04" time="15.773" tests="7">
    <testcase classname="AuditMetricsService &gt; recordMetric" name="メトリクスを正常に記録できること" time="0.025">
      <failure>TypeError: Cannot read properties of undefined (reading &apos;initialize&apos;)
    at Object.&lt;anonymous&gt; (C:\kitting\ITManagementSystem\03_実装\it-ops-system\backend\src\tests\setup.ts:21:14)
    at Promise.then.completed (C:\kitting\ITManagementSystem\03_実装\it-ops-system\backend\node_modules\jest-circus\build\utils.js:298:28)
    at new Promise (&lt;anonymous&gt;)
    at callAsyncCircusFn (C:\kitting\ITManagementSystem\03_実装\it-ops-system\backend\node_modules\jest-circus\build\utils.js:231:10)
    at _callCircusHook (C:\kitting\ITManagementSystem\03_実装\it-ops-system\backend\node_modules\jest-circus\build\run.js:281:40)
    at processTicksAndRejections (node:internal/process/task_queues:105:5)
    at _runTestsForDescribeBlock (C:\kitting\ITManagementSystem\03_実装\it-ops-system\backend\node_modules\jest-circus\build\run.js:95:7)
    at run (C:\kitting\ITManagementSystem\03_実装\it-ops-system\backend\node_modules\jest-circus\build\run.js:71:3)
    at runAndTransformResultsToJestFormat (C:\kitting\ITManagementSystem\03_実装\it-ops-system\backend\node_modules\jest-circus\build\legacy-code-todo-rewrite\jestAdapterInit.js:122:21)
    at jestAdapter (C:\kitting\ITManagementSystem\03_実装\it-ops-system\backend\node_modules\jest-circus\build\legacy-code-todo-rewrite\jestAdapter.js:79:19)
    at runTestInternal (C:\kitting\ITManagementSystem\03_実装\it-ops-system\backend\node_modules\jest-runner\build\runTest.js:367:16)
    at runTest (C:\kitting\ITManagementSystem\03_実装\it-ops-system\backend\node_modules\jest-runner\build\runTest.js:444:34)
    at Object.worker (C:\kitting\ITManagementSystem\03_実装\it-ops-system\backend\node_modules\jest-runner\build\testWorker.js:106:12)</failure>
    </testcase>
    <testcase classname="AuditMetricsService &gt; recordMetric" name="ラベルなしでメトリクスを記録できること" time="0.001">
      <failure>TypeError: Cannot read properties of undefined (reading &apos;initialize&apos;)
    at Object.&lt;anonymous&gt; (C:\kitting\ITManagementSystem\03_実装\it-ops-system\backend\src\tests\setup.ts:21:14)
    at Promise.then.completed (C:\kitting\ITManagementSystem\03_実装\it-ops-system\backend\node_modules\jest-circus\build\utils.js:298:28)
    at new Promise (&lt;anonymous&gt;)
    at callAsyncCircusFn (C:\kitting\ITManagementSystem\03_実装\it-ops-system\backend\node_modules\jest-circus\build\utils.js:231:10)
    at _callCircusHook (C:\kitting\ITManagementSystem\03_実装\it-ops-system\backend\node_modules\jest-circus\build\run.js:281:40)
    at processTicksAndRejections (node:internal/process/task_queues:105:5)
    at _runTestsForDescribeBlock (C:\kitting\ITManagementSystem\03_実装\it-ops-system\backend\node_modules\jest-circus\build\run.js:95:7)
    at run (C:\kitting\ITManagementSystem\03_実装\it-ops-system\backend\node_modules\jest-circus\build\run.js:71:3)
    at runAndTransformResultsToJestFormat (C:\kitting\ITManagementSystem\03_実装\it-ops-system\backend\node_modules\jest-circus\build\legacy-code-todo-rewrite\jestAdapterInit.js:122:21)
    at jestAdapter (C:\kitting\ITManagementSystem\03_実装\it-ops-system\backend\node_modules\jest-circus\build\legacy-code-todo-rewrite\jestAdapter.js:79:19)
    at runTestInternal (C:\kitting\ITManagementSystem\03_実装\it-ops-system\backend\node_modules\jest-runner\build\runTest.js:367:16)
    at runTest (C:\kitting\ITManagementSystem\03_実装\it-ops-system\backend\node_modules\jest-runner\build\runTest.js:444:34)
    at Object.worker (C:\kitting\ITManagementSystem\03_実装\it-ops-system\backend\node_modules\jest-runner\build\testWorker.js:106:12)</failure>
    </testcase>
    <testcase classname="AuditMetricsService &gt; recordMetric" name="エラー時に例外をスローすること" time="0.002">
      <failure>TypeError: Cannot read properties of undefined (reading &apos;initialize&apos;)
    at Object.&lt;anonymous&gt; (C:\kitting\ITManagementSystem\03_実装\it-ops-system\backend\src\tests\setup.ts:21:14)
    at Promise.then.completed (C:\kitting\ITManagementSystem\03_実装\it-ops-system\backend\node_modules\jest-circus\build\utils.js:298:28)
    at new Promise (&lt;anonymous&gt;)
    at callAsyncCircusFn (C:\kitting\ITManagementSystem\03_実装\it-ops-system\backend\node_modules\jest-circus\build\utils.js:231:10)
    at _callCircusHook (C:\kitting\ITManagementSystem\03_実装\it-ops-system\backend\node_modules\jest-circus\build\run.js:281:40)
    at processTicksAndRejections (node:internal/process/task_queues:105:5)
    at _runTestsForDescribeBlock (C:\kitting\ITManagementSystem\03_実装\it-ops-system\backend\node_modules\jest-circus\build\run.js:95:7)
    at run (C:\kitting\ITManagementSystem\03_実装\it-ops-system\backend\node_modules\jest-circus\build\run.js:71:3)
    at runAndTransformResultsToJestFormat (C:\kitting\ITManagementSystem\03_実装\it-ops-system\backend\node_modules\jest-circus\build\legacy-code-todo-rewrite\jestAdapterInit.js:122:21)
    at jestAdapter (C:\kitting\ITManagementSystem\03_実装\it-ops-system\backend\node_modules\jest-circus\build\legacy-code-todo-rewrite\jestAdapter.js:79:19)
    at runTestInternal (C:\kitting\ITManagementSystem\03_実装\it-ops-system\backend\node_modules\jest-runner\build\runTest.js:367:16)
    at runTest (C:\kitting\ITManagementSystem\03_実装\it-ops-system\backend\node_modules\jest-runner\build\runTest.js:444:34)
    at Object.worker (C:\kitting\ITManagementSystem\03_実装\it-ops-system\backend\node_modules\jest-runner\build\testWorker.js:106:12)</failure>
    </testcase>
    <testcase classname="AuditMetricsService &gt; getMetrics" name="指定された期間のメトリクスを取得できること" time="0">
      <failure>TypeError: Cannot read properties of undefined (reading &apos;initialize&apos;)
    at Object.&lt;anonymous&gt; (C:\kitting\ITManagementSystem\03_実装\it-ops-system\backend\src\tests\setup.ts:21:14)
    at Promise.then.completed (C:\kitting\ITManagementSystem\03_実装\it-ops-system\backend\node_modules\jest-circus\build\utils.js:298:28)
    at new Promise (&lt;anonymous&gt;)
    at callAsyncCircusFn (C:\kitting\ITManagementSystem\03_実装\it-ops-system\backend\node_modules\jest-circus\build\utils.js:231:10)
    at _callCircusHook (C:\kitting\ITManagementSystem\03_実装\it-ops-system\backend\node_modules\jest-circus\build\run.js:281:40)
    at processTicksAndRejections (node:internal/process/task_queues:105:5)
    at _runTestsForDescribeBlock (C:\kitting\ITManagementSystem\03_実装\it-ops-system\backend\node_modules\jest-circus\build\run.js:95:7)
    at run (C:\kitting\ITManagementSystem\03_実装\it-ops-system\backend\node_modules\jest-circus\build\run.js:71:3)
    at runAndTransformResultsToJestFormat (C:\kitting\ITManagementSystem\03_実装\it-ops-system\backend\node_modules\jest-circus\build\legacy-code-todo-rewrite\jestAdapterInit.js:122:21)
    at jestAdapter (C:\kitting\ITManagementSystem\03_実装\it-ops-system\backend\node_modules\jest-circus\build\legacy-code-todo-rewrite\jestAdapter.js:79:19)
    at runTestInternal (C:\kitting\ITManagementSystem\03_実装\it-ops-system\backend\node_modules\jest-runner\build\runTest.js:367:16)
    at runTest (C:\kitting\ITManagementSystem\03_実装\it-ops-system\backend\node_modules\jest-runner\build\runTest.js:444:34)
    at Object.worker (C:\kitting\ITManagementSystem\03_実装\it-ops-system\backend\node_modules\jest-runner\build\testWorker.js:106:12)</failure>
    </testcase>
    <testcase classname="AuditMetricsService &gt; getMetrics" name="期間指定なしでメトリクスを取得できること" time="0">
      <failure>TypeError: Cannot read properties of undefined (reading &apos;initialize&apos;)
    at Object.&lt;anonymous&gt; (C:\kitting\ITManagementSystem\03_実装\it-ops-system\backend\src\tests\setup.ts:21:14)
    at Promise.then.completed (C:\kitting\ITManagementSystem\03_実装\it-ops-system\backend\node_modules\jest-circus\build\utils.js:298:28)
    at new Promise (&lt;anonymous&gt;)
    at callAsyncCircusFn (C:\kitting\ITManagementSystem\03_実装\it-ops-system\backend\node_modules\jest-circus\build\utils.js:231:10)
    at _callCircusHook (C:\kitting\ITManagementSystem\03_実装\it-ops-system\backend\node_modules\jest-circus\build\run.js:281:40)
    at processTicksAndRejections (node:internal/process/task_queues:105:5)
    at _runTestsForDescribeBlock (C:\kitting\ITManagementSystem\03_実装\it-ops-system\backend\node_modules\jest-circus\build\run.js:95:7)
    at run (C:\kitting\ITManagementSystem\03_実装\it-ops-system\backend\node_modules\jest-circus\build\run.js:71:3)
    at runAndTransformResultsToJestFormat (C:\kitting\ITManagementSystem\03_実装\it-ops-system\backend\node_modules\jest-circus\build\legacy-code-todo-rewrite\jestAdapterInit.js:122:21)
    at jestAdapter (C:\kitting\ITManagementSystem\03_実装\it-ops-system\backend\node_modules\jest-circus\build\legacy-code-todo-rewrite\jestAdapter.js:79:19)
    at runTestInternal (C:\kitting\ITManagementSystem\03_実装\it-ops-system\backend\node_modules\jest-runner\build\runTest.js:367:16)
    at runTest (C:\kitting\ITManagementSystem\03_実装\it-ops-system\backend\node_modules\jest-runner\build\runTest.js:444:34)
    at Object.worker (C:\kitting\ITManagementSystem\03_実装\it-ops-system\backend\node_modules\jest-runner\build\testWorker.js:106:12)</failure>
    </testcase>
    <testcase classname="AuditMetricsService &gt; getAggregatedMetrics" name="メトリクスの集計を実行できること" time="0">
      <failure>TypeError: Cannot read properties of undefined (reading &apos;initialize&apos;)
    at Object.&lt;anonymous&gt; (C:\kitting\ITManagementSystem\03_実装\it-ops-system\backend\src\tests\setup.ts:21:14)
    at Promise.then.completed (C:\kitting\ITManagementSystem\03_実装\it-ops-system\backend\node_modules\jest-circus\build\utils.js:298:28)
    at new Promise (&lt;anonymous&gt;)
    at callAsyncCircusFn (C:\kitting\ITManagementSystem\03_実装\it-ops-system\backend\node_modules\jest-circus\build\utils.js:231:10)
    at _callCircusHook (C:\kitting\ITManagementSystem\03_実装\it-ops-system\backend\node_modules\jest-circus\build\run.js:281:40)
    at processTicksAndRejections (node:internal/process/task_queues:105:5)
    at _runTestsForDescribeBlock (C:\kitting\ITManagementSystem\03_実装\it-ops-system\backend\node_modules\jest-circus\build\run.js:95:7)
    at run (C:\kitting\ITManagementSystem\03_実装\it-ops-system\backend\node_modules\jest-circus\build\run.js:71:3)
    at runAndTransformResultsToJestFormat (C:\kitting\ITManagementSystem\03_実装\it-ops-system\backend\node_modules\jest-circus\build\legacy-code-todo-rewrite\jestAdapterInit.js:122:21)
    at jestAdapter (C:\kitting\ITManagementSystem\03_実装\it-ops-system\backend\node_modules\jest-circus\build\legacy-code-todo-rewrite\jestAdapter.js:79:19)
    at runTestInternal (C:\kitting\ITManagementSystem\03_実装\it-ops-system\backend\node_modules\jest-runner\build\runTest.js:367:16)
    at runTest (C:\kitting\ITManagementSystem\03_実装\it-ops-system\backend\node_modules\jest-runner\build\runTest.js:444:34)
    at Object.worker (C:\kitting\ITManagementSystem\03_実装\it-ops-system\backend\node_modules\jest-runner\build\testWorker.js:106:12)</failure>
    </testcase>
    <testcase classname="AuditMetricsService &gt; getAggregatedMetrics" name="ラベルフィルターで集計できること" time="0">
      <failure>TypeError: Cannot read properties of undefined (reading &apos;initialize&apos;)
    at Object.&lt;anonymous&gt; (C:\kitting\ITManagementSystem\03_実装\it-ops-system\backend\src\tests\setup.ts:21:14)
    at Promise.then.completed (C:\kitting\ITManagementSystem\03_実装\it-ops-system\backend\node_modules\jest-circus\build\utils.js:298:28)
    at new Promise (&lt;anonymous&gt;)
    at callAsyncCircusFn (C:\kitting\ITManagementSystem\03_実装\it-ops-system\backend\node_modules\jest-circus\build\utils.js:231:10)
    at _callCircusHook (C:\kitting\ITManagementSystem\03_実装\it-ops-system\backend\node_modules\jest-circus\build\run.js:281:40)
    at processTicksAndRejections (node:internal/process/task_queues:105:5)
    at _runTestsForDescribeBlock (C:\kitting\ITManagementSystem\03_実装\it-ops-system\backend\node_modules\jest-circus\build\run.js:95:7)
    at run (C:\kitting\ITManagementSystem\03_実装\it-ops-system\backend\node_modules\jest-circus\build\run.js:71:3)
    at runAndTransformResultsToJestFormat (C:\kitting\ITManagementSystem\03_実装\it-ops-system\backend\node_modules\jest-circus\build\legacy-code-todo-rewrite\jestAdapterInit.js:122:21)
    at jestAdapter (C:\kitting\ITManagementSystem\03_実装\it-ops-system\backend\node_modules\jest-circus\build\legacy-code-todo-rewrite\jestAdapter.js:79:19)
    at runTestInternal (C:\kitting\ITManagementSystem\03_実装\it-ops-system\backend\node_modules\jest-runner\build\runTest.js:367:16)
    at runTest (C:\kitting\ITManagementSystem\03_実装\it-ops-system\backend\node_modules\jest-runner\build\runTest.js:444:34)
    at Object.worker (C:\kitting\ITManagementSystem\03_実装\it-ops-system\backend\node_modules\jest-runner\build\testWorker.js:106:12)</failure>
    </testcase>
  </testsuite>
  <testsuite name="権限変更監査セキュリティテスト" errors="0" failures="11" skipped="0" timestamp="2025-03-08T11:28:04" time="16.587" tests="11">
    <testcase classname="権限変更監査セキュリティテスト &gt; 権限チェック" name="権限のないユーザーによる監査記録の取得を拒否" time="0.017">
      <failure>TypeError: db.initialize is not a function
    at Object.&lt;anonymous&gt; (C:\kitting\ITManagementSystem\03_実装\it-ops-system\backend\src\tests\setup.ts:21:14)
    at Promise.then.completed (C:\kitting\ITManagementSystem\03_実装\it-ops-system\backend\node_modules\jest-circus\build\utils.js:298:28)
    at new Promise (&lt;anonymous&gt;)
    at callAsyncCircusFn (C:\kitting\ITManagementSystem\03_実装\it-ops-system\backend\node_modules\jest-circus\build\utils.js:231:10)
    at _callCircusHook (C:\kitting\ITManagementSystem\03_実装\it-ops-system\backend\node_modules\jest-circus\build\run.js:281:40)
    at processTicksAndRejections (node:internal/process/task_queues:105:5)
    at _runTestsForDescribeBlock (C:\kitting\ITManagementSystem\03_実装\it-ops-system\backend\node_modules\jest-circus\build\run.js:95:7)
    at run (C:\kitting\ITManagementSystem\03_実装\it-ops-system\backend\node_modules\jest-circus\build\run.js:71:3)
    at runAndTransformResultsToJestFormat (C:\kitting\ITManagementSystem\03_実装\it-ops-system\backend\node_modules\jest-circus\build\legacy-code-todo-rewrite\jestAdapterInit.js:122:21)
    at jestAdapter (C:\kitting\ITManagementSystem\03_実装\it-ops-system\backend\node_modules\jest-circus\build\legacy-code-todo-rewrite\jestAdapter.js:79:19)
    at runTestInternal (C:\kitting\ITManagementSystem\03_実装\it-ops-system\backend\node_modules\jest-runner\build\runTest.js:367:16)
    at runTest (C:\kitting\ITManagementSystem\03_実装\it-ops-system\backend\node_modules\jest-runner\build\runTest.js:444:34)
    at Object.worker (C:\kitting\ITManagementSystem\03_実装\it-ops-system\backend\node_modules\jest-runner\build\testWorker.js:106:12)</failure>
    </testcase>
    <testcase classname="権限変更監査セキュリティテスト &gt; 権限チェック" name="権限のないユーザーによるレビュー操作を拒否" time="0">
      <failure>TypeError: db.initialize is not a function
    at Object.&lt;anonymous&gt; (C:\kitting\ITManagementSystem\03_実装\it-ops-system\backend\src\tests\setup.ts:21:14)
    at Promise.then.completed (C:\kitting\ITManagementSystem\03_実装\it-ops-system\backend\node_modules\jest-circus\build\utils.js:298:28)
    at new Promise (&lt;anonymous&gt;)
    at callAsyncCircusFn (C:\kitting\ITManagementSystem\03_実装\it-ops-system\backend\node_modules\jest-circus\build\utils.js:231:10)
    at _callCircusHook (C:\kitting\ITManagementSystem\03_実装\it-ops-system\backend\node_modules\jest-circus\build\run.js:281:40)
    at processTicksAndRejections (node:internal/process/task_queues:105:5)
    at _runTestsForDescribeBlock (C:\kitting\ITManagementSystem\03_実装\it-ops-system\backend\node_modules\jest-circus\build\run.js:95:7)
    at run (C:\kitting\ITManagementSystem\03_実装\it-ops-system\backend\node_modules\jest-circus\build\run.js:71:3)
    at runAndTransformResultsToJestFormat (C:\kitting\ITManagementSystem\03_実装\it-ops-system\backend\node_modules\jest-circus\build\legacy-code-todo-rewrite\jestAdapterInit.js:122:21)
    at jestAdapter (C:\kitting\ITManagementSystem\03_実装\it-ops-system\backend\node_modules\jest-circus\build\legacy-code-todo-rewrite\jestAdapter.js:79:19)
    at runTestInternal (C:\kitting\ITManagementSystem\03_実装\it-ops-system\backend\node_modules\jest-runner\build\runTest.js:367:16)
    at runTest (C:\kitting\ITManagementSystem\03_実装\it-ops-system\backend\node_modules\jest-runner\build\runTest.js:444:34)
    at Object.worker (C:\kitting\ITManagementSystem\03_実装\it-ops-system\backend\node_modules\jest-runner\build\testWorker.js:106:12)</failure>
    </testcase>
    <testcase classname="権限変更監査セキュリティテスト &gt; 入力値の検証とサニタイズ" name="SQLインジェクション攻撃を防止" time="0.001">
      <failure>TypeError: db.initialize is not a function
    at Object.&lt;anonymous&gt; (C:\kitting\ITManagementSystem\03_実装\it-ops-system\backend\src\tests\setup.ts:21:14)
    at Promise.then.completed (C:\kitting\ITManagementSystem\03_実装\it-ops-system\backend\node_modules\jest-circus\build\utils.js:298:28)
    at new Promise (&lt;anonymous&gt;)
    at callAsyncCircusFn (C:\kitting\ITManagementSystem\03_実装\it-ops-system\backend\node_modules\jest-circus\build\utils.js:231:10)
    at _callCircusHook (C:\kitting\ITManagementSystem\03_実装\it-ops-system\backend\node_modules\jest-circus\build\run.js:281:40)
    at processTicksAndRejections (node:internal/process/task_queues:105:5)
    at _runTestsForDescribeBlock (C:\kitting\ITManagementSystem\03_実装\it-ops-system\backend\node_modules\jest-circus\build\run.js:95:7)
    at run (C:\kitting\ITManagementSystem\03_実装\it-ops-system\backend\node_modules\jest-circus\build\run.js:71:3)
    at runAndTransformResultsToJestFormat (C:\kitting\ITManagementSystem\03_実装\it-ops-system\backend\node_modules\jest-circus\build\legacy-code-todo-rewrite\jestAdapterInit.js:122:21)
    at jestAdapter (C:\kitting\ITManagementSystem\03_実装\it-ops-system\backend\node_modules\jest-circus\build\legacy-code-todo-rewrite\jestAdapter.js:79:19)
    at runTestInternal (C:\kitting\ITManagementSystem\03_実装\it-ops-system\backend\node_modules\jest-runner\build\runTest.js:367:16)
    at runTest (C:\kitting\ITManagementSystem\03_実装\it-ops-system\backend\node_modules\jest-runner\build\runTest.js:444:34)
    at Object.worker (C:\kitting\ITManagementSystem\03_実装\it-ops-system\backend\node_modules\jest-runner\build\testWorker.js:106:12)</failure>
    </testcase>
    <testcase classname="権限変更監査セキュリティテスト &gt; 入力値の検証とサニタイズ" name="XSSペイロードを無害化" time="0.001">
      <failure>TypeError: db.initialize is not a function
    at Object.&lt;anonymous&gt; (C:\kitting\ITManagementSystem\03_実装\it-ops-system\backend\src\tests\setup.ts:21:14)
    at Promise.then.completed (C:\kitting\ITManagementSystem\03_実装\it-ops-system\backend\node_modules\jest-circus\build\utils.js:298:28)
    at new Promise (&lt;anonymous&gt;)
    at callAsyncCircusFn (C:\kitting\ITManagementSystem\03_実装\it-ops-system\backend\node_modules\jest-circus\build\utils.js:231:10)
    at _callCircusHook (C:\kitting\ITManagementSystem\03_実装\it-ops-system\backend\node_modules\jest-circus\build\run.js:281:40)
    at processTicksAndRejections (node:internal/process/task_queues:105:5)
    at _runTestsForDescribeBlock (C:\kitting\ITManagementSystem\03_実装\it-ops-system\backend\node_modules\jest-circus\build\run.js:95:7)
    at run (C:\kitting\ITManagementSystem\03_実装\it-ops-system\backend\node_modules\jest-circus\build\run.js:71:3)
    at runAndTransformResultsToJestFormat (C:\kitting\ITManagementSystem\03_実装\it-ops-system\backend\node_modules\jest-circus\build\legacy-code-todo-rewrite\jestAdapterInit.js:122:21)
    at jestAdapter (C:\kitting\ITManagementSystem\03_実装\it-ops-system\backend\node_modules\jest-circus\build\legacy-code-todo-rewrite\jestAdapter.js:79:19)
    at runTestInternal (C:\kitting\ITManagementSystem\03_実装\it-ops-system\backend\node_modules\jest-runner\build\runTest.js:367:16)
    at runTest (C:\kitting\ITManagementSystem\03_実装\it-ops-system\backend\node_modules\jest-runner\build\runTest.js:444:34)
    at Object.worker (C:\kitting\ITManagementSystem\03_実装\it-ops-system\backend\node_modules\jest-runner\build\testWorker.js:106:12)</failure>
    </testcase>
    <testcase classname="権限変更監査セキュリティテスト &gt; セッションとトークンの検証" name="無効なセッションでのアクセスを拒否" time="0.002">
      <failure>TypeError: db.initialize is not a function
    at Object.&lt;anonymous&gt; (C:\kitting\ITManagementSystem\03_実装\it-ops-system\backend\src\tests\setup.ts:21:14)
    at Promise.then.completed (C:\kitting\ITManagementSystem\03_実装\it-ops-system\backend\node_modules\jest-circus\build\utils.js:298:28)
    at new Promise (&lt;anonymous&gt;)
    at callAsyncCircusFn (C:\kitting\ITManagementSystem\03_実装\it-ops-system\backend\node_modules\jest-circus\build\utils.js:231:10)
    at _callCircusHook (C:\kitting\ITManagementSystem\03_実装\it-ops-system\backend\node_modules\jest-circus\build\run.js:281:40)
    at processTicksAndRejections (node:internal/process/task_queues:105:5)
    at _runTestsForDescribeBlock (C:\kitting\ITManagementSystem\03_実装\it-ops-system\backend\node_modules\jest-circus\build\run.js:95:7)
    at run (C:\kitting\ITManagementSystem\03_実装\it-ops-system\backend\node_modules\jest-circus\build\run.js:71:3)
    at runAndTransformResultsToJestFormat (C:\kitting\ITManagementSystem\03_実装\it-ops-system\backend\node_modules\jest-circus\build\legacy-code-todo-rewrite\jestAdapterInit.js:122:21)
    at jestAdapter (C:\kitting\ITManagementSystem\03_実装\it-ops-system\backend\node_modules\jest-circus\build\legacy-code-todo-rewrite\jestAdapter.js:79:19)
    at runTestInternal (C:\kitting\ITManagementSystem\03_実装\it-ops-system\backend\node_modules\jest-runner\build\runTest.js:367:16)
    at runTest (C:\kitting\ITManagementSystem\03_実装\it-ops-system\backend\node_modules\jest-runner\build\runTest.js:444:34)
    at Object.worker (C:\kitting\ITManagementSystem\03_実装\it-ops-system\backend\node_modules\jest-runner\build\testWorker.js:106:12)</failure>
    </testcase>
    <testcase classname="権限変更監査セキュリティテスト &gt; セッションとトークンの検証" name="期限切れトークンでのアクセスを拒否" time="0">
      <failure>TypeError: db.initialize is not a function
    at Object.&lt;anonymous&gt; (C:\kitting\ITManagementSystem\03_実装\it-ops-system\backend\src\tests\setup.ts:21:14)
    at Promise.then.completed (C:\kitting\ITManagementSystem\03_実装\it-ops-system\backend\node_modules\jest-circus\build\utils.js:298:28)
    at new Promise (&lt;anonymous&gt;)
    at callAsyncCircusFn (C:\kitting\ITManagementSystem\03_実装\it-ops-system\backend\node_modules\jest-circus\build\utils.js:231:10)
    at _callCircusHook (C:\kitting\ITManagementSystem\03_実装\it-ops-system\backend\node_modules\jest-circus\build\run.js:281:40)
    at processTicksAndRejections (node:internal/process/task_queues:105:5)
    at _runTestsForDescribeBlock (C:\kitting\ITManagementSystem\03_実装\it-ops-system\backend\node_modules\jest-circus\build\run.js:95:7)
    at run (C:\kitting\ITManagementSystem\03_実装\it-ops-system\backend\node_modules\jest-circus\build\run.js:71:3)
    at runAndTransformResultsToJestFormat (C:\kitting\ITManagementSystem\03_実装\it-ops-system\backend\node_modules\jest-circus\build\legacy-code-todo-rewrite\jestAdapterInit.js:122:21)
    at jestAdapter (C:\kitting\ITManagementSystem\03_実装\it-ops-system\backend\node_modules\jest-circus\build\legacy-code-todo-rewrite\jestAdapter.js:79:19)
    at runTestInternal (C:\kitting\ITManagementSystem\03_実装\it-ops-system\backend\node_modules\jest-runner\build\runTest.js:367:16)
    at runTest (C:\kitting\ITManagementSystem\03_実装\it-ops-system\backend\node_modules\jest-runner\build\runTest.js:444:34)
    at Object.worker (C:\kitting\ITManagementSystem\03_実装\it-ops-system\backend\node_modules\jest-runner\build\testWorker.js:106:12)</failure>
    </testcase>
    <testcase classname="権限変更監査セキュリティテスト &gt; 監査ログのセキュリティ" name="機密情報が適切にマスクされていることを確認" time="0.001">
      <failure>TypeError: db.initialize is not a function
    at Object.&lt;anonymous&gt; (C:\kitting\ITManagementSystem\03_実装\it-ops-system\backend\src\tests\setup.ts:21:14)
    at Promise.then.completed (C:\kitting\ITManagementSystem\03_実装\it-ops-system\backend\node_modules\jest-circus\build\utils.js:298:28)
    at new Promise (&lt;anonymous&gt;)
    at callAsyncCircusFn (C:\kitting\ITManagementSystem\03_実装\it-ops-system\backend\node_modules\jest-circus\build\utils.js:231:10)
    at _callCircusHook (C:\kitting\ITManagementSystem\03_実装\it-ops-system\backend\node_modules\jest-circus\build\run.js:281:40)
    at processTicksAndRejections (node:internal/process/task_queues:105:5)
    at _runTestsForDescribeBlock (C:\kitting\ITManagementSystem\03_実装\it-ops-system\backend\node_modules\jest-circus\build\run.js:95:7)
    at run (C:\kitting\ITManagementSystem\03_実装\it-ops-system\backend\node_modules\jest-circus\build\run.js:71:3)
    at runAndTransformResultsToJestFormat (C:\kitting\ITManagementSystem\03_実装\it-ops-system\backend\node_modules\jest-circus\build\legacy-code-todo-rewrite\jestAdapterInit.js:122:21)
    at jestAdapter (C:\kitting\ITManagementSystem\03_実装\it-ops-system\backend\node_modules\jest-circus\build\legacy-code-todo-rewrite\jestAdapter.js:79:19)
    at runTestInternal (C:\kitting\ITManagementSystem\03_実装\it-ops-system\backend\node_modules\jest-runner\build\runTest.js:367:16)
    at runTest (C:\kitting\ITManagementSystem\03_実装\it-ops-system\backend\node_modules\jest-runner\build\runTest.js:444:34)
    at Object.worker (C:\kitting\ITManagementSystem\03_実装\it-ops-system\backend\node_modules\jest-runner\build\testWorker.js:106:12)</failure>
    </testcase>
    <testcase classname="権限変更監査セキュリティテスト &gt; 監査ログのセキュリティ" name="監査ログの改ざんを検知" time="0">
      <failure>TypeError: db.initialize is not a function
    at Object.&lt;anonymous&gt; (C:\kitting\ITManagementSystem\03_実装\it-ops-system\backend\src\tests\setup.ts:21:14)
    at Promise.then.completed (C:\kitting\ITManagementSystem\03_実装\it-ops-system\backend\node_modules\jest-circus\build\utils.js:298:28)
    at new Promise (&lt;anonymous&gt;)
    at callAsyncCircusFn (C:\kitting\ITManagementSystem\03_実装\it-ops-system\backend\node_modules\jest-circus\build\utils.js:231:10)
    at _callCircusHook (C:\kitting\ITManagementSystem\03_実装\it-ops-system\backend\node_modules\jest-circus\build\run.js:281:40)
    at processTicksAndRejections (node:internal/process/task_queues:105:5)
    at _runTestsForDescribeBlock (C:\kitting\ITManagementSystem\03_実装\it-ops-system\backend\node_modules\jest-circus\build\run.js:95:7)
    at run (C:\kitting\ITManagementSystem\03_実装\it-ops-system\backend\node_modules\jest-circus\build\run.js:71:3)
    at runAndTransformResultsToJestFormat (C:\kitting\ITManagementSystem\03_実装\it-ops-system\backend\node_modules\jest-circus\build\legacy-code-todo-rewrite\jestAdapterInit.js:122:21)
    at jestAdapter (C:\kitting\ITManagementSystem\03_実装\it-ops-system\backend\node_modules\jest-circus\build\legacy-code-todo-rewrite\jestAdapter.js:79:19)
    at runTestInternal (C:\kitting\ITManagementSystem\03_実装\it-ops-system\backend\node_modules\jest-runner\build\runTest.js:367:16)
    at runTest (C:\kitting\ITManagementSystem\03_実装\it-ops-system\backend\node_modules\jest-runner\build\runTest.js:444:34)
    at Object.worker (C:\kitting\ITManagementSystem\03_実装\it-ops-system\backend\node_modules\jest-runner\build\testWorker.js:106:12)</failure>
    </testcase>
    <testcase classname="権限変更監査セキュリティテスト &gt; レート制限" name="短時間での大量リクエストを制限" time="0">
      <failure>TypeError: db.initialize is not a function
    at Object.&lt;anonymous&gt; (C:\kitting\ITManagementSystem\03_実装\it-ops-system\backend\src\tests\setup.ts:21:14)
    at Promise.then.completed (C:\kitting\ITManagementSystem\03_実装\it-ops-system\backend\node_modules\jest-circus\build\utils.js:298:28)
    at new Promise (&lt;anonymous&gt;)
    at callAsyncCircusFn (C:\kitting\ITManagementSystem\03_実装\it-ops-system\backend\node_modules\jest-circus\build\utils.js:231:10)
    at _callCircusHook (C:\kitting\ITManagementSystem\03_実装\it-ops-system\backend\node_modules\jest-circus\build\run.js:281:40)
    at processTicksAndRejections (node:internal/process/task_queues:105:5)
    at _runTestsForDescribeBlock (C:\kitting\ITManagementSystem\03_実装\it-ops-system\backend\node_modules\jest-circus\build\run.js:95:7)
    at run (C:\kitting\ITManagementSystem\03_実装\it-ops-system\backend\node_modules\jest-circus\build\run.js:71:3)
    at runAndTransformResultsToJestFormat (C:\kitting\ITManagementSystem\03_実装\it-ops-system\backend\node_modules\jest-circus\build\legacy-code-todo-rewrite\jestAdapterInit.js:122:21)
    at jestAdapter (C:\kitting\ITManagementSystem\03_実装\it-ops-system\backend\node_modules\jest-circus\build\legacy-code-todo-rewrite\jestAdapter.js:79:19)
    at runTestInternal (C:\kitting\ITManagementSystem\03_実装\it-ops-system\backend\node_modules\jest-runner\build\runTest.js:367:16)
    at runTest (C:\kitting\ITManagementSystem\03_実装\it-ops-system\backend\node_modules\jest-runner\build\runTest.js:444:34)
    at Object.worker (C:\kitting\ITManagementSystem\03_実装\it-ops-system\backend\node_modules\jest-runner\build\testWorker.js:106:12)</failure>
    </testcase>
    <testcase classname="権限変更監査セキュリティテスト &gt; データアクセス制御" name="ユーザーは自分に関連する監査ログのみアクセス可能" time="0">
      <failure>TypeError: db.initialize is not a function
    at Object.&lt;anonymous&gt; (C:\kitting\ITManagementSystem\03_実装\it-ops-system\backend\src\tests\setup.ts:21:14)
    at Promise.then.completed (C:\kitting\ITManagementSystem\03_実装\it-ops-system\backend\node_modules\jest-circus\build\utils.js:298:28)
    at new Promise (&lt;anonymous&gt;)
    at callAsyncCircusFn (C:\kitting\ITManagementSystem\03_実装\it-ops-system\backend\node_modules\jest-circus\build\utils.js:231:10)
    at _callCircusHook (C:\kitting\ITManagementSystem\03_実装\it-ops-system\backend\node_modules\jest-circus\build\run.js:281:40)
    at processTicksAndRejections (node:internal/process/task_queues:105:5)
    at _runTestsForDescribeBlock (C:\kitting\ITManagementSystem\03_実装\it-ops-system\backend\node_modules\jest-circus\build\run.js:95:7)
    at run (C:\kitting\ITManagementSystem\03_実装\it-ops-system\backend\node_modules\jest-circus\build\run.js:71:3)
    at runAndTransformResultsToJestFormat (C:\kitting\ITManagementSystem\03_実装\it-ops-system\backend\node_modules\jest-circus\build\legacy-code-todo-rewrite\jestAdapterInit.js:122:21)
    at jestAdapter (C:\kitting\ITManagementSystem\03_実装\it-ops-system\backend\node_modules\jest-circus\build\legacy-code-todo-rewrite\jestAdapter.js:79:19)
    at runTestInternal (C:\kitting\ITManagementSystem\03_実装\it-ops-system\backend\node_modules\jest-runner\build\runTest.js:367:16)
    at runTest (C:\kitting\ITManagementSystem\03_実装\it-ops-system\backend\node_modules\jest-runner\build\runTest.js:444:34)
    at Object.worker (C:\kitting\ITManagementSystem\03_実装\it-ops-system\backend\node_modules\jest-runner\build\testWorker.js:106:12)</failure>
    </testcase>
    <testcase classname="権限変更監査セキュリティテスト &gt; セキュリティヘッダー" name="適切なセキュリティヘッダーが設定されていることを確認" time="0">
      <failure>TypeError: db.initialize is not a function
    at Object.&lt;anonymous&gt; (C:\kitting\ITManagementSystem\03_実装\it-ops-system\backend\src\tests\setup.ts:21:14)
    at Promise.then.completed (C:\kitting\ITManagementSystem\03_実装\it-ops-system\backend\node_modules\jest-circus\build\utils.js:298:28)
    at new Promise (&lt;anonymous&gt;)
    at callAsyncCircusFn (C:\kitting\ITManagementSystem\03_実装\it-ops-system\backend\node_modules\jest-circus\build\utils.js:231:10)
    at _callCircusHook (C:\kitting\ITManagementSystem\03_実装\it-ops-system\backend\node_modules\jest-circus\build\run.js:281:40)
    at processTicksAndRejections (node:internal/process/task_queues:105:5)
    at _runTestsForDescribeBlock (C:\kitting\ITManagementSystem\03_実装\it-ops-system\backend\node_modules\jest-circus\build\run.js:95:7)
    at run (C:\kitting\ITManagementSystem\03_実装\it-ops-system\backend\node_modules\jest-circus\build\run.js:71:3)
    at runAndTransformResultsToJestFormat (C:\kitting\ITManagementSystem\03_実装\it-ops-system\backend\node_modules\jest-circus\build\legacy-code-todo-rewrite\jestAdapterInit.js:122:21)
    at jestAdapter (C:\kitting\ITManagementSystem\03_実装\it-ops-system\backend\node_modules\jest-circus\build\legacy-code-todo-rewrite\jestAdapter.js:79:19)
    at runTestInternal (C:\kitting\ITManagementSystem\03_実装\it-ops-system\backend\node_modules\jest-runner\build\runTest.js:367:16)
    at runTest (C:\kitting\ITManagementSystem\03_実装\it-ops-system\backend\node_modules\jest-runner\build\runTest.js:444:34)
    at Object.worker (C:\kitting\ITManagementSystem\03_実装\it-ops-system\backend\node_modules\jest-runner\build\testWorker.js:106:12)</failure>
    </testcase>
  </testsuite>
  <testsuite name="LoggingService" errors="0" failures="12" skipped="0" timestamp="2025-03-08T11:28:21" time="0.593" tests="12">
    <testcase classname="LoggingService &gt; getInstance" name="シングルトンインスタンスを返すこと" time="0.012">
      <failure>TypeError: winston_1.format.metadata is not a function
    at LoggingService.metadata [as initializeLogger] (C:\kitting\ITManagementSystem\03_実装\it-ops-system\backend\src\services\loggingService.ts:16:14)
    at new initializeLogger (C:\kitting\ITManagementSystem\03_実装\it-ops-system\backend\src\services\loggingService.ts:10:10)
    at Function.getInstance (C:\kitting\ITManagementSystem\03_実装\it-ops-system\backend\src\services\loggingService.ts:61:33)
    at Object.getInstance (C:\kitting\ITManagementSystem\03_実装\it-ops-system\backend\src\services\sqliteService.ts:6:31)
    at Runtime._execModule (C:\kitting\ITManagementSystem\03_実装\it-ops-system\backend\node_modules\jest-runtime\build\index.js:1439:24)
    at Runtime._loadModule (C:\kitting\ITManagementSystem\03_実装\it-ops-system\backend\node_modules\jest-runtime\build\index.js:1022:12)
    at Runtime.requireModule (C:\kitting\ITManagementSystem\03_実装\it-ops-system\backend\node_modules\jest-runtime\build\index.js:882:12)
    at Runtime.requireModuleOrMock (C:\kitting\ITManagementSystem\03_実装\it-ops-system\backend\node_modules\jest-runtime\build\index.js:1048:21)
    at Object.&lt;anonymous&gt; (C:\kitting\ITManagementSystem\03_実装\it-ops-system\backend\src\tests\setup.ts:19:31)
    at Promise.then.completed (C:\kitting\ITManagementSystem\03_実装\it-ops-system\backend\node_modules\jest-circus\build\utils.js:298:28)
    at new Promise (&lt;anonymous&gt;)
    at callAsyncCircusFn (C:\kitting\ITManagementSystem\03_実装\it-ops-system\backend\node_modules\jest-circus\build\utils.js:231:10)
    at _callCircusHook (C:\kitting\ITManagementSystem\03_実装\it-ops-system\backend\node_modules\jest-circus\build\run.js:281:40)
    at processTicksAndRejections (node:internal/process/task_queues:105:5)
    at _runTestsForDescribeBlock (C:\kitting\ITManagementSystem\03_実装\it-ops-system\backend\node_modules\jest-circus\build\run.js:95:7)
    at run (C:\kitting\ITManagementSystem\03_実装\it-ops-system\backend\node_modules\jest-circus\build\run.js:71:3)
    at runAndTransformResultsToJestFormat (C:\kitting\ITManagementSystem\03_実装\it-ops-system\backend\node_modules\jest-circus\build\legacy-code-todo-rewrite\jestAdapterInit.js:122:21)
    at jestAdapter (C:\kitting\ITManagementSystem\03_実装\it-ops-system\backend\node_modules\jest-circus\build\legacy-code-todo-rewrite\jestAdapter.js:79:19)
    at runTestInternal (C:\kitting\ITManagementSystem\03_実装\it-ops-system\backend\node_modules\jest-runner\build\runTest.js:367:16)
    at runTest (C:\kitting\ITManagementSystem\03_実装\it-ops-system\backend\node_modules\jest-runner\build\runTest.js:444:34)
    at Object.worker (C:\kitting\ITManagementSystem\03_実装\it-ops-system\backend\node_modules\jest-runner\build\testWorker.js:106:12)</failure>
    </testcase>
    <testcase classname="LoggingService &gt; logError" name="エラーオブジェクトをログ出力できること" time="0.002">
      <failure>TypeError: winston_1.format.metadata is not a function
    at LoggingService.metadata [as initializeLogger] (C:\kitting\ITManagementSystem\03_実装\it-ops-system\backend\src\services\loggingService.ts:16:14)
    at new initializeLogger (C:\kitting\ITManagementSystem\03_実装\it-ops-system\backend\src\services\loggingService.ts:10:10)
    at Function.getInstance (C:\kitting\ITManagementSystem\03_実装\it-ops-system\backend\src\services\loggingService.ts:61:33)
    at Object.getInstance (C:\kitting\ITManagementSystem\03_実装\it-ops-system\backend\src\services\sqliteService.ts:6:31)
    at Runtime._execModule (C:\kitting\ITManagementSystem\03_実装\it-ops-system\backend\node_modules\jest-runtime\build\index.js:1439:24)
    at Runtime._loadModule (C:\kitting\ITManagementSystem\03_実装\it-ops-system\backend\node_modules\jest-runtime\build\index.js:1022:12)
    at Runtime.requireModule (C:\kitting\ITManagementSystem\03_実装\it-ops-system\backend\node_modules\jest-runtime\build\index.js:882:12)
    at Runtime.requireModuleOrMock (C:\kitting\ITManagementSystem\03_実装\it-ops-system\backend\node_modules\jest-runtime\build\index.js:1048:21)
    at Object.&lt;anonymous&gt; (C:\kitting\ITManagementSystem\03_実装\it-ops-system\backend\src\tests\setup.ts:19:31)
    at Promise.then.completed (C:\kitting\ITManagementSystem\03_実装\it-ops-system\backend\node_modules\jest-circus\build\utils.js:298:28)
    at new Promise (&lt;anonymous&gt;)
    at callAsyncCircusFn (C:\kitting\ITManagementSystem\03_実装\it-ops-system\backend\node_modules\jest-circus\build\utils.js:231:10)
    at _callCircusHook (C:\kitting\ITManagementSystem\03_実装\it-ops-system\backend\node_modules\jest-circus\build\run.js:281:40)
    at processTicksAndRejections (node:internal/process/task_queues:105:5)
    at _runTestsForDescribeBlock (C:\kitting\ITManagementSystem\03_実装\it-ops-system\backend\node_modules\jest-circus\build\run.js:95:7)
    at run (C:\kitting\ITManagementSystem\03_実装\it-ops-system\backend\node_modules\jest-circus\build\run.js:71:3)
    at runAndTransformResultsToJestFormat (C:\kitting\ITManagementSystem\03_実装\it-ops-system\backend\node_modules\jest-circus\build\legacy-code-todo-rewrite\jestAdapterInit.js:122:21)
    at jestAdapter (C:\kitting\ITManagementSystem\03_実装\it-ops-system\backend\node_modules\jest-circus\build\legacy-code-todo-rewrite\jestAdapter.js:79:19)
    at runTestInternal (C:\kitting\ITManagementSystem\03_実装\it-ops-system\backend\node_modules\jest-runner\build\runTest.js:367:16)
    at runTest (C:\kitting\ITManagementSystem\03_実装\it-ops-system\backend\node_modules\jest-runner\build\runTest.js:444:34)
    at Object.worker (C:\kitting\ITManagementSystem\03_実装\it-ops-system\backend\node_modules\jest-runner\build\testWorker.js:106:12)</failure>
    </testcase>
    <testcase classname="LoggingService &gt; logError" name="エラーメッセージを文字列で受け取れること" time="0.001">
      <failure>TypeError: winston_1.format.metadata is not a function
    at LoggingService.metadata [as initializeLogger] (C:\kitting\ITManagementSystem\03_実装\it-ops-system\backend\src\services\loggingService.ts:16:14)
    at new initializeLogger (C:\kitting\ITManagementSystem\03_実装\it-ops-system\backend\src\services\loggingService.ts:10:10)
    at Function.getInstance (C:\kitting\ITManagementSystem\03_実装\it-ops-system\backend\src\services\loggingService.ts:61:33)
    at Object.getInstance (C:\kitting\ITManagementSystem\03_実装\it-ops-system\backend\src\services\sqliteService.ts:6:31)
    at Runtime._execModule (C:\kitting\ITManagementSystem\03_実装\it-ops-system\backend\node_modules\jest-runtime\build\index.js:1439:24)
    at Runtime._loadModule (C:\kitting\ITManagementSystem\03_実装\it-ops-system\backend\node_modules\jest-runtime\build\index.js:1022:12)
    at Runtime.requireModule (C:\kitting\ITManagementSystem\03_実装\it-ops-system\backend\node_modules\jest-runtime\build\index.js:882:12)
    at Runtime.requireModuleOrMock (C:\kitting\ITManagementSystem\03_実装\it-ops-system\backend\node_modules\jest-runtime\build\index.js:1048:21)
    at Object.&lt;anonymous&gt; (C:\kitting\ITManagementSystem\03_実装\it-ops-system\backend\src\tests\setup.ts:19:31)
    at Promise.then.completed (C:\kitting\ITManagementSystem\03_実装\it-ops-system\backend\node_modules\jest-circus\build\utils.js:298:28)
    at new Promise (&lt;anonymous&gt;)
    at callAsyncCircusFn (C:\kitting\ITManagementSystem\03_実装\it-ops-system\backend\node_modules\jest-circus\build\utils.js:231:10)
    at _callCircusHook (C:\kitting\ITManagementSystem\03_実装\it-ops-system\backend\node_modules\jest-circus\build\run.js:281:40)
    at processTicksAndRejections (node:internal/process/task_queues:105:5)
    at _runTestsForDescribeBlock (C:\kitting\ITManagementSystem\03_実装\it-ops-system\backend\node_modules\jest-circus\build\run.js:95:7)
    at run (C:\kitting\ITManagementSystem\03_実装\it-ops-system\backend\node_modules\jest-circus\build\run.js:71:3)
    at runAndTransformResultsToJestFormat (C:\kitting\ITManagementSystem\03_実装\it-ops-system\backend\node_modules\jest-circus\build\legacy-code-todo-rewrite\jestAdapterInit.js:122:21)
    at jestAdapter (C:\kitting\ITManagementSystem\03_実装\it-ops-system\backend\node_modules\jest-circus\build\legacy-code-todo-rewrite\jestAdapter.js:79:19)
    at runTestInternal (C:\kitting\ITManagementSystem\03_実装\it-ops-system\backend\node_modules\jest-runner\build\runTest.js:367:16)
    at runTest (C:\kitting\ITManagementSystem\03_実装\it-ops-system\backend\node_modules\jest-runner\build\runTest.js:444:34)
    at Object.worker (C:\kitting\ITManagementSystem\03_実装\it-ops-system\backend\node_modules\jest-runner\build\testWorker.js:106:12)</failure>
    </testcase>
    <testcase classname="LoggingService &gt; logError" name="コンテキストなしでログ出力できること" time="0">
      <failure>TypeError: winston_1.format.metadata is not a function
    at LoggingService.metadata [as initializeLogger] (C:\kitting\ITManagementSystem\03_実装\it-ops-system\backend\src\services\loggingService.ts:16:14)
    at new initializeLogger (C:\kitting\ITManagementSystem\03_実装\it-ops-system\backend\src\services\loggingService.ts:10:10)
    at Function.getInstance (C:\kitting\ITManagementSystem\03_実装\it-ops-system\backend\src\services\loggingService.ts:61:33)
    at Object.getInstance (C:\kitting\ITManagementSystem\03_実装\it-ops-system\backend\src\services\sqliteService.ts:6:31)
    at Runtime._execModule (C:\kitting\ITManagementSystem\03_実装\it-ops-system\backend\node_modules\jest-runtime\build\index.js:1439:24)
    at Runtime._loadModule (C:\kitting\ITManagementSystem\03_実装\it-ops-system\backend\node_modules\jest-runtime\build\index.js:1022:12)
    at Runtime.requireModule (C:\kitting\ITManagementSystem\03_実装\it-ops-system\backend\node_modules\jest-runtime\build\index.js:882:12)
    at Runtime.requireModuleOrMock (C:\kitting\ITManagementSystem\03_実装\it-ops-system\backend\node_modules\jest-runtime\build\index.js:1048:21)
    at Object.&lt;anonymous&gt; (C:\kitting\ITManagementSystem\03_実装\it-ops-system\backend\src\tests\setup.ts:19:31)
    at Promise.then.completed (C:\kitting\ITManagementSystem\03_実装\it-ops-system\backend\node_modules\jest-circus\build\utils.js:298:28)
    at new Promise (&lt;anonymous&gt;)
    at callAsyncCircusFn (C:\kitting\ITManagementSystem\03_実装\it-ops-system\backend\node_modules\jest-circus\build\utils.js:231:10)
    at _callCircusHook (C:\kitting\ITManagementSystem\03_実装\it-ops-system\backend\node_modules\jest-circus\build\run.js:281:40)
    at processTicksAndRejections (node:internal/process/task_queues:105:5)
    at _runTestsForDescribeBlock (C:\kitting\ITManagementSystem\03_実装\it-ops-system\backend\node_modules\jest-circus\build\run.js:95:7)
    at run (C:\kitting\ITManagementSystem\03_実装\it-ops-system\backend\node_modules\jest-circus\build\run.js:71:3)
    at runAndTransformResultsToJestFormat (C:\kitting\ITManagementSystem\03_実装\it-ops-system\backend\node_modules\jest-circus\build\legacy-code-todo-rewrite\jestAdapterInit.js:122:21)
    at jestAdapter (C:\kitting\ITManagementSystem\03_実装\it-ops-system\backend\node_modules\jest-circus\build\legacy-code-todo-rewrite\jestAdapter.js:79:19)
    at runTestInternal (C:\kitting\ITManagementSystem\03_実装\it-ops-system\backend\node_modules\jest-runner\build\runTest.js:367:16)
    at runTest (C:\kitting\ITManagementSystem\03_実装\it-ops-system\backend\node_modules\jest-runner\build\runTest.js:444:34)
    at Object.worker (C:\kitting\ITManagementSystem\03_実装\it-ops-system\backend\node_modules\jest-runner\build\testWorker.js:106:12)</failure>
    </testcase>
    <testcase classname="LoggingService &gt; logWarn" name="警告メッセージをログ出力できること" time="0">
      <failure>TypeError: winston_1.format.metadata is not a function
    at LoggingService.metadata [as initializeLogger] (C:\kitting\ITManagementSystem\03_実装\it-ops-system\backend\src\services\loggingService.ts:16:14)
    at new initializeLogger (C:\kitting\ITManagementSystem\03_実装\it-ops-system\backend\src\services\loggingService.ts:10:10)
    at Function.getInstance (C:\kitting\ITManagementSystem\03_実装\it-ops-system\backend\src\services\loggingService.ts:61:33)
    at Object.getInstance (C:\kitting\ITManagementSystem\03_実装\it-ops-system\backend\src\services\sqliteService.ts:6:31)
    at Runtime._execModule (C:\kitting\ITManagementSystem\03_実装\it-ops-system\backend\node_modules\jest-runtime\build\index.js:1439:24)
    at Runtime._loadModule (C:\kitting\ITManagementSystem\03_実装\it-ops-system\backend\node_modules\jest-runtime\build\index.js:1022:12)
    at Runtime.requireModule (C:\kitting\ITManagementSystem\03_実装\it-ops-system\backend\node_modules\jest-runtime\build\index.js:882:12)
    at Runtime.requireModuleOrMock (C:\kitting\ITManagementSystem\03_実装\it-ops-system\backend\node_modules\jest-runtime\build\index.js:1048:21)
    at Object.&lt;anonymous&gt; (C:\kitting\ITManagementSystem\03_実装\it-ops-system\backend\src\tests\setup.ts:19:31)
    at Promise.then.completed (C:\kitting\ITManagementSystem\03_実装\it-ops-system\backend\node_modules\jest-circus\build\utils.js:298:28)
    at new Promise (&lt;anonymous&gt;)
    at callAsyncCircusFn (C:\kitting\ITManagementSystem\03_実装\it-ops-system\backend\node_modules\jest-circus\build\utils.js:231:10)
    at _callCircusHook (C:\kitting\ITManagementSystem\03_実装\it-ops-system\backend\node_modules\jest-circus\build\run.js:281:40)
    at processTicksAndRejections (node:internal/process/task_queues:105:5)
    at _runTestsForDescribeBlock (C:\kitting\ITManagementSystem\03_実装\it-ops-system\backend\node_modules\jest-circus\build\run.js:95:7)
    at run (C:\kitting\ITManagementSystem\03_実装\it-ops-system\backend\node_modules\jest-circus\build\run.js:71:3)
    at runAndTransformResultsToJestFormat (C:\kitting\ITManagementSystem\03_実装\it-ops-system\backend\node_modules\jest-circus\build\legacy-code-todo-rewrite\jestAdapterInit.js:122:21)
    at jestAdapter (C:\kitting\ITManagementSystem\03_実装\it-ops-system\backend\node_modules\jest-circus\build\legacy-code-todo-rewrite\jestAdapter.js:79:19)
    at runTestInternal (C:\kitting\ITManagementSystem\03_実装\it-ops-system\backend\node_modules\jest-runner\build\runTest.js:367:16)
    at runTest (C:\kitting\ITManagementSystem\03_実装\it-ops-system\backend\node_modules\jest-runner\build\runTest.js:444:34)
    at Object.worker (C:\kitting\ITManagementSystem\03_実装\it-ops-system\backend\node_modules\jest-runner\build\testWorker.js:106:12)</failure>
    </testcase>
    <testcase classname="LoggingService &gt; logWarn" name="コンテキストなしで警告を出力できること" time="0">
      <failure>TypeError: winston_1.format.metadata is not a function
    at LoggingService.metadata [as initializeLogger] (C:\kitting\ITManagementSystem\03_実装\it-ops-system\backend\src\services\loggingService.ts:16:14)
    at new initializeLogger (C:\kitting\ITManagementSystem\03_実装\it-ops-system\backend\src\services\loggingService.ts:10:10)
    at Function.getInstance (C:\kitting\ITManagementSystem\03_実装\it-ops-system\backend\src\services\loggingService.ts:61:33)
    at Object.getInstance (C:\kitting\ITManagementSystem\03_実装\it-ops-system\backend\src\services\sqliteService.ts:6:31)
    at Runtime._execModule (C:\kitting\ITManagementSystem\03_実装\it-ops-system\backend\node_modules\jest-runtime\build\index.js:1439:24)
    at Runtime._loadModule (C:\kitting\ITManagementSystem\03_実装\it-ops-system\backend\node_modules\jest-runtime\build\index.js:1022:12)
    at Runtime.requireModule (C:\kitting\ITManagementSystem\03_実装\it-ops-system\backend\node_modules\jest-runtime\build\index.js:882:12)
    at Runtime.requireModuleOrMock (C:\kitting\ITManagementSystem\03_実装\it-ops-system\backend\node_modules\jest-runtime\build\index.js:1048:21)
    at Object.&lt;anonymous&gt; (C:\kitting\ITManagementSystem\03_実装\it-ops-system\backend\src\tests\setup.ts:19:31)
    at Promise.then.completed (C:\kitting\ITManagementSystem\03_実装\it-ops-system\backend\node_modules\jest-circus\build\utils.js:298:28)
    at new Promise (&lt;anonymous&gt;)
    at callAsyncCircusFn (C:\kitting\ITManagementSystem\03_実装\it-ops-system\backend\node_modules\jest-circus\build\utils.js:231:10)
    at _callCircusHook (C:\kitting\ITManagementSystem\03_実装\it-ops-system\backend\node_modules\jest-circus\build\run.js:281:40)
    at processTicksAndRejections (node:internal/process/task_queues:105:5)
    at _runTestsForDescribeBlock (C:\kitting\ITManagementSystem\03_実装\it-ops-system\backend\node_modules\jest-circus\build\run.js:95:7)
    at run (C:\kitting\ITManagementSystem\03_実装\it-ops-system\backend\node_modules\jest-circus\build\run.js:71:3)
    at runAndTransformResultsToJestFormat (C:\kitting\ITManagementSystem\03_実装\it-ops-system\backend\node_modules\jest-circus\build\legacy-code-todo-rewrite\jestAdapterInit.js:122:21)
    at jestAdapter (C:\kitting\ITManagementSystem\03_実装\it-ops-system\backend\node_modules\jest-circus\build\legacy-code-todo-rewrite\jestAdapter.js:79:19)
    at runTestInternal (C:\kitting\ITManagementSystem\03_実装\it-ops-system\backend\node_modules\jest-runner\build\runTest.js:367:16)
    at runTest (C:\kitting\ITManagementSystem\03_実装\it-ops-system\backend\node_modules\jest-runner\build\runTest.js:444:34)
    at Object.worker (C:\kitting\ITManagementSystem\03_実装\it-ops-system\backend\node_modules\jest-runner\build\testWorker.js:106:12)</failure>
    </testcase>
    <testcase classname="LoggingService &gt; logInfo" name="情報メッセージをログ出力できること" time="0">
      <failure>TypeError: winston_1.format.metadata is not a function
    at LoggingService.metadata [as initializeLogger] (C:\kitting\ITManagementSystem\03_実装\it-ops-system\backend\src\services\loggingService.ts:16:14)
    at new initializeLogger (C:\kitting\ITManagementSystem\03_実装\it-ops-system\backend\src\services\loggingService.ts:10:10)
    at Function.getInstance (C:\kitting\ITManagementSystem\03_実装\it-ops-system\backend\src\services\loggingService.ts:61:33)
    at Object.getInstance (C:\kitting\ITManagementSystem\03_実装\it-ops-system\backend\src\services\sqliteService.ts:6:31)
    at Runtime._execModule (C:\kitting\ITManagementSystem\03_実装\it-ops-system\backend\node_modules\jest-runtime\build\index.js:1439:24)
    at Runtime._loadModule (C:\kitting\ITManagementSystem\03_実装\it-ops-system\backend\node_modules\jest-runtime\build\index.js:1022:12)
    at Runtime.requireModule (C:\kitting\ITManagementSystem\03_実装\it-ops-system\backend\node_modules\jest-runtime\build\index.js:882:12)
    at Runtime.requireModuleOrMock (C:\kitting\ITManagementSystem\03_実装\it-ops-system\backend\node_modules\jest-runtime\build\index.js:1048:21)
    at Object.&lt;anonymous&gt; (C:\kitting\ITManagementSystem\03_実装\it-ops-system\backend\src\tests\setup.ts:19:31)
    at Promise.then.completed (C:\kitting\ITManagementSystem\03_実装\it-ops-system\backend\node_modules\jest-circus\build\utils.js:298:28)
    at new Promise (&lt;anonymous&gt;)
    at callAsyncCircusFn (C:\kitting\ITManagementSystem\03_実装\it-ops-system\backend\node_modules\jest-circus\build\utils.js:231:10)
    at _callCircusHook (C:\kitting\ITManagementSystem\03_実装\it-ops-system\backend\node_modules\jest-circus\build\run.js:281:40)
    at processTicksAndRejections (node:internal/process/task_queues:105:5)
    at _runTestsForDescribeBlock (C:\kitting\ITManagementSystem\03_実装\it-ops-system\backend\node_modules\jest-circus\build\run.js:95:7)
    at run (C:\kitting\ITManagementSystem\03_実装\it-ops-system\backend\node_modules\jest-circus\build\run.js:71:3)
    at runAndTransformResultsToJestFormat (C:\kitting\ITManagementSystem\03_実装\it-ops-system\backend\node_modules\jest-circus\build\legacy-code-todo-rewrite\jestAdapterInit.js:122:21)
    at jestAdapter (C:\kitting\ITManagementSystem\03_実装\it-ops-system\backend\node_modules\jest-circus\build\legacy-code-todo-rewrite\jestAdapter.js:79:19)
    at runTestInternal (C:\kitting\ITManagementSystem\03_実装\it-ops-system\backend\node_modules\jest-runner\build\runTest.js:367:16)
    at runTest (C:\kitting\ITManagementSystem\03_実装\it-ops-system\backend\node_modules\jest-runner\build\runTest.js:444:34)
    at Object.worker (C:\kitting\ITManagementSystem\03_実装\it-ops-system\backend\node_modules\jest-runner\build\testWorker.js:106:12)</failure>
    </testcase>
    <testcase classname="LoggingService &gt; logInfo" name="オブジェクトを直接ログ出力できること" time="0.001">
      <failure>TypeError: winston_1.format.metadata is not a function
    at LoggingService.metadata [as initializeLogger] (C:\kitting\ITManagementSystem\03_実装\it-ops-system\backend\src\services\loggingService.ts:16:14)
    at new initializeLogger (C:\kitting\ITManagementSystem\03_実装\it-ops-system\backend\src\services\loggingService.ts:10:10)
    at Function.getInstance (C:\kitting\ITManagementSystem\03_実装\it-ops-system\backend\src\services\loggingService.ts:61:33)
    at Object.getInstance (C:\kitting\ITManagementSystem\03_実装\it-ops-system\backend\src\services\sqliteService.ts:6:31)
    at Runtime._execModule (C:\kitting\ITManagementSystem\03_実装\it-ops-system\backend\node_modules\jest-runtime\build\index.js:1439:24)
    at Runtime._loadModule (C:\kitting\ITManagementSystem\03_実装\it-ops-system\backend\node_modules\jest-runtime\build\index.js:1022:12)
    at Runtime.requireModule (C:\kitting\ITManagementSystem\03_実装\it-ops-system\backend\node_modules\jest-runtime\build\index.js:882:12)
    at Runtime.requireModuleOrMock (C:\kitting\ITManagementSystem\03_実装\it-ops-system\backend\node_modules\jest-runtime\build\index.js:1048:21)
    at Object.&lt;anonymous&gt; (C:\kitting\ITManagementSystem\03_実装\it-ops-system\backend\src\tests\setup.ts:19:31)
    at Promise.then.completed (C:\kitting\ITManagementSystem\03_実装\it-ops-system\backend\node_modules\jest-circus\build\utils.js:298:28)
    at new Promise (&lt;anonymous&gt;)
    at callAsyncCircusFn (C:\kitting\ITManagementSystem\03_実装\it-ops-system\backend\node_modules\jest-circus\build\utils.js:231:10)
    at _callCircusHook (C:\kitting\ITManagementSystem\03_実装\it-ops-system\backend\node_modules\jest-circus\build\run.js:281:40)
    at processTicksAndRejections (node:internal/process/task_queues:105:5)
    at _runTestsForDescribeBlock (C:\kitting\ITManagementSystem\03_実装\it-ops-system\backend\node_modules\jest-circus\build\run.js:95:7)
    at run (C:\kitting\ITManagementSystem\03_実装\it-ops-system\backend\node_modules\jest-circus\build\run.js:71:3)
    at runAndTransformResultsToJestFormat (C:\kitting\ITManagementSystem\03_実装\it-ops-system\backend\node_modules\jest-circus\build\legacy-code-todo-rewrite\jestAdapterInit.js:122:21)
    at jestAdapter (C:\kitting\ITManagementSystem\03_実装\it-ops-system\backend\node_modules\jest-circus\build\legacy-code-todo-rewrite\jestAdapter.js:79:19)
    at runTestInternal (C:\kitting\ITManagementSystem\03_実装\it-ops-system\backend\node_modules\jest-runner\build\runTest.js:367:16)
    at runTest (C:\kitting\ITManagementSystem\03_実装\it-ops-system\backend\node_modules\jest-runner\build\runTest.js:444:34)
    at Object.worker (C:\kitting\ITManagementSystem\03_実装\it-ops-system\backend\node_modules\jest-runner\build\testWorker.js:106:12)</failure>
    </testcase>
    <testcase classname="LoggingService &gt; logDebug" name="デバッグメッセージをログ出力できること" time="0">
      <failure>TypeError: winston_1.format.metadata is not a function
    at LoggingService.metadata [as initializeLogger] (C:\kitting\ITManagementSystem\03_実装\it-ops-system\backend\src\services\loggingService.ts:16:14)
    at new initializeLogger (C:\kitting\ITManagementSystem\03_実装\it-ops-system\backend\src\services\loggingService.ts:10:10)
    at Function.getInstance (C:\kitting\ITManagementSystem\03_実装\it-ops-system\backend\src\services\loggingService.ts:61:33)
    at Object.getInstance (C:\kitting\ITManagementSystem\03_実装\it-ops-system\backend\src\services\sqliteService.ts:6:31)
    at Runtime._execModule (C:\kitting\ITManagementSystem\03_実装\it-ops-system\backend\node_modules\jest-runtime\build\index.js:1439:24)
    at Runtime._loadModule (C:\kitting\ITManagementSystem\03_実装\it-ops-system\backend\node_modules\jest-runtime\build\index.js:1022:12)
    at Runtime.requireModule (C:\kitting\ITManagementSystem\03_実装\it-ops-system\backend\node_modules\jest-runtime\build\index.js:882:12)
    at Runtime.requireModuleOrMock (C:\kitting\ITManagementSystem\03_実装\it-ops-system\backend\node_modules\jest-runtime\build\index.js:1048:21)
    at Object.&lt;anonymous&gt; (C:\kitting\ITManagementSystem\03_実装\it-ops-system\backend\src\tests\setup.ts:19:31)
    at Promise.then.completed (C:\kitting\ITManagementSystem\03_実装\it-ops-system\backend\node_modules\jest-circus\build\utils.js:298:28)
    at new Promise (&lt;anonymous&gt;)
    at callAsyncCircusFn (C:\kitting\ITManagementSystem\03_実装\it-ops-system\backend\node_modules\jest-circus\build\utils.js:231:10)
    at _callCircusHook (C:\kitting\ITManagementSystem\03_実装\it-ops-system\backend\node_modules\jest-circus\build\run.js:281:40)
    at processTicksAndRejections (node:internal/process/task_queues:105:5)
    at _runTestsForDescribeBlock (C:\kitting\ITManagementSystem\03_実装\it-ops-system\backend\node_modules\jest-circus\build\run.js:95:7)
    at run (C:\kitting\ITManagementSystem\03_実装\it-ops-system\backend\node_modules\jest-circus\build\run.js:71:3)
    at runAndTransformResultsToJestFormat (C:\kitting\ITManagementSystem\03_実装\it-ops-system\backend\node_modules\jest-circus\build\legacy-code-todo-rewrite\jestAdapterInit.js:122:21)
    at jestAdapter (C:\kitting\ITManagementSystem\03_実装\it-ops-system\backend\node_modules\jest-circus\build\legacy-code-todo-rewrite\jestAdapter.js:79:19)
    at runTestInternal (C:\kitting\ITManagementSystem\03_実装\it-ops-system\backend\node_modules\jest-runner\build\runTest.js:367:16)
    at runTest (C:\kitting\ITManagementSystem\03_実装\it-ops-system\backend\node_modules\jest-runner\build\runTest.js:444:34)
    at Object.worker (C:\kitting\ITManagementSystem\03_実装\it-ops-system\backend\node_modules\jest-runner\build\testWorker.js:106:12)</failure>
    </testcase>
    <testcase classname="LoggingService &gt; logDebug" name="開発環境でのみデバッグログを出力すること" time="0">
      <failure>TypeError: winston_1.format.metadata is not a function
    at LoggingService.metadata [as initializeLogger] (C:\kitting\ITManagementSystem\03_実装\it-ops-system\backend\src\services\loggingService.ts:16:14)
    at new initializeLogger (C:\kitting\ITManagementSystem\03_実装\it-ops-system\backend\src\services\loggingService.ts:10:10)
    at Function.getInstance (C:\kitting\ITManagementSystem\03_実装\it-ops-system\backend\src\services\loggingService.ts:61:33)
    at Object.getInstance (C:\kitting\ITManagementSystem\03_実装\it-ops-system\backend\src\services\sqliteService.ts:6:31)
    at Runtime._execModule (C:\kitting\ITManagementSystem\03_実装\it-ops-system\backend\node_modules\jest-runtime\build\index.js:1439:24)
    at Runtime._loadModule (C:\kitting\ITManagementSystem\03_実装\it-ops-system\backend\node_modules\jest-runtime\build\index.js:1022:12)
    at Runtime.requireModule (C:\kitting\ITManagementSystem\03_実装\it-ops-system\backend\node_modules\jest-runtime\build\index.js:882:12)
    at Runtime.requireModuleOrMock (C:\kitting\ITManagementSystem\03_実装\it-ops-system\backend\node_modules\jest-runtime\build\index.js:1048:21)
    at Object.&lt;anonymous&gt; (C:\kitting\ITManagementSystem\03_実装\it-ops-system\backend\src\tests\setup.ts:19:31)
    at Promise.then.completed (C:\kitting\ITManagementSystem\03_実装\it-ops-system\backend\node_modules\jest-circus\build\utils.js:298:28)
    at new Promise (&lt;anonymous&gt;)
    at callAsyncCircusFn (C:\kitting\ITManagementSystem\03_実装\it-ops-system\backend\node_modules\jest-circus\build\utils.js:231:10)
    at _callCircusHook (C:\kitting\ITManagementSystem\03_実装\it-ops-system\backend\node_modules\jest-circus\build\run.js:281:40)
    at processTicksAndRejections (node:internal/process/task_queues:105:5)
    at _runTestsForDescribeBlock (C:\kitting\ITManagementSystem\03_実装\it-ops-system\backend\node_modules\jest-circus\build\run.js:95:7)
    at run (C:\kitting\ITManagementSystem\03_実装\it-ops-system\backend\node_modules\jest-circus\build\run.js:71:3)
    at runAndTransformResultsToJestFormat (C:\kitting\ITManagementSystem\03_実装\it-ops-system\backend\node_modules\jest-circus\build\legacy-code-todo-rewrite\jestAdapterInit.js:122:21)
    at jestAdapter (C:\kitting\ITManagementSystem\03_実装\it-ops-system\backend\node_modules\jest-circus\build\legacy-code-todo-rewrite\jestAdapter.js:79:19)
    at runTestInternal (C:\kitting\ITManagementSystem\03_実装\it-ops-system\backend\node_modules\jest-runner\build\runTest.js:367:16)
    at runTest (C:\kitting\ITManagementSystem\03_実装\it-ops-system\backend\node_modules\jest-runner\build\runTest.js:444:34)
    at Object.worker (C:\kitting\ITManagementSystem\03_実装\it-ops-system\backend\node_modules\jest-runner\build\testWorker.js:106:12)</failure>
    </testcase>
    <testcase classname="LoggingService &gt; getLogStream" name="ログストリームを取得できること" time="0">
      <failure>TypeError: winston_1.format.metadata is not a function
    at LoggingService.metadata [as initializeLogger] (C:\kitting\ITManagementSystem\03_実装\it-ops-system\backend\src\services\loggingService.ts:16:14)
    at new initializeLogger (C:\kitting\ITManagementSystem\03_実装\it-ops-system\backend\src\services\loggingService.ts:10:10)
    at Function.getInstance (C:\kitting\ITManagementSystem\03_実装\it-ops-system\backend\src\services\loggingService.ts:61:33)
    at Object.getInstance (C:\kitting\ITManagementSystem\03_実装\it-ops-system\backend\src\services\sqliteService.ts:6:31)
    at Runtime._execModule (C:\kitting\ITManagementSystem\03_実装\it-ops-system\backend\node_modules\jest-runtime\build\index.js:1439:24)
    at Runtime._loadModule (C:\kitting\ITManagementSystem\03_実装\it-ops-system\backend\node_modules\jest-runtime\build\index.js:1022:12)
    at Runtime.requireModule (C:\kitting\ITManagementSystem\03_実装\it-ops-system\backend\node_modules\jest-runtime\build\index.js:882:12)
    at Runtime.requireModuleOrMock (C:\kitting\ITManagementSystem\03_実装\it-ops-system\backend\node_modules\jest-runtime\build\index.js:1048:21)
    at Object.&lt;anonymous&gt; (C:\kitting\ITManagementSystem\03_実装\it-ops-system\backend\src\tests\setup.ts:19:31)
    at Promise.then.completed (C:\kitting\ITManagementSystem\03_実装\it-ops-system\backend\node_modules\jest-circus\build\utils.js:298:28)
    at new Promise (&lt;anonymous&gt;)
    at callAsyncCircusFn (C:\kitting\ITManagementSystem\03_実装\it-ops-system\backend\node_modules\jest-circus\build\utils.js:231:10)
    at _callCircusHook (C:\kitting\ITManagementSystem\03_実装\it-ops-system\backend\node_modules\jest-circus\build\run.js:281:40)
    at processTicksAndRejections (node:internal/process/task_queues:105:5)
    at _runTestsForDescribeBlock (C:\kitting\ITManagementSystem\03_実装\it-ops-system\backend\node_modules\jest-circus\build\run.js:95:7)
    at run (C:\kitting\ITManagementSystem\03_実装\it-ops-system\backend\node_modules\jest-circus\build\run.js:71:3)
    at runAndTransformResultsToJestFormat (C:\kitting\ITManagementSystem\03_実装\it-ops-system\backend\node_modules\jest-circus\build\legacy-code-todo-rewrite\jestAdapterInit.js:122:21)
    at jestAdapter (C:\kitting\ITManagementSystem\03_実装\it-ops-system\backend\node_modules\jest-circus\build\legacy-code-todo-rewrite\jestAdapter.js:79:19)
    at runTestInternal (C:\kitting\ITManagementSystem\03_実装\it-ops-system\backend\node_modules\jest-runner\build\runTest.js:367:16)
    at runTest (C:\kitting\ITManagementSystem\03_実装\it-ops-system\backend\node_modules\jest-runner\build\runTest.js:444:34)
    at Object.worker (C:\kitting\ITManagementSystem\03_実装\it-ops-system\backend\node_modules\jest-runner\build\testWorker.js:106:12)</failure>
    </testcase>
    <testcase classname="LoggingService &gt; getLogStream" name="ストリームに書き込んだデータがログ出力されること" time="0">
      <failure>TypeError: winston_1.format.metadata is not a function
    at LoggingService.metadata [as initializeLogger] (C:\kitting\ITManagementSystem\03_実装\it-ops-system\backend\src\services\loggingService.ts:16:14)
    at new initializeLogger (C:\kitting\ITManagementSystem\03_実装\it-ops-system\backend\src\services\loggingService.ts:10:10)
    at Function.getInstance (C:\kitting\ITManagementSystem\03_実装\it-ops-system\backend\src\services\loggingService.ts:61:33)
    at Object.getInstance (C:\kitting\ITManagementSystem\03_実装\it-ops-system\backend\src\services\sqliteService.ts:6:31)
    at Runtime._execModule (C:\kitting\ITManagementSystem\03_実装\it-ops-system\backend\node_modules\jest-runtime\build\index.js:1439:24)
    at Runtime._loadModule (C:\kitting\ITManagementSystem\03_実装\it-ops-system\backend\node_modules\jest-runtime\build\index.js:1022:12)
    at Runtime.requireModule (C:\kitting\ITManagementSystem\03_実装\it-ops-system\backend\node_modules\jest-runtime\build\index.js:882:12)
    at Runtime.requireModuleOrMock (C:\kitting\ITManagementSystem\03_実装\it-ops-system\backend\node_modules\jest-runtime\build\index.js:1048:21)
    at Object.&lt;anonymous&gt; (C:\kitting\ITManagementSystem\03_実装\it-ops-system\backend\src\tests\setup.ts:19:31)
    at Promise.then.completed (C:\kitting\ITManagementSystem\03_実装\it-ops-system\backend\node_modules\jest-circus\build\utils.js:298:28)
    at new Promise (&lt;anonymous&gt;)
    at callAsyncCircusFn (C:\kitting\ITManagementSystem\03_実装\it-ops-system\backend\node_modules\jest-circus\build\utils.js:231:10)
    at _callCircusHook (C:\kitting\ITManagementSystem\03_実装\it-ops-system\backend\node_modules\jest-circus\build\run.js:281:40)
    at processTicksAndRejections (node:internal/process/task_queues:105:5)
    at _runTestsForDescribeBlock (C:\kitting\ITManagementSystem\03_実装\it-ops-system\backend\node_modules\jest-circus\build\run.js:95:7)
    at run (C:\kitting\ITManagementSystem\03_実装\it-ops-system\backend\node_modules\jest-circus\build\run.js:71:3)
    at runAndTransformResultsToJestFormat (C:\kitting\ITManagementSystem\03_実装\it-ops-system\backend\node_modules\jest-circus\build\legacy-code-todo-rewrite\jestAdapterInit.js:122:21)
    at jestAdapter (C:\kitting\ITManagementSystem\03_実装\it-ops-system\backend\node_modules\jest-circus\build\legacy-code-todo-rewrite\jestAdapter.js:79:19)
    at runTestInternal (C:\kitting\ITManagementSystem\03_実装\it-ops-system\backend\node_modules\jest-runner\build\runTest.js:367:16)
    at runTest (C:\kitting\ITManagementSystem\03_実装\it-ops-system\backend\node_modules\jest-runner\build\runTest.js:444:34)
    at Object.worker (C:\kitting\ITManagementSystem\03_実装\it-ops-system\backend\node_modules\jest-runner\build\testWorker.js:106:12)</failure>
    </testcase>
  </testsuite>
  <testsuite name="SQLiteService" errors="0" failures="14" skipped="0" timestamp="2025-03-08T11:28:21" time="0.523" tests="14">
    <testcase classname="SQLiteService &gt; getInstance" name="シングルトンインスタンスを返すこと" time="0.001">
      <failure>TypeError: this.db.exec is not a function
    at SQLiteService.exec [as initializeDatabase] (C:\kitting\ITManagementSystem\03_実装\it-ops-system\backend\src\services\sqliteService.ts:25:15)
    at new initializeDatabase (C:\kitting\ITManagementSystem\03_実装\it-ops-system\backend\src\services\sqliteService.ts:14:10)
    at Function.getInstance (C:\kitting\ITManagementSystem\03_実装\it-ops-system\backend\src\services\sqliteService.ts:37:32)
    at Object.&lt;anonymous&gt; (C:\kitting\ITManagementSystem\03_実装\it-ops-system\backend\src\tests\setup.ts:20:30)
    at Promise.then.completed (C:\kitting\ITManagementSystem\03_実装\it-ops-system\backend\node_modules\jest-circus\build\utils.js:298:28)
    at new Promise (&lt;anonymous&gt;)
    at callAsyncCircusFn (C:\kitting\ITManagementSystem\03_実装\it-ops-system\backend\node_modules\jest-circus\build\utils.js:231:10)
    at _callCircusHook (C:\kitting\ITManagementSystem\03_実装\it-ops-system\backend\node_modules\jest-circus\build\run.js:281:40)
    at processTicksAndRejections (node:internal/process/task_queues:105:5)
    at _runTestsForDescribeBlock (C:\kitting\ITManagementSystem\03_実装\it-ops-system\backend\node_modules\jest-circus\build\run.js:95:7)
    at run (C:\kitting\ITManagementSystem\03_実装\it-ops-system\backend\node_modules\jest-circus\build\run.js:71:3)
    at runAndTransformResultsToJestFormat (C:\kitting\ITManagementSystem\03_実装\it-ops-system\backend\node_modules\jest-circus\build\legacy-code-todo-rewrite\jestAdapterInit.js:122:21)
    at jestAdapter (C:\kitting\ITManagementSystem\03_実装\it-ops-system\backend\node_modules\jest-circus\build\legacy-code-todo-rewrite\jestAdapter.js:79:19)
    at runTestInternal (C:\kitting\ITManagementSystem\03_実装\it-ops-system\backend\node_modules\jest-runner\build\runTest.js:367:16)
    at runTest (C:\kitting\ITManagementSystem\03_実装\it-ops-system\backend\node_modules\jest-runner\build\runTest.js:444:34)
    at Object.worker (C:\kitting\ITManagementSystem\03_実装\it-ops-system\backend\node_modules\jest-runner\build\testWorker.js:106:12)</failure>
    </testcase>
    <testcase classname="SQLiteService &gt; initialize" name="データベース接続を初期化できること" time="0">
      <failure>TypeError: this.db.exec is not a function
    at SQLiteService.exec [as initializeDatabase] (C:\kitting\ITManagementSystem\03_実装\it-ops-system\backend\src\services\sqliteService.ts:25:15)
    at new initializeDatabase (C:\kitting\ITManagementSystem\03_実装\it-ops-system\backend\src\services\sqliteService.ts:14:10)
    at Function.getInstance (C:\kitting\ITManagementSystem\03_実装\it-ops-system\backend\src\services\sqliteService.ts:37:32)
    at Object.&lt;anonymous&gt; (C:\kitting\ITManagementSystem\03_実装\it-ops-system\backend\src\tests\setup.ts:20:30)
    at Promise.then.completed (C:\kitting\ITManagementSystem\03_実装\it-ops-system\backend\node_modules\jest-circus\build\utils.js:298:28)
    at new Promise (&lt;anonymous&gt;)
    at callAsyncCircusFn (C:\kitting\ITManagementSystem\03_実装\it-ops-system\backend\node_modules\jest-circus\build\utils.js:231:10)
    at _callCircusHook (C:\kitting\ITManagementSystem\03_実装\it-ops-system\backend\node_modules\jest-circus\build\run.js:281:40)
    at processTicksAndRejections (node:internal/process/task_queues:105:5)
    at _runTestsForDescribeBlock (C:\kitting\ITManagementSystem\03_実装\it-ops-system\backend\node_modules\jest-circus\build\run.js:95:7)
    at run (C:\kitting\ITManagementSystem\03_実装\it-ops-system\backend\node_modules\jest-circus\build\run.js:71:3)
    at runAndTransformResultsToJestFormat (C:\kitting\ITManagementSystem\03_実装\it-ops-system\backend\node_modules\jest-circus\build\legacy-code-todo-rewrite\jestAdapterInit.js:122:21)
    at jestAdapter (C:\kitting\ITManagementSystem\03_実装\it-ops-system\backend\node_modules\jest-circus\build\legacy-code-todo-rewrite\jestAdapter.js:79:19)
    at runTestInternal (C:\kitting\ITManagementSystem\03_実装\it-ops-system\backend\node_modules\jest-runner\build\runTest.js:367:16)
    at runTest (C:\kitting\ITManagementSystem\03_実装\it-ops-system\backend\node_modules\jest-runner\build\runTest.js:444:34)
    at Object.worker (C:\kitting\ITManagementSystem\03_実装\it-ops-system\backend\node_modules\jest-runner\build\testWorker.js:106:12)</failure>
    </testcase>
    <testcase classname="SQLiteService &gt; initialize" name="データベース接続エラーを処理できること" time="0">
      <failure>TypeError: this.db.exec is not a function
    at SQLiteService.exec [as initializeDatabase] (C:\kitting\ITManagementSystem\03_実装\it-ops-system\backend\src\services\sqliteService.ts:25:15)
    at new initializeDatabase (C:\kitting\ITManagementSystem\03_実装\it-ops-system\backend\src\services\sqliteService.ts:14:10)
    at Function.getInstance (C:\kitting\ITManagementSystem\03_実装\it-ops-system\backend\src\services\sqliteService.ts:37:32)
    at Object.&lt;anonymous&gt; (C:\kitting\ITManagementSystem\03_実装\it-ops-system\backend\src\tests\setup.ts:20:30)
    at Promise.then.completed (C:\kitting\ITManagementSystem\03_実装\it-ops-system\backend\node_modules\jest-circus\build\utils.js:298:28)
    at new Promise (&lt;anonymous&gt;)
    at callAsyncCircusFn (C:\kitting\ITManagementSystem\03_実装\it-ops-system\backend\node_modules\jest-circus\build\utils.js:231:10)
    at _callCircusHook (C:\kitting\ITManagementSystem\03_実装\it-ops-system\backend\node_modules\jest-circus\build\run.js:281:40)
    at processTicksAndRejections (node:internal/process/task_queues:105:5)
    at _runTestsForDescribeBlock (C:\kitting\ITManagementSystem\03_実装\it-ops-system\backend\node_modules\jest-circus\build\run.js:95:7)
    at run (C:\kitting\ITManagementSystem\03_実装\it-ops-system\backend\node_modules\jest-circus\build\run.js:71:3)
    at runAndTransformResultsToJestFormat (C:\kitting\ITManagementSystem\03_実装\it-ops-system\backend\node_modules\jest-circus\build\legacy-code-todo-rewrite\jestAdapterInit.js:122:21)
    at jestAdapter (C:\kitting\ITManagementSystem\03_実装\it-ops-system\backend\node_modules\jest-circus\build\legacy-code-todo-rewrite\jestAdapter.js:79:19)
    at runTestInternal (C:\kitting\ITManagementSystem\03_実装\it-ops-system\backend\node_modules\jest-runner\build\runTest.js:367:16)
    at runTest (C:\kitting\ITManagementSystem\03_実装\it-ops-system\backend\node_modules\jest-runner\build\runTest.js:444:34)
    at Object.worker (C:\kitting\ITManagementSystem\03_実装\it-ops-system\backend\node_modules\jest-runner\build\testWorker.js:106:12)</failure>
    </testcase>
    <testcase classname="SQLiteService &gt; run" name="SQLクエリを実行できること" time="0.002">
      <failure>TypeError: this.db.exec is not a function
    at SQLiteService.exec [as initializeDatabase] (C:\kitting\ITManagementSystem\03_実装\it-ops-system\backend\src\services\sqliteService.ts:25:15)
    at new initializeDatabase (C:\kitting\ITManagementSystem\03_実装\it-ops-system\backend\src\services\sqliteService.ts:14:10)
    at Function.getInstance (C:\kitting\ITManagementSystem\03_実装\it-ops-system\backend\src\services\sqliteService.ts:37:32)
    at Object.&lt;anonymous&gt; (C:\kitting\ITManagementSystem\03_実装\it-ops-system\backend\src\tests\setup.ts:20:30)
    at Promise.then.completed (C:\kitting\ITManagementSystem\03_実装\it-ops-system\backend\node_modules\jest-circus\build\utils.js:298:28)
    at new Promise (&lt;anonymous&gt;)
    at callAsyncCircusFn (C:\kitting\ITManagementSystem\03_実装\it-ops-system\backend\node_modules\jest-circus\build\utils.js:231:10)
    at _callCircusHook (C:\kitting\ITManagementSystem\03_実装\it-ops-system\backend\node_modules\jest-circus\build\run.js:281:40)
    at processTicksAndRejections (node:internal/process/task_queues:105:5)
    at _runTestsForDescribeBlock (C:\kitting\ITManagementSystem\03_実装\it-ops-system\backend\node_modules\jest-circus\build\run.js:95:7)
    at run (C:\kitting\ITManagementSystem\03_実装\it-ops-system\backend\node_modules\jest-circus\build\run.js:71:3)
    at runAndTransformResultsToJestFormat (C:\kitting\ITManagementSystem\03_実装\it-ops-system\backend\node_modules\jest-circus\build\legacy-code-todo-rewrite\jestAdapterInit.js:122:21)
    at jestAdapter (C:\kitting\ITManagementSystem\03_実装\it-ops-system\backend\node_modules\jest-circus\build\legacy-code-todo-rewrite\jestAdapter.js:79:19)
    at runTestInternal (C:\kitting\ITManagementSystem\03_実装\it-ops-system\backend\node_modules\jest-runner\build\runTest.js:367:16)
    at runTest (C:\kitting\ITManagementSystem\03_実装\it-ops-system\backend\node_modules\jest-runner\build\runTest.js:444:34)
    at Object.worker (C:\kitting\ITManagementSystem\03_実装\it-ops-system\backend\node_modules\jest-runner\build\testWorker.js:106:12)</failure>
    </testcase>
    <testcase classname="SQLiteService &gt; run" name="クエリエラーを処理できること" time="0">
      <failure>TypeError: this.db.exec is not a function
    at SQLiteService.exec [as initializeDatabase] (C:\kitting\ITManagementSystem\03_実装\it-ops-system\backend\src\services\sqliteService.ts:25:15)
    at new initializeDatabase (C:\kitting\ITManagementSystem\03_実装\it-ops-system\backend\src\services\sqliteService.ts:14:10)
    at Function.getInstance (C:\kitting\ITManagementSystem\03_実装\it-ops-system\backend\src\services\sqliteService.ts:37:32)
    at Object.&lt;anonymous&gt; (C:\kitting\ITManagementSystem\03_実装\it-ops-system\backend\src\tests\setup.ts:20:30)
    at Promise.then.completed (C:\kitting\ITManagementSystem\03_実装\it-ops-system\backend\node_modules\jest-circus\build\utils.js:298:28)
    at new Promise (&lt;anonymous&gt;)
    at callAsyncCircusFn (C:\kitting\ITManagementSystem\03_実装\it-ops-system\backend\node_modules\jest-circus\build\utils.js:231:10)
    at _callCircusHook (C:\kitting\ITManagementSystem\03_実装\it-ops-system\backend\node_modules\jest-circus\build\run.js:281:40)
    at processTicksAndRejections (node:internal/process/task_queues:105:5)
    at _runTestsForDescribeBlock (C:\kitting\ITManagementSystem\03_実装\it-ops-system\backend\node_modules\jest-circus\build\run.js:95:7)
    at run (C:\kitting\ITManagementSystem\03_実装\it-ops-system\backend\node_modules\jest-circus\build\run.js:71:3)
    at runAndTransformResultsToJestFormat (C:\kitting\ITManagementSystem\03_実装\it-ops-system\backend\node_modules\jest-circus\build\legacy-code-todo-rewrite\jestAdapterInit.js:122:21)
    at jestAdapter (C:\kitting\ITManagementSystem\03_実装\it-ops-system\backend\node_modules\jest-circus\build\legacy-code-todo-rewrite\jestAdapter.js:79:19)
    at runTestInternal (C:\kitting\ITManagementSystem\03_実装\it-ops-system\backend\node_modules\jest-runner\build\runTest.js:367:16)
    at runTest (C:\kitting\ITManagementSystem\03_実装\it-ops-system\backend\node_modules\jest-runner\build\runTest.js:444:34)
    at Object.worker (C:\kitting\ITManagementSystem\03_実装\it-ops-system\backend\node_modules\jest-runner\build\testWorker.js:106:12)</failure>
    </testcase>
    <testcase classname="SQLiteService &gt; all" name="複数の結果を返すクエリを実行できること" time="0">
      <failure>TypeError: this.db.exec is not a function
    at SQLiteService.exec [as initializeDatabase] (C:\kitting\ITManagementSystem\03_実装\it-ops-system\backend\src\services\sqliteService.ts:25:15)
    at new initializeDatabase (C:\kitting\ITManagementSystem\03_実装\it-ops-system\backend\src\services\sqliteService.ts:14:10)
    at Function.getInstance (C:\kitting\ITManagementSystem\03_実装\it-ops-system\backend\src\services\sqliteService.ts:37:32)
    at Object.&lt;anonymous&gt; (C:\kitting\ITManagementSystem\03_実装\it-ops-system\backend\src\tests\setup.ts:20:30)
    at Promise.then.completed (C:\kitting\ITManagementSystem\03_実装\it-ops-system\backend\node_modules\jest-circus\build\utils.js:298:28)
    at new Promise (&lt;anonymous&gt;)
    at callAsyncCircusFn (C:\kitting\ITManagementSystem\03_実装\it-ops-system\backend\node_modules\jest-circus\build\utils.js:231:10)
    at _callCircusHook (C:\kitting\ITManagementSystem\03_実装\it-ops-system\backend\node_modules\jest-circus\build\run.js:281:40)
    at processTicksAndRejections (node:internal/process/task_queues:105:5)
    at _runTestsForDescribeBlock (C:\kitting\ITManagementSystem\03_実装\it-ops-system\backend\node_modules\jest-circus\build\run.js:95:7)
    at run (C:\kitting\ITManagementSystem\03_実装\it-ops-system\backend\node_modules\jest-circus\build\run.js:71:3)
    at runAndTransformResultsToJestFormat (C:\kitting\ITManagementSystem\03_実装\it-ops-system\backend\node_modules\jest-circus\build\legacy-code-todo-rewrite\jestAdapterInit.js:122:21)
    at jestAdapter (C:\kitting\ITManagementSystem\03_実装\it-ops-system\backend\node_modules\jest-circus\build\legacy-code-todo-rewrite\jestAdapter.js:79:19)
    at runTestInternal (C:\kitting\ITManagementSystem\03_実装\it-ops-system\backend\node_modules\jest-runner\build\runTest.js:367:16)
    at runTest (C:\kitting\ITManagementSystem\03_実装\it-ops-system\backend\node_modules\jest-runner\build\runTest.js:444:34)
    at Object.worker (C:\kitting\ITManagementSystem\03_実装\it-ops-system\backend\node_modules\jest-runner\build\testWorker.js:106:12)</failure>
    </testcase>
    <testcase classname="SQLiteService &gt; all" name="クエリエラーを処理できること" time="0">
      <failure>TypeError: this.db.exec is not a function
    at SQLiteService.exec [as initializeDatabase] (C:\kitting\ITManagementSystem\03_実装\it-ops-system\backend\src\services\sqliteService.ts:25:15)
    at new initializeDatabase (C:\kitting\ITManagementSystem\03_実装\it-ops-system\backend\src\services\sqliteService.ts:14:10)
    at Function.getInstance (C:\kitting\ITManagementSystem\03_実装\it-ops-system\backend\src\services\sqliteService.ts:37:32)
    at Object.&lt;anonymous&gt; (C:\kitting\ITManagementSystem\03_実装\it-ops-system\backend\src\tests\setup.ts:20:30)
    at Promise.then.completed (C:\kitting\ITManagementSystem\03_実装\it-ops-system\backend\node_modules\jest-circus\build\utils.js:298:28)
    at new Promise (&lt;anonymous&gt;)
    at callAsyncCircusFn (C:\kitting\ITManagementSystem\03_実装\it-ops-system\backend\node_modules\jest-circus\build\utils.js:231:10)
    at _callCircusHook (C:\kitting\ITManagementSystem\03_実装\it-ops-system\backend\node_modules\jest-circus\build\run.js:281:40)
    at processTicksAndRejections (node:internal/process/task_queues:105:5)
    at _runTestsForDescribeBlock (C:\kitting\ITManagementSystem\03_実装\it-ops-system\backend\node_modules\jest-circus\build\run.js:95:7)
    at run (C:\kitting\ITManagementSystem\03_実装\it-ops-system\backend\node_modules\jest-circus\build\run.js:71:3)
    at runAndTransformResultsToJestFormat (C:\kitting\ITManagementSystem\03_実装\it-ops-system\backend\node_modules\jest-circus\build\legacy-code-todo-rewrite\jestAdapterInit.js:122:21)
    at jestAdapter (C:\kitting\ITManagementSystem\03_実装\it-ops-system\backend\node_modules\jest-circus\build\legacy-code-todo-rewrite\jestAdapter.js:79:19)
    at runTestInternal (C:\kitting\ITManagementSystem\03_実装\it-ops-system\backend\node_modules\jest-runner\build\runTest.js:367:16)
    at runTest (C:\kitting\ITManagementSystem\03_実装\it-ops-system\backend\node_modules\jest-runner\build\runTest.js:444:34)
    at Object.worker (C:\kitting\ITManagementSystem\03_実装\it-ops-system\backend\node_modules\jest-runner\build\testWorker.js:106:12)</failure>
    </testcase>
    <testcase classname="SQLiteService &gt; get" name="単一の結果を返すクエリを実行できること" time="0.001">
      <failure>TypeError: this.db.exec is not a function
    at SQLiteService.exec [as initializeDatabase] (C:\kitting\ITManagementSystem\03_実装\it-ops-system\backend\src\services\sqliteService.ts:25:15)
    at new initializeDatabase (C:\kitting\ITManagementSystem\03_実装\it-ops-system\backend\src\services\sqliteService.ts:14:10)
    at Function.getInstance (C:\kitting\ITManagementSystem\03_実装\it-ops-system\backend\src\services\sqliteService.ts:37:32)
    at Object.&lt;anonymous&gt; (C:\kitting\ITManagementSystem\03_実装\it-ops-system\backend\src\tests\setup.ts:20:30)
    at Promise.then.completed (C:\kitting\ITManagementSystem\03_実装\it-ops-system\backend\node_modules\jest-circus\build\utils.js:298:28)
    at new Promise (&lt;anonymous&gt;)
    at callAsyncCircusFn (C:\kitting\ITManagementSystem\03_実装\it-ops-system\backend\node_modules\jest-circus\build\utils.js:231:10)
    at _callCircusHook (C:\kitting\ITManagementSystem\03_実装\it-ops-system\backend\node_modules\jest-circus\build\run.js:281:40)
    at processTicksAndRejections (node:internal/process/task_queues:105:5)
    at _runTestsForDescribeBlock (C:\kitting\ITManagementSystem\03_実装\it-ops-system\backend\node_modules\jest-circus\build\run.js:95:7)
    at run (C:\kitting\ITManagementSystem\03_実装\it-ops-system\backend\node_modules\jest-circus\build\run.js:71:3)
    at runAndTransformResultsToJestFormat (C:\kitting\ITManagementSystem\03_実装\it-ops-system\backend\node_modules\jest-circus\build\legacy-code-todo-rewrite\jestAdapterInit.js:122:21)
    at jestAdapter (C:\kitting\ITManagementSystem\03_実装\it-ops-system\backend\node_modules\jest-circus\build\legacy-code-todo-rewrite\jestAdapter.js:79:19)
    at runTestInternal (C:\kitting\ITManagementSystem\03_実装\it-ops-system\backend\node_modules\jest-runner\build\runTest.js:367:16)
    at runTest (C:\kitting\ITManagementSystem\03_実装\it-ops-system\backend\node_modules\jest-runner\build\runTest.js:444:34)
    at Object.worker (C:\kitting\ITManagementSystem\03_実装\it-ops-system\backend\node_modules\jest-runner\build\testWorker.js:106:12)</failure>
    </testcase>
    <testcase classname="SQLiteService &gt; get" name="結果が見つからない場合にnullを返すこと" time="0">
      <failure>TypeError: this.db.exec is not a function
    at SQLiteService.exec [as initializeDatabase] (C:\kitting\ITManagementSystem\03_実装\it-ops-system\backend\src\services\sqliteService.ts:25:15)
    at new initializeDatabase (C:\kitting\ITManagementSystem\03_実装\it-ops-system\backend\src\services\sqliteService.ts:14:10)
    at Function.getInstance (C:\kitting\ITManagementSystem\03_実装\it-ops-system\backend\src\services\sqliteService.ts:37:32)
    at Object.&lt;anonymous&gt; (C:\kitting\ITManagementSystem\03_実装\it-ops-system\backend\src\tests\setup.ts:20:30)
    at Promise.then.completed (C:\kitting\ITManagementSystem\03_実装\it-ops-system\backend\node_modules\jest-circus\build\utils.js:298:28)
    at new Promise (&lt;anonymous&gt;)
    at callAsyncCircusFn (C:\kitting\ITManagementSystem\03_実装\it-ops-system\backend\node_modules\jest-circus\build\utils.js:231:10)
    at _callCircusHook (C:\kitting\ITManagementSystem\03_実装\it-ops-system\backend\node_modules\jest-circus\build\run.js:281:40)
    at processTicksAndRejections (node:internal/process/task_queues:105:5)
    at _runTestsForDescribeBlock (C:\kitting\ITManagementSystem\03_実装\it-ops-system\backend\node_modules\jest-circus\build\run.js:95:7)
    at run (C:\kitting\ITManagementSystem\03_実装\it-ops-system\backend\node_modules\jest-circus\build\run.js:71:3)
    at runAndTransformResultsToJestFormat (C:\kitting\ITManagementSystem\03_実装\it-ops-system\backend\node_modules\jest-circus\build\legacy-code-todo-rewrite\jestAdapterInit.js:122:21)
    at jestAdapter (C:\kitting\ITManagementSystem\03_実装\it-ops-system\backend\node_modules\jest-circus\build\legacy-code-todo-rewrite\jestAdapter.js:79:19)
    at runTestInternal (C:\kitting\ITManagementSystem\03_実装\it-ops-system\backend\node_modules\jest-runner\build\runTest.js:367:16)
    at runTest (C:\kitting\ITManagementSystem\03_実装\it-ops-system\backend\node_modules\jest-runner\build\runTest.js:444:34)
    at Object.worker (C:\kitting\ITManagementSystem\03_実装\it-ops-system\backend\node_modules\jest-runner\build\testWorker.js:106:12)</failure>
    </testcase>
    <testcase classname="SQLiteService &gt; get" name="クエリエラーを処理できること" time="0.001">
      <failure>TypeError: this.db.exec is not a function
    at SQLiteService.exec [as initializeDatabase] (C:\kitting\ITManagementSystem\03_実装\it-ops-system\backend\src\services\sqliteService.ts:25:15)
    at new initializeDatabase (C:\kitting\ITManagementSystem\03_実装\it-ops-system\backend\src\services\sqliteService.ts:14:10)
    at Function.getInstance (C:\kitting\ITManagementSystem\03_実装\it-ops-system\backend\src\services\sqliteService.ts:37:32)
    at Object.&lt;anonymous&gt; (C:\kitting\ITManagementSystem\03_実装\it-ops-system\backend\src\tests\setup.ts:20:30)
    at Promise.then.completed (C:\kitting\ITManagementSystem\03_実装\it-ops-system\backend\node_modules\jest-circus\build\utils.js:298:28)
    at new Promise (&lt;anonymous&gt;)
    at callAsyncCircusFn (C:\kitting\ITManagementSystem\03_実装\it-ops-system\backend\node_modules\jest-circus\build\utils.js:231:10)
    at _callCircusHook (C:\kitting\ITManagementSystem\03_実装\it-ops-system\backend\node_modules\jest-circus\build\run.js:281:40)
    at processTicksAndRejections (node:internal/process/task_queues:105:5)
    at _runTestsForDescribeBlock (C:\kitting\ITManagementSystem\03_実装\it-ops-system\backend\node_modules\jest-circus\build\run.js:95:7)
    at run (C:\kitting\ITManagementSystem\03_実装\it-ops-system\backend\node_modules\jest-circus\build\run.js:71:3)
    at runAndTransformResultsToJestFormat (C:\kitting\ITManagementSystem\03_実装\it-ops-system\backend\node_modules\jest-circus\build\legacy-code-todo-rewrite\jestAdapterInit.js:122:21)
    at jestAdapter (C:\kitting\ITManagementSystem\03_実装\it-ops-system\backend\node_modules\jest-circus\build\legacy-code-todo-rewrite\jestAdapter.js:79:19)
    at runTestInternal (C:\kitting\ITManagementSystem\03_実装\it-ops-system\backend\node_modules\jest-runner\build\runTest.js:367:16)
    at runTest (C:\kitting\ITManagementSystem\03_実装\it-ops-system\backend\node_modules\jest-runner\build\runTest.js:444:34)
    at Object.worker (C:\kitting\ITManagementSystem\03_実装\it-ops-system\backend\node_modules\jest-runner\build\testWorker.js:106:12)</failure>
    </testcase>
    <testcase classname="SQLiteService &gt; exec" name="複数のSQLステートメントを実行できること" time="0">
      <failure>TypeError: this.db.exec is not a function
    at SQLiteService.exec [as initializeDatabase] (C:\kitting\ITManagementSystem\03_実装\it-ops-system\backend\src\services\sqliteService.ts:25:15)
    at new initializeDatabase (C:\kitting\ITManagementSystem\03_実装\it-ops-system\backend\src\services\sqliteService.ts:14:10)
    at Function.getInstance (C:\kitting\ITManagementSystem\03_実装\it-ops-system\backend\src\services\sqliteService.ts:37:32)
    at Object.&lt;anonymous&gt; (C:\kitting\ITManagementSystem\03_実装\it-ops-system\backend\src\tests\setup.ts:20:30)
    at Promise.then.completed (C:\kitting\ITManagementSystem\03_実装\it-ops-system\backend\node_modules\jest-circus\build\utils.js:298:28)
    at new Promise (&lt;anonymous&gt;)
    at callAsyncCircusFn (C:\kitting\ITManagementSystem\03_実装\it-ops-system\backend\node_modules\jest-circus\build\utils.js:231:10)
    at _callCircusHook (C:\kitting\ITManagementSystem\03_実装\it-ops-system\backend\node_modules\jest-circus\build\run.js:281:40)
    at processTicksAndRejections (node:internal/process/task_queues:105:5)
    at _runTestsForDescribeBlock (C:\kitting\ITManagementSystem\03_実装\it-ops-system\backend\node_modules\jest-circus\build\run.js:95:7)
    at run (C:\kitting\ITManagementSystem\03_実装\it-ops-system\backend\node_modules\jest-circus\build\run.js:71:3)
    at runAndTransformResultsToJestFormat (C:\kitting\ITManagementSystem\03_実装\it-ops-system\backend\node_modules\jest-circus\build\legacy-code-todo-rewrite\jestAdapterInit.js:122:21)
    at jestAdapter (C:\kitting\ITManagementSystem\03_実装\it-ops-system\backend\node_modules\jest-circus\build\legacy-code-todo-rewrite\jestAdapter.js:79:19)
    at runTestInternal (C:\kitting\ITManagementSystem\03_実装\it-ops-system\backend\node_modules\jest-runner\build\runTest.js:367:16)
    at runTest (C:\kitting\ITManagementSystem\03_実装\it-ops-system\backend\node_modules\jest-runner\build\runTest.js:444:34)
    at Object.worker (C:\kitting\ITManagementSystem\03_実装\it-ops-system\backend\node_modules\jest-runner\build\testWorker.js:106:12)</failure>
    </testcase>
    <testcase classname="SQLiteService &gt; exec" name="実行エラーを処理できること" time="0">
      <failure>TypeError: this.db.exec is not a function
    at SQLiteService.exec [as initializeDatabase] (C:\kitting\ITManagementSystem\03_実装\it-ops-system\backend\src\services\sqliteService.ts:25:15)
    at new initializeDatabase (C:\kitting\ITManagementSystem\03_実装\it-ops-system\backend\src\services\sqliteService.ts:14:10)
    at Function.getInstance (C:\kitting\ITManagementSystem\03_実装\it-ops-system\backend\src\services\sqliteService.ts:37:32)
    at Object.&lt;anonymous&gt; (C:\kitting\ITManagementSystem\03_実装\it-ops-system\backend\src\tests\setup.ts:20:30)
    at Promise.then.completed (C:\kitting\ITManagementSystem\03_実装\it-ops-system\backend\node_modules\jest-circus\build\utils.js:298:28)
    at new Promise (&lt;anonymous&gt;)
    at callAsyncCircusFn (C:\kitting\ITManagementSystem\03_実装\it-ops-system\backend\node_modules\jest-circus\build\utils.js:231:10)
    at _callCircusHook (C:\kitting\ITManagementSystem\03_実装\it-ops-system\backend\node_modules\jest-circus\build\run.js:281:40)
    at processTicksAndRejections (node:internal/process/task_queues:105:5)
    at _runTestsForDescribeBlock (C:\kitting\ITManagementSystem\03_実装\it-ops-system\backend\node_modules\jest-circus\build\run.js:95:7)
    at run (C:\kitting\ITManagementSystem\03_実装\it-ops-system\backend\node_modules\jest-circus\build\run.js:71:3)
    at runAndTransformResultsToJestFormat (C:\kitting\ITManagementSystem\03_実装\it-ops-system\backend\node_modules\jest-circus\build\legacy-code-todo-rewrite\jestAdapterInit.js:122:21)
    at jestAdapter (C:\kitting\ITManagementSystem\03_実装\it-ops-system\backend\node_modules\jest-circus\build\legacy-code-todo-rewrite\jestAdapter.js:79:19)
    at runTestInternal (C:\kitting\ITManagementSystem\03_実装\it-ops-system\backend\node_modules\jest-runner\build\runTest.js:367:16)
    at runTest (C:\kitting\ITManagementSystem\03_実装\it-ops-system\backend\node_modules\jest-runner\build\runTest.js:444:34)
    at Object.worker (C:\kitting\ITManagementSystem\03_実装\it-ops-system\backend\node_modules\jest-runner\build\testWorker.js:106:12)</failure>
    </testcase>
    <testcase classname="SQLiteService &gt; healthCheck" name="正常な状態を確認できること" time="0">
      <failure>TypeError: this.db.exec is not a function
    at SQLiteService.exec [as initializeDatabase] (C:\kitting\ITManagementSystem\03_実装\it-ops-system\backend\src\services\sqliteService.ts:25:15)
    at new initializeDatabase (C:\kitting\ITManagementSystem\03_実装\it-ops-system\backend\src\services\sqliteService.ts:14:10)
    at Function.getInstance (C:\kitting\ITManagementSystem\03_実装\it-ops-system\backend\src\services\sqliteService.ts:37:32)
    at Object.&lt;anonymous&gt; (C:\kitting\ITManagementSystem\03_実装\it-ops-system\backend\src\tests\setup.ts:20:30)
    at Promise.then.completed (C:\kitting\ITManagementSystem\03_実装\it-ops-system\backend\node_modules\jest-circus\build\utils.js:298:28)
    at new Promise (&lt;anonymous&gt;)
    at callAsyncCircusFn (C:\kitting\ITManagementSystem\03_実装\it-ops-system\backend\node_modules\jest-circus\build\utils.js:231:10)
    at _callCircusHook (C:\kitting\ITManagementSystem\03_実装\it-ops-system\backend\node_modules\jest-circus\build\run.js:281:40)
    at processTicksAndRejections (node:internal/process/task_queues:105:5)
    at _runTestsForDescribeBlock (C:\kitting\ITManagementSystem\03_実装\it-ops-system\backend\node_modules\jest-circus\build\run.js:95:7)
    at run (C:\kitting\ITManagementSystem\03_実装\it-ops-system\backend\node_modules\jest-circus\build\run.js:71:3)
    at runAndTransformResultsToJestFormat (C:\kitting\ITManagementSystem\03_実装\it-ops-system\backend\node_modules\jest-circus\build\legacy-code-todo-rewrite\jestAdapterInit.js:122:21)
    at jestAdapter (C:\kitting\ITManagementSystem\03_実装\it-ops-system\backend\node_modules\jest-circus\build\legacy-code-todo-rewrite\jestAdapter.js:79:19)
    at runTestInternal (C:\kitting\ITManagementSystem\03_実装\it-ops-system\backend\node_modules\jest-runner\build\runTest.js:367:16)
    at runTest (C:\kitting\ITManagementSystem\03_実装\it-ops-system\backend\node_modules\jest-runner\build\runTest.js:444:34)
    at Object.worker (C:\kitting\ITManagementSystem\03_実装\it-ops-system\backend\node_modules\jest-runner\build\testWorker.js:106:12)</failure>
    </testcase>
    <testcase classname="SQLiteService &gt; healthCheck" name="異常な状態を検出できること" time="0.001">
      <failure>TypeError: this.db.exec is not a function
    at SQLiteService.exec [as initializeDatabase] (C:\kitting\ITManagementSystem\03_実装\it-ops-system\backend\src\services\sqliteService.ts:25:15)
    at new initializeDatabase (C:\kitting\ITManagementSystem\03_実装\it-ops-system\backend\src\services\sqliteService.ts:14:10)
    at Function.getInstance (C:\kitting\ITManagementSystem\03_実装\it-ops-system\backend\src\services\sqliteService.ts:37:32)
    at Object.&lt;anonymous&gt; (C:\kitting\ITManagementSystem\03_実装\it-ops-system\backend\src\tests\setup.ts:20:30)
    at Promise.then.completed (C:\kitting\ITManagementSystem\03_実装\it-ops-system\backend\node_modules\jest-circus\build\utils.js:298:28)
    at new Promise (&lt;anonymous&gt;)
    at callAsyncCircusFn (C:\kitting\ITManagementSystem\03_実装\it-ops-system\backend\node_modules\jest-circus\build\utils.js:231:10)
    at _callCircusHook (C:\kitting\ITManagementSystem\03_実装\it-ops-system\backend\node_modules\jest-circus\build\run.js:281:40)
    at processTicksAndRejections (node:internal/process/task_queues:105:5)
    at _runTestsForDescribeBlock (C:\kitting\ITManagementSystem\03_実装\it-ops-system\backend\node_modules\jest-circus\build\run.js:95:7)
    at run (C:\kitting\ITManagementSystem\03_実装\it-ops-system\backend\node_modules\jest-circus\build\run.js:71:3)
    at runAndTransformResultsToJestFormat (C:\kitting\ITManagementSystem\03_実装\it-ops-system\backend\node_modules\jest-circus\build\legacy-code-todo-rewrite\jestAdapterInit.js:122:21)
    at jestAdapter (C:\kitting\ITManagementSystem\03_実装\it-ops-system\backend\node_modules\jest-circus\build\legacy-code-todo-rewrite\jestAdapter.js:79:19)
    at runTestInternal (C:\kitting\ITManagementSystem\03_実装\it-ops-system\backend\node_modules\jest-runner\build\runTest.js:367:16)
    at runTest (C:\kitting\ITManagementSystem\03_実装\it-ops-system\backend\node_modules\jest-runner\build\runTest.js:444:34)
    at Object.worker (C:\kitting\ITManagementSystem\03_実装\it-ops-system\backend\node_modules\jest-runner\build\testWorker.js:106:12)</failure>
    </testcase>
  </testsuite>
  <testsuite name="Error Handler Middleware Tests" errors="0" failures="7" skipped="0" timestamp="2025-03-08T11:28:22" time="0.638" tests="7">
    <testcase classname="Error Handler Middleware Tests" name="バリデーションエラーを適切に処理すること" time="0">
      <failure>TypeError: db.initialize is not a function
    at Object.&lt;anonymous&gt; (C:\kitting\ITManagementSystem\03_実装\it-ops-system\backend\src\tests\setup.ts:21:14)
    at Promise.then.completed (C:\kitting\ITManagementSystem\03_実装\it-ops-system\backend\node_modules\jest-circus\build\utils.js:298:28)
    at new Promise (&lt;anonymous&gt;)
    at callAsyncCircusFn (C:\kitting\ITManagementSystem\03_実装\it-ops-system\backend\node_modules\jest-circus\build\utils.js:231:10)
    at _callCircusHook (C:\kitting\ITManagementSystem\03_実装\it-ops-system\backend\node_modules\jest-circus\build\run.js:281:40)
    at processTicksAndRejections (node:internal/process/task_queues:105:5)
    at _runTestsForDescribeBlock (C:\kitting\ITManagementSystem\03_実装\it-ops-system\backend\node_modules\jest-circus\build\run.js:95:7)
    at run (C:\kitting\ITManagementSystem\03_実装\it-ops-system\backend\node_modules\jest-circus\build\run.js:71:3)
    at runAndTransformResultsToJestFormat (C:\kitting\ITManagementSystem\03_実装\it-ops-system\backend\node_modules\jest-circus\build\legacy-code-todo-rewrite\jestAdapterInit.js:122:21)
    at jestAdapter (C:\kitting\ITManagementSystem\03_実装\it-ops-system\backend\node_modules\jest-circus\build\legacy-code-todo-rewrite\jestAdapter.js:79:19)
    at runTestInternal (C:\kitting\ITManagementSystem\03_実装\it-ops-system\backend\node_modules\jest-runner\build\runTest.js:367:16)
    at runTest (C:\kitting\ITManagementSystem\03_実装\it-ops-system\backend\node_modules\jest-runner\build\runTest.js:444:34)
    at Object.worker (C:\kitting\ITManagementSystem\03_実装\it-ops-system\backend\node_modules\jest-runner\build\testWorker.js:106:12)</failure>
    </testcase>
    <testcase classname="Error Handler Middleware Tests" name="権限エラーを適切に処理すること" time="0">
      <failure>TypeError: db.initialize is not a function
    at Object.&lt;anonymous&gt; (C:\kitting\ITManagementSystem\03_実装\it-ops-system\backend\src\tests\setup.ts:21:14)
    at Promise.then.completed (C:\kitting\ITManagementSystem\03_実装\it-ops-system\backend\node_modules\jest-circus\build\utils.js:298:28)
    at new Promise (&lt;anonymous&gt;)
    at callAsyncCircusFn (C:\kitting\ITManagementSystem\03_実装\it-ops-system\backend\node_modules\jest-circus\build\utils.js:231:10)
    at _callCircusHook (C:\kitting\ITManagementSystem\03_実装\it-ops-system\backend\node_modules\jest-circus\build\run.js:281:40)
    at processTicksAndRejections (node:internal/process/task_queues:105:5)
    at _runTestsForDescribeBlock (C:\kitting\ITManagementSystem\03_実装\it-ops-system\backend\node_modules\jest-circus\build\run.js:95:7)
    at run (C:\kitting\ITManagementSystem\03_実装\it-ops-system\backend\node_modules\jest-circus\build\run.js:71:3)
    at runAndTransformResultsToJestFormat (C:\kitting\ITManagementSystem\03_実装\it-ops-system\backend\node_modules\jest-circus\build\legacy-code-todo-rewrite\jestAdapterInit.js:122:21)
    at jestAdapter (C:\kitting\ITManagementSystem\03_実装\it-ops-system\backend\node_modules\jest-circus\build\legacy-code-todo-rewrite\jestAdapter.js:79:19)
    at runTestInternal (C:\kitting\ITManagementSystem\03_実装\it-ops-system\backend\node_modules\jest-runner\build\runTest.js:367:16)
    at runTest (C:\kitting\ITManagementSystem\03_実装\it-ops-system\backend\node_modules\jest-runner\build\runTest.js:444:34)
    at Object.worker (C:\kitting\ITManagementSystem\03_実装\it-ops-system\backend\node_modules\jest-runner\build\testWorker.js:106:12)</failure>
    </testcase>
    <testcase classname="Error Handler Middleware Tests" name="Not Foundエラーを適切に処理すること" time="0">
      <failure>TypeError: db.initialize is not a function
    at Object.&lt;anonymous&gt; (C:\kitting\ITManagementSystem\03_実装\it-ops-system\backend\src\tests\setup.ts:21:14)
    at Promise.then.completed (C:\kitting\ITManagementSystem\03_実装\it-ops-system\backend\node_modules\jest-circus\build\utils.js:298:28)
    at new Promise (&lt;anonymous&gt;)
    at callAsyncCircusFn (C:\kitting\ITManagementSystem\03_実装\it-ops-system\backend\node_modules\jest-circus\build\utils.js:231:10)
    at _callCircusHook (C:\kitting\ITManagementSystem\03_実装\it-ops-system\backend\node_modules\jest-circus\build\run.js:281:40)
    at processTicksAndRejections (node:internal/process/task_queues:105:5)
    at _runTestsForDescribeBlock (C:\kitting\ITManagementSystem\03_実装\it-ops-system\backend\node_modules\jest-circus\build\run.js:95:7)
    at run (C:\kitting\ITManagementSystem\03_実装\it-ops-system\backend\node_modules\jest-circus\build\run.js:71:3)
    at runAndTransformResultsToJestFormat (C:\kitting\ITManagementSystem\03_実装\it-ops-system\backend\node_modules\jest-circus\build\legacy-code-todo-rewrite\jestAdapterInit.js:122:21)
    at jestAdapter (C:\kitting\ITManagementSystem\03_実装\it-ops-system\backend\node_modules\jest-circus\build\legacy-code-todo-rewrite\jestAdapter.js:79:19)
    at runTestInternal (C:\kitting\ITManagementSystem\03_実装\it-ops-system\backend\node_modules\jest-runner\build\runTest.js:367:16)
    at runTest (C:\kitting\ITManagementSystem\03_実装\it-ops-system\backend\node_modules\jest-runner\build\runTest.js:444:34)
    at Object.worker (C:\kitting\ITManagementSystem\03_実装\it-ops-system\backend\node_modules\jest-runner\build\testWorker.js:106:12)</failure>
    </testcase>
    <testcase classname="Error Handler Middleware Tests" name="データベースエラーを適切に処理すること" time="0">
      <failure>TypeError: db.initialize is not a function
    at Object.&lt;anonymous&gt; (C:\kitting\ITManagementSystem\03_実装\it-ops-system\backend\src\tests\setup.ts:21:14)
    at Promise.then.completed (C:\kitting\ITManagementSystem\03_実装\it-ops-system\backend\node_modules\jest-circus\build\utils.js:298:28)
    at new Promise (&lt;anonymous&gt;)
    at callAsyncCircusFn (C:\kitting\ITManagementSystem\03_実装\it-ops-system\backend\node_modules\jest-circus\build\utils.js:231:10)
    at _callCircusHook (C:\kitting\ITManagementSystem\03_実装\it-ops-system\backend\node_modules\jest-circus\build\run.js:281:40)
    at processTicksAndRejections (node:internal/process/task_queues:105:5)
    at _runTestsForDescribeBlock (C:\kitting\ITManagementSystem\03_実装\it-ops-system\backend\node_modules\jest-circus\build\run.js:95:7)
    at run (C:\kitting\ITManagementSystem\03_実装\it-ops-system\backend\node_modules\jest-circus\build\run.js:71:3)
    at runAndTransformResultsToJestFormat (C:\kitting\ITManagementSystem\03_実装\it-ops-system\backend\node_modules\jest-circus\build\legacy-code-todo-rewrite\jestAdapterInit.js:122:21)
    at jestAdapter (C:\kitting\ITManagementSystem\03_実装\it-ops-system\backend\node_modules\jest-circus\build\legacy-code-todo-rewrite\jestAdapter.js:79:19)
    at runTestInternal (C:\kitting\ITManagementSystem\03_実装\it-ops-system\backend\node_modules\jest-runner\build\runTest.js:367:16)
    at runTest (C:\kitting\ITManagementSystem\03_実装\it-ops-system\backend\node_modules\jest-runner\build\runTest.js:444:34)
    at Object.worker (C:\kitting\ITManagementSystem\03_実装\it-ops-system\backend\node_modules\jest-runner\build\testWorker.js:106:12)</failure>
    </testcase>
    <testcase classname="Error Handler Middleware Tests" name="一般的なエラーを適切に処理すること" time="0">
      <failure>TypeError: db.initialize is not a function
    at Object.&lt;anonymous&gt; (C:\kitting\ITManagementSystem\03_実装\it-ops-system\backend\src\tests\setup.ts:21:14)
    at Promise.then.completed (C:\kitting\ITManagementSystem\03_実装\it-ops-system\backend\node_modules\jest-circus\build\utils.js:298:28)
    at new Promise (&lt;anonymous&gt;)
    at callAsyncCircusFn (C:\kitting\ITManagementSystem\03_実装\it-ops-system\backend\node_modules\jest-circus\build\utils.js:231:10)
    at _callCircusHook (C:\kitting\ITManagementSystem\03_実装\it-ops-system\backend\node_modules\jest-circus\build\run.js:281:40)
    at processTicksAndRejections (node:internal/process/task_queues:105:5)
    at _runTestsForDescribeBlock (C:\kitting\ITManagementSystem\03_実装\it-ops-system\backend\node_modules\jest-circus\build\run.js:95:7)
    at run (C:\kitting\ITManagementSystem\03_実装\it-ops-system\backend\node_modules\jest-circus\build\run.js:71:3)
    at runAndTransformResultsToJestFormat (C:\kitting\ITManagementSystem\03_実装\it-ops-system\backend\node_modules\jest-circus\build\legacy-code-todo-rewrite\jestAdapterInit.js:122:21)
    at jestAdapter (C:\kitting\ITManagementSystem\03_実装\it-ops-system\backend\node_modules\jest-circus\build\legacy-code-todo-rewrite\jestAdapter.js:79:19)
    at runTestInternal (C:\kitting\ITManagementSystem\03_実装\it-ops-system\backend\node_modules\jest-runner\build\runTest.js:367:16)
    at runTest (C:\kitting\ITManagementSystem\03_実装\it-ops-system\backend\node_modules\jest-runner\build\runTest.js:444:34)
    at Object.worker (C:\kitting\ITManagementSystem\03_実装\it-ops-system\backend\node_modules\jest-runner\build\testWorker.js:106:12)</failure>
    </testcase>
    <testcase classname="Error Handler Middleware Tests" name="開発環境でスタックトレースを含めること" time="0">
      <failure>TypeError: db.initialize is not a function
    at Object.&lt;anonymous&gt; (C:\kitting\ITManagementSystem\03_実装\it-ops-system\backend\src\tests\setup.ts:21:14)
    at Promise.then.completed (C:\kitting\ITManagementSystem\03_実装\it-ops-system\backend\node_modules\jest-circus\build\utils.js:298:28)
    at new Promise (&lt;anonymous&gt;)
    at callAsyncCircusFn (C:\kitting\ITManagementSystem\03_実装\it-ops-system\backend\node_modules\jest-circus\build\utils.js:231:10)
    at _callCircusHook (C:\kitting\ITManagementSystem\03_実装\it-ops-system\backend\node_modules\jest-circus\build\run.js:281:40)
    at processTicksAndRejections (node:internal/process/task_queues:105:5)
    at _runTestsForDescribeBlock (C:\kitting\ITManagementSystem\03_実装\it-ops-system\backend\node_modules\jest-circus\build\run.js:95:7)
    at run (C:\kitting\ITManagementSystem\03_実装\it-ops-system\backend\node_modules\jest-circus\build\run.js:71:3)
    at runAndTransformResultsToJestFormat (C:\kitting\ITManagementSystem\03_実装\it-ops-system\backend\node_modules\jest-circus\build\legacy-code-todo-rewrite\jestAdapterInit.js:122:21)
    at jestAdapter (C:\kitting\ITManagementSystem\03_実装\it-ops-system\backend\node_modules\jest-circus\build\legacy-code-todo-rewrite\jestAdapter.js:79:19)
    at runTestInternal (C:\kitting\ITManagementSystem\03_実装\it-ops-system\backend\node_modules\jest-runner\build\runTest.js:367:16)
    at runTest (C:\kitting\ITManagementSystem\03_実装\it-ops-system\backend\node_modules\jest-runner\build\runTest.js:444:34)
    at Object.worker (C:\kitting\ITManagementSystem\03_実装\it-ops-system\backend\node_modules\jest-runner\build\testWorker.js:106:12)</failure>
    </testcase>
    <testcase classname="Error Handler Middleware Tests" name="エラーをロギングサービスに記録すること" time="0.001">
      <failure>TypeError: db.initialize is not a function
    at Object.&lt;anonymous&gt; (C:\kitting\ITManagementSystem\03_実装\it-ops-system\backend\src\tests\setup.ts:21:14)
    at Promise.then.completed (C:\kitting\ITManagementSystem\03_実装\it-ops-system\backend\node_modules\jest-circus\build\utils.js:298:28)
    at new Promise (&lt;anonymous&gt;)
    at callAsyncCircusFn (C:\kitting\ITManagementSystem\03_実装\it-ops-system\backend\node_modules\jest-circus\build\utils.js:231:10)
    at _callCircusHook (C:\kitting\ITManagementSystem\03_実装\it-ops-system\backend\node_modules\jest-circus\build\run.js:281:40)
    at processTicksAndRejections (node:internal/process/task_queues:105:5)
    at _runTestsForDescribeBlock (C:\kitting\ITManagementSystem\03_実装\it-ops-system\backend\node_modules\jest-circus\build\run.js:95:7)
    at run (C:\kitting\ITManagementSystem\03_実装\it-ops-system\backend\node_modules\jest-circus\build\run.js:71:3)
    at runAndTransformResultsToJestFormat (C:\kitting\ITManagementSystem\03_実装\it-ops-system\backend\node_modules\jest-circus\build\legacy-code-todo-rewrite\jestAdapterInit.js:122:21)
    at jestAdapter (C:\kitting\ITManagementSystem\03_実装\it-ops-system\backend\node_modules\jest-circus\build\legacy-code-todo-rewrite\jestAdapter.js:79:19)
    at runTestInternal (C:\kitting\ITManagementSystem\03_実装\it-ops-system\backend\node_modules\jest-runner\build\runTest.js:367:16)
    at runTest (C:\kitting\ITManagementSystem\03_実装\it-ops-system\backend\node_modules\jest-runner\build\runTest.js:444:34)
    at Object.worker (C:\kitting\ITManagementSystem\03_実装\it-ops-system\backend\node_modules\jest-runner\build\testWorker.js:106:12)</failure>
    </testcase>
  </testsuite>
  <testsuite name="Authorization Middleware Tests" errors="0" failures="8" skipped="0" timestamp="2025-03-08T11:28:22" time="0.992" tests="8">
    <testcase classname="Authorization Middleware Tests &gt; checkPermission" name="権限があるユーザーをパスすること" time="0">
      <failure>TypeError: db.initialize is not a function
    at Object.&lt;anonymous&gt; (C:\kitting\ITManagementSystem\03_実装\it-ops-system\backend\src\tests\setup.ts:21:14)
    at Promise.then.completed (C:\kitting\ITManagementSystem\03_実装\it-ops-system\backend\node_modules\jest-circus\build\utils.js:298:28)
    at new Promise (&lt;anonymous&gt;)
    at callAsyncCircusFn (C:\kitting\ITManagementSystem\03_実装\it-ops-system\backend\node_modules\jest-circus\build\utils.js:231:10)
    at _callCircusHook (C:\kitting\ITManagementSystem\03_実装\it-ops-system\backend\node_modules\jest-circus\build\run.js:281:40)
    at processTicksAndRejections (node:internal/process/task_queues:105:5)
    at _runTestsForDescribeBlock (C:\kitting\ITManagementSystem\03_実装\it-ops-system\backend\node_modules\jest-circus\build\run.js:95:7)
    at run (C:\kitting\ITManagementSystem\03_実装\it-ops-system\backend\node_modules\jest-circus\build\run.js:71:3)
    at runAndTransformResultsToJestFormat (C:\kitting\ITManagementSystem\03_実装\it-ops-system\backend\node_modules\jest-circus\build\legacy-code-todo-rewrite\jestAdapterInit.js:122:21)
    at jestAdapter (C:\kitting\ITManagementSystem\03_実装\it-ops-system\backend\node_modules\jest-circus\build\legacy-code-todo-rewrite\jestAdapter.js:79:19)
    at runTestInternal (C:\kitting\ITManagementSystem\03_実装\it-ops-system\backend\node_modules\jest-runner\build\runTest.js:367:16)
    at runTest (C:\kitting\ITManagementSystem\03_実装\it-ops-system\backend\node_modules\jest-runner\build\runTest.js:444:34)
    at Object.worker (C:\kitting\ITManagementSystem\03_実装\it-ops-system\backend\node_modules\jest-runner\build\testWorker.js:106:12)</failure>
    </testcase>
    <testcase classname="Authorization Middleware Tests &gt; checkPermission" name="権限のないユーザーを拒否すること" time="0">
      <failure>TypeError: db.initialize is not a function
    at Object.&lt;anonymous&gt; (C:\kitting\ITManagementSystem\03_実装\it-ops-system\backend\src\tests\setup.ts:21:14)
    at Promise.then.completed (C:\kitting\ITManagementSystem\03_実装\it-ops-system\backend\node_modules\jest-circus\build\utils.js:298:28)
    at new Promise (&lt;anonymous&gt;)
    at callAsyncCircusFn (C:\kitting\ITManagementSystem\03_実装\it-ops-system\backend\node_modules\jest-circus\build\utils.js:231:10)
    at _callCircusHook (C:\kitting\ITManagementSystem\03_実装\it-ops-system\backend\node_modules\jest-circus\build\run.js:281:40)
    at processTicksAndRejections (node:internal/process/task_queues:105:5)
    at _runTestsForDescribeBlock (C:\kitting\ITManagementSystem\03_実装\it-ops-system\backend\node_modules\jest-circus\build\run.js:95:7)
    at run (C:\kitting\ITManagementSystem\03_実装\it-ops-system\backend\node_modules\jest-circus\build\run.js:71:3)
    at runAndTransformResultsToJestFormat (C:\kitting\ITManagementSystem\03_実装\it-ops-system\backend\node_modules\jest-circus\build\legacy-code-todo-rewrite\jestAdapterInit.js:122:21)
    at jestAdapter (C:\kitting\ITManagementSystem\03_実装\it-ops-system\backend\node_modules\jest-circus\build\legacy-code-todo-rewrite\jestAdapter.js:79:19)
    at runTestInternal (C:\kitting\ITManagementSystem\03_実装\it-ops-system\backend\node_modules\jest-runner\build\runTest.js:367:16)
    at runTest (C:\kitting\ITManagementSystem\03_実装\it-ops-system\backend\node_modules\jest-runner\build\runTest.js:444:34)
    at Object.worker (C:\kitting\ITManagementSystem\03_実装\it-ops-system\backend\node_modules\jest-runner\build\testWorker.js:106:12)</failure>
    </testcase>
    <testcase classname="Authorization Middleware Tests &gt; checkPermission" name="ユーザー情報がない場合を拒否すること" time="0">
      <failure>TypeError: db.initialize is not a function
    at Object.&lt;anonymous&gt; (C:\kitting\ITManagementSystem\03_実装\it-ops-system\backend\src\tests\setup.ts:21:14)
    at Promise.then.completed (C:\kitting\ITManagementSystem\03_実装\it-ops-system\backend\node_modules\jest-circus\build\utils.js:298:28)
    at new Promise (&lt;anonymous&gt;)
    at callAsyncCircusFn (C:\kitting\ITManagementSystem\03_実装\it-ops-system\backend\node_modules\jest-circus\build\utils.js:231:10)
    at _callCircusHook (C:\kitting\ITManagementSystem\03_実装\it-ops-system\backend\node_modules\jest-circus\build\run.js:281:40)
    at processTicksAndRejections (node:internal/process/task_queues:105:5)
    at _runTestsForDescribeBlock (C:\kitting\ITManagementSystem\03_実装\it-ops-system\backend\node_modules\jest-circus\build\run.js:95:7)
    at run (C:\kitting\ITManagementSystem\03_実装\it-ops-system\backend\node_modules\jest-circus\build\run.js:71:3)
    at runAndTransformResultsToJestFormat (C:\kitting\ITManagementSystem\03_実装\it-ops-system\backend\node_modules\jest-circus\build\legacy-code-todo-rewrite\jestAdapterInit.js:122:21)
    at jestAdapter (C:\kitting\ITManagementSystem\03_実装\it-ops-system\backend\node_modules\jest-circus\build\legacy-code-todo-rewrite\jestAdapter.js:79:19)
    at runTestInternal (C:\kitting\ITManagementSystem\03_実装\it-ops-system\backend\node_modules\jest-runner\build\runTest.js:367:16)
    at runTest (C:\kitting\ITManagementSystem\03_実装\it-ops-system\backend\node_modules\jest-runner\build\runTest.js:444:34)
    at Object.worker (C:\kitting\ITManagementSystem\03_実装\it-ops-system\backend\node_modules\jest-runner\build\testWorker.js:106:12)</failure>
    </testcase>
    <testcase classname="Authorization Middleware Tests &gt; requirePermission" name="権限があるユーザーをパスすること" time="0">
      <failure>TypeError: db.initialize is not a function
    at Object.&lt;anonymous&gt; (C:\kitting\ITManagementSystem\03_実装\it-ops-system\backend\src\tests\setup.ts:21:14)
    at Promise.then.completed (C:\kitting\ITManagementSystem\03_実装\it-ops-system\backend\node_modules\jest-circus\build\utils.js:298:28)
    at new Promise (&lt;anonymous&gt;)
    at callAsyncCircusFn (C:\kitting\ITManagementSystem\03_実装\it-ops-system\backend\node_modules\jest-circus\build\utils.js:231:10)
    at _callCircusHook (C:\kitting\ITManagementSystem\03_実装\it-ops-system\backend\node_modules\jest-circus\build\run.js:281:40)
    at processTicksAndRejections (node:internal/process/task_queues:105:5)
    at _runTestsForDescribeBlock (C:\kitting\ITManagementSystem\03_実装\it-ops-system\backend\node_modules\jest-circus\build\run.js:95:7)
    at run (C:\kitting\ITManagementSystem\03_実装\it-ops-system\backend\node_modules\jest-circus\build\run.js:71:3)
    at runAndTransformResultsToJestFormat (C:\kitting\ITManagementSystem\03_実装\it-ops-system\backend\node_modules\jest-circus\build\legacy-code-todo-rewrite\jestAdapterInit.js:122:21)
    at jestAdapter (C:\kitting\ITManagementSystem\03_実装\it-ops-system\backend\node_modules\jest-circus\build\legacy-code-todo-rewrite\jestAdapter.js:79:19)
    at runTestInternal (C:\kitting\ITManagementSystem\03_実装\it-ops-system\backend\node_modules\jest-runner\build\runTest.js:367:16)
    at runTest (C:\kitting\ITManagementSystem\03_実装\it-ops-system\backend\node_modules\jest-runner\build\runTest.js:444:34)
    at Object.worker (C:\kitting\ITManagementSystem\03_実装\it-ops-system\backend\node_modules\jest-runner\build\testWorker.js:106:12)</failure>
    </testcase>
    <testcase classname="Authorization Middleware Tests &gt; requirePermission" name="権限のないユーザーで例外をスローすること" time="0">
      <failure>TypeError: db.initialize is not a function
    at Object.&lt;anonymous&gt; (C:\kitting\ITManagementSystem\03_実装\it-ops-system\backend\src\tests\setup.ts:21:14)
    at Promise.then.completed (C:\kitting\ITManagementSystem\03_実装\it-ops-system\backend\node_modules\jest-circus\build\utils.js:298:28)
    at new Promise (&lt;anonymous&gt;)
    at callAsyncCircusFn (C:\kitting\ITManagementSystem\03_実装\it-ops-system\backend\node_modules\jest-circus\build\utils.js:231:10)
    at _callCircusHook (C:\kitting\ITManagementSystem\03_実装\it-ops-system\backend\node_modules\jest-circus\build\run.js:281:40)
    at processTicksAndRejections (node:internal/process/task_queues:105:5)
    at _runTestsForDescribeBlock (C:\kitting\ITManagementSystem\03_実装\it-ops-system\backend\node_modules\jest-circus\build\run.js:95:7)
    at run (C:\kitting\ITManagementSystem\03_実装\it-ops-system\backend\node_modules\jest-circus\build\run.js:71:3)
    at runAndTransformResultsToJestFormat (C:\kitting\ITManagementSystem\03_実装\it-ops-system\backend\node_modules\jest-circus\build\legacy-code-todo-rewrite\jestAdapterInit.js:122:21)
    at jestAdapter (C:\kitting\ITManagementSystem\03_実装\it-ops-system\backend\node_modules\jest-circus\build\legacy-code-todo-rewrite\jestAdapter.js:79:19)
    at runTestInternal (C:\kitting\ITManagementSystem\03_実装\it-ops-system\backend\node_modules\jest-runner\build\runTest.js:367:16)
    at runTest (C:\kitting\ITManagementSystem\03_実装\it-ops-system\backend\node_modules\jest-runner\build\runTest.js:444:34)
    at Object.worker (C:\kitting\ITManagementSystem\03_実装\it-ops-system\backend\node_modules\jest-runner\build\testWorker.js:106:12)</failure>
    </testcase>
    <testcase classname="Authorization Middleware Tests &gt; requirePermission" name="ユーザー情報がない場合に例外をスローすること" time="0">
      <failure>TypeError: db.initialize is not a function
    at Object.&lt;anonymous&gt; (C:\kitting\ITManagementSystem\03_実装\it-ops-system\backend\src\tests\setup.ts:21:14)
    at Promise.then.completed (C:\kitting\ITManagementSystem\03_実装\it-ops-system\backend\node_modules\jest-circus\build\utils.js:298:28)
    at new Promise (&lt;anonymous&gt;)
    at callAsyncCircusFn (C:\kitting\ITManagementSystem\03_実装\it-ops-system\backend\node_modules\jest-circus\build\utils.js:231:10)
    at _callCircusHook (C:\kitting\ITManagementSystem\03_実装\it-ops-system\backend\node_modules\jest-circus\build\run.js:281:40)
    at processTicksAndRejections (node:internal/process/task_queues:105:5)
    at _runTestsForDescribeBlock (C:\kitting\ITManagementSystem\03_実装\it-ops-system\backend\node_modules\jest-circus\build\run.js:95:7)
    at run (C:\kitting\ITManagementSystem\03_実装\it-ops-system\backend\node_modules\jest-circus\build\run.js:71:3)
    at runAndTransformResultsToJestFormat (C:\kitting\ITManagementSystem\03_実装\it-ops-system\backend\node_modules\jest-circus\build\legacy-code-todo-rewrite\jestAdapterInit.js:122:21)
    at jestAdapter (C:\kitting\ITManagementSystem\03_実装\it-ops-system\backend\node_modules\jest-circus\build\legacy-code-todo-rewrite\jestAdapter.js:79:19)
    at runTestInternal (C:\kitting\ITManagementSystem\03_実装\it-ops-system\backend\node_modules\jest-runner\build\runTest.js:367:16)
    at runTest (C:\kitting\ITManagementSystem\03_実装\it-ops-system\backend\node_modules\jest-runner\build\runTest.js:444:34)
    at Object.worker (C:\kitting\ITManagementSystem\03_実装\it-ops-system\backend\node_modules\jest-runner\build\testWorker.js:106:12)</failure>
    </testcase>
    <testcase classname="Authorization Middleware Tests &gt; 複数の権限チェック" name="複数の権限を持つユーザーをパスすること" time="0">
      <failure>TypeError: db.initialize is not a function
    at Object.&lt;anonymous&gt; (C:\kitting\ITManagementSystem\03_実装\it-ops-system\backend\src\tests\setup.ts:21:14)
    at Promise.then.completed (C:\kitting\ITManagementSystem\03_実装\it-ops-system\backend\node_modules\jest-circus\build\utils.js:298:28)
    at new Promise (&lt;anonymous&gt;)
    at callAsyncCircusFn (C:\kitting\ITManagementSystem\03_実装\it-ops-system\backend\node_modules\jest-circus\build\utils.js:231:10)
    at _callCircusHook (C:\kitting\ITManagementSystem\03_実装\it-ops-system\backend\node_modules\jest-circus\build\run.js:281:40)
    at processTicksAndRejections (node:internal/process/task_queues:105:5)
    at _runTestsForDescribeBlock (C:\kitting\ITManagementSystem\03_実装\it-ops-system\backend\node_modules\jest-circus\build\run.js:95:7)
    at run (C:\kitting\ITManagementSystem\03_実装\it-ops-system\backend\node_modules\jest-circus\build\run.js:71:3)
    at runAndTransformResultsToJestFormat (C:\kitting\ITManagementSystem\03_実装\it-ops-system\backend\node_modules\jest-circus\build\legacy-code-todo-rewrite\jestAdapterInit.js:122:21)
    at jestAdapter (C:\kitting\ITManagementSystem\03_実装\it-ops-system\backend\node_modules\jest-circus\build\legacy-code-todo-rewrite\jestAdapter.js:79:19)
    at runTestInternal (C:\kitting\ITManagementSystem\03_実装\it-ops-system\backend\node_modules\jest-runner\build\runTest.js:367:16)
    at runTest (C:\kitting\ITManagementSystem\03_実装\it-ops-system\backend\node_modules\jest-runner\build\runTest.js:444:34)
    at Object.worker (C:\kitting\ITManagementSystem\03_実装\it-ops-system\backend\node_modules\jest-runner\build\testWorker.js:106:12)</failure>
    </testcase>
    <testcase classname="Authorization Middleware Tests &gt; 複数の権限チェック" name="一部の権限が欠けている場合に例外をスローすること" time="0.001">
      <failure>TypeError: db.initialize is not a function
    at Object.&lt;anonymous&gt; (C:\kitting\ITManagementSystem\03_実装\it-ops-system\backend\src\tests\setup.ts:21:14)
    at Promise.then.completed (C:\kitting\ITManagementSystem\03_実装\it-ops-system\backend\node_modules\jest-circus\build\utils.js:298:28)
    at new Promise (&lt;anonymous&gt;)
    at callAsyncCircusFn (C:\kitting\ITManagementSystem\03_実装\it-ops-system\backend\node_modules\jest-circus\build\utils.js:231:10)
    at _callCircusHook (C:\kitting\ITManagementSystem\03_実装\it-ops-system\backend\node_modules\jest-circus\build\run.js:281:40)
    at processTicksAndRejections (node:internal/process/task_queues:105:5)
    at _runTestsForDescribeBlock (C:\kitting\ITManagementSystem\03_実装\it-ops-system\backend\node_modules\jest-circus\build\run.js:95:7)
    at run (C:\kitting\ITManagementSystem\03_実装\it-ops-system\backend\node_modules\jest-circus\build\run.js:71:3)
    at runAndTransformResultsToJestFormat (C:\kitting\ITManagementSystem\03_実装\it-ops-system\backend\node_modules\jest-circus\build\legacy-code-todo-rewrite\jestAdapterInit.js:122:21)
    at jestAdapter (C:\kitting\ITManagementSystem\03_実装\it-ops-system\backend\node_modules\jest-circus\build\legacy-code-todo-rewrite\jestAdapter.js:79:19)
    at runTestInternal (C:\kitting\ITManagementSystem\03_実装\it-ops-system\backend\node_modules\jest-runner\build\runTest.js:367:16)
    at runTest (C:\kitting\ITManagementSystem\03_実装\it-ops-system\backend\node_modules\jest-runner\build\runTest.js:444:34)
    at Object.worker (C:\kitting\ITManagementSystem\03_実装\it-ops-system\backend\node_modules\jest-runner\build\testWorker.js:106:12)</failure>
    </testcase>
  </testsuite>
  <testsuite name="PermissionAuditService" errors="0" failures="15" skipped="0" timestamp="2025-03-08T11:28:22" time="1.106" tests="15">
    <testcase classname="PermissionAuditService &gt; recordChange" name="権限変更を正常に記録できること" time="0">
      <failure>TypeError: Cannot read properties of undefined (reading &apos;initialize&apos;)
    at Object.&lt;anonymous&gt; (C:\kitting\ITManagementSystem\03_実装\it-ops-system\backend\src\tests\setup.ts:21:14)
    at Promise.then.completed (C:\kitting\ITManagementSystem\03_実装\it-ops-system\backend\node_modules\jest-circus\build\utils.js:298:28)
    at new Promise (&lt;anonymous&gt;)
    at callAsyncCircusFn (C:\kitting\ITManagementSystem\03_実装\it-ops-system\backend\node_modules\jest-circus\build\utils.js:231:10)
    at _callCircusHook (C:\kitting\ITManagementSystem\03_実装\it-ops-system\backend\node_modules\jest-circus\build\run.js:281:40)
    at processTicksAndRejections (node:internal/process/task_queues:105:5)
    at _runTestsForDescribeBlock (C:\kitting\ITManagementSystem\03_実装\it-ops-system\backend\node_modules\jest-circus\build\run.js:95:7)
    at run (C:\kitting\ITManagementSystem\03_実装\it-ops-system\backend\node_modules\jest-circus\build\run.js:71:3)
    at runAndTransformResultsToJestFormat (C:\kitting\ITManagementSystem\03_実装\it-ops-system\backend\node_modules\jest-circus\build\legacy-code-todo-rewrite\jestAdapterInit.js:122:21)
    at jestAdapter (C:\kitting\ITManagementSystem\03_実装\it-ops-system\backend\node_modules\jest-circus\build\legacy-code-todo-rewrite\jestAdapter.js:79:19)
    at runTestInternal (C:\kitting\ITManagementSystem\03_実装\it-ops-system\backend\node_modules\jest-runner\build\runTest.js:367:16)
    at runTest (C:\kitting\ITManagementSystem\03_実装\it-ops-system\backend\node_modules\jest-runner\build\runTest.js:444:34)
    at Object.worker (C:\kitting\ITManagementSystem\03_実装\it-ops-system\backend\node_modules\jest-runner\build\testWorker.js:106:12)</failure>
    </testcase>
    <testcase classname="PermissionAuditService &gt; recordChange" name="エラー時に例外をスローすること" time="0">
      <failure>TypeError: Cannot read properties of undefined (reading &apos;initialize&apos;)
    at Object.&lt;anonymous&gt; (C:\kitting\ITManagementSystem\03_実装\it-ops-system\backend\src\tests\setup.ts:21:14)
    at Promise.then.completed (C:\kitting\ITManagementSystem\03_実装\it-ops-system\backend\node_modules\jest-circus\build\utils.js:298:28)
    at new Promise (&lt;anonymous&gt;)
    at callAsyncCircusFn (C:\kitting\ITManagementSystem\03_実装\it-ops-system\backend\node_modules\jest-circus\build\utils.js:231:10)
    at _callCircusHook (C:\kitting\ITManagementSystem\03_実装\it-ops-system\backend\node_modules\jest-circus\build\run.js:281:40)
    at processTicksAndRejections (node:internal/process/task_queues:105:5)
    at _runTestsForDescribeBlock (C:\kitting\ITManagementSystem\03_実装\it-ops-system\backend\node_modules\jest-circus\build\run.js:95:7)
    at run (C:\kitting\ITManagementSystem\03_実装\it-ops-system\backend\node_modules\jest-circus\build\run.js:71:3)
    at runAndTransformResultsToJestFormat (C:\kitting\ITManagementSystem\03_実装\it-ops-system\backend\node_modules\jest-circus\build\legacy-code-todo-rewrite\jestAdapterInit.js:122:21)
    at jestAdapter (C:\kitting\ITManagementSystem\03_実装\it-ops-system\backend\node_modules\jest-circus\build\legacy-code-todo-rewrite\jestAdapter.js:79:19)
    at runTestInternal (C:\kitting\ITManagementSystem\03_実装\it-ops-system\backend\node_modules\jest-runner\build\runTest.js:367:16)
    at runTest (C:\kitting\ITManagementSystem\03_実装\it-ops-system\backend\node_modules\jest-runner\build\runTest.js:444:34)
    at Object.worker (C:\kitting\ITManagementSystem\03_実装\it-ops-system\backend\node_modules\jest-runner\build\testWorker.js:106:12)</failure>
    </testcase>
    <testcase classname="PermissionAuditService &gt; searchAuditRecords" name="フィルター条件に基づいて監査レコードを検索できること" time="0">
      <failure>TypeError: Cannot read properties of undefined (reading &apos;initialize&apos;)
    at Object.&lt;anonymous&gt; (C:\kitting\ITManagementSystem\03_実装\it-ops-system\backend\src\tests\setup.ts:21:14)
    at Promise.then.completed (C:\kitting\ITManagementSystem\03_実装\it-ops-system\backend\node_modules\jest-circus\build\utils.js:298:28)
    at new Promise (&lt;anonymous&gt;)
    at callAsyncCircusFn (C:\kitting\ITManagementSystem\03_実装\it-ops-system\backend\node_modules\jest-circus\build\utils.js:231:10)
    at _callCircusHook (C:\kitting\ITManagementSystem\03_実装\it-ops-system\backend\node_modules\jest-circus\build\run.js:281:40)
    at processTicksAndRejections (node:internal/process/task_queues:105:5)
    at _runTestsForDescribeBlock (C:\kitting\ITManagementSystem\03_実装\it-ops-system\backend\node_modules\jest-circus\build\run.js:95:7)
    at run (C:\kitting\ITManagementSystem\03_実装\it-ops-system\backend\node_modules\jest-circus\build\run.js:71:3)
    at runAndTransformResultsToJestFormat (C:\kitting\ITManagementSystem\03_実装\it-ops-system\backend\node_modules\jest-circus\build\legacy-code-todo-rewrite\jestAdapterInit.js:122:21)
    at jestAdapter (C:\kitting\ITManagementSystem\03_実装\it-ops-system\backend\node_modules\jest-circus\build\legacy-code-todo-rewrite\jestAdapter.js:79:19)
    at runTestInternal (C:\kitting\ITManagementSystem\03_実装\it-ops-system\backend\node_modules\jest-runner\build\runTest.js:367:16)
    at runTest (C:\kitting\ITManagementSystem\03_実装\it-ops-system\backend\node_modules\jest-runner\build\runTest.js:444:34)
    at Object.worker (C:\kitting\ITManagementSystem\03_実装\it-ops-system\backend\node_modules\jest-runner\build\testWorker.js:106:12)</failure>
    </testcase>
    <testcase classname="PermissionAuditService &gt; getChangeStatistics" name="権限変更の統計情報を取得できること" time="0">
      <failure>TypeError: Cannot read properties of undefined (reading &apos;initialize&apos;)
    at Object.&lt;anonymous&gt; (C:\kitting\ITManagementSystem\03_実装\it-ops-system\backend\src\tests\setup.ts:21:14)
    at Promise.then.completed (C:\kitting\ITManagementSystem\03_実装\it-ops-system\backend\node_modules\jest-circus\build\utils.js:298:28)
    at new Promise (&lt;anonymous&gt;)
    at callAsyncCircusFn (C:\kitting\ITManagementSystem\03_実装\it-ops-system\backend\node_modules\jest-circus\build\utils.js:231:10)
    at _callCircusHook (C:\kitting\ITManagementSystem\03_実装\it-ops-system\backend\node_modules\jest-circus\build\run.js:281:40)
    at processTicksAndRejections (node:internal/process/task_queues:105:5)
    at _runTestsForDescribeBlock (C:\kitting\ITManagementSystem\03_実装\it-ops-system\backend\node_modules\jest-circus\build\run.js:95:7)
    at run (C:\kitting\ITManagementSystem\03_実装\it-ops-system\backend\node_modules\jest-circus\build\run.js:71:3)
    at runAndTransformResultsToJestFormat (C:\kitting\ITManagementSystem\03_実装\it-ops-system\backend\node_modules\jest-circus\build\legacy-code-todo-rewrite\jestAdapterInit.js:122:21)
    at jestAdapter (C:\kitting\ITManagementSystem\03_実装\it-ops-system\backend\node_modules\jest-circus\build\legacy-code-todo-rewrite\jestAdapter.js:79:19)
    at runTestInternal (C:\kitting\ITManagementSystem\03_実装\it-ops-system\backend\node_modules\jest-runner\build\runTest.js:367:16)
    at runTest (C:\kitting\ITManagementSystem\03_実装\it-ops-system\backend\node_modules\jest-runner\build\runTest.js:444:34)
    at Object.worker (C:\kitting\ITManagementSystem\03_実装\it-ops-system\backend\node_modules\jest-runner\build\testWorker.js:106:12)</failure>
    </testcase>
    <testcase classname="PermissionAuditService &gt; generateReport" name="権限変更レポートを生成できること" time="0">
      <failure>TypeError: Cannot read properties of undefined (reading &apos;initialize&apos;)
    at Object.&lt;anonymous&gt; (C:\kitting\ITManagementSystem\03_実装\it-ops-system\backend\src\tests\setup.ts:21:14)
    at Promise.then.completed (C:\kitting\ITManagementSystem\03_実装\it-ops-system\backend\node_modules\jest-circus\build\utils.js:298:28)
    at new Promise (&lt;anonymous&gt;)
    at callAsyncCircusFn (C:\kitting\ITManagementSystem\03_実装\it-ops-system\backend\node_modules\jest-circus\build\utils.js:231:10)
    at _callCircusHook (C:\kitting\ITManagementSystem\03_実装\it-ops-system\backend\node_modules\jest-circus\build\run.js:281:40)
    at processTicksAndRejections (node:internal/process/task_queues:105:5)
    at _runTestsForDescribeBlock (C:\kitting\ITManagementSystem\03_実装\it-ops-system\backend\node_modules\jest-circus\build\run.js:95:7)
    at run (C:\kitting\ITManagementSystem\03_実装\it-ops-system\backend\node_modules\jest-circus\build\run.js:71:3)
    at runAndTransformResultsToJestFormat (C:\kitting\ITManagementSystem\03_実装\it-ops-system\backend\node_modules\jest-circus\build\legacy-code-todo-rewrite\jestAdapterInit.js:122:21)
    at jestAdapter (C:\kitting\ITManagementSystem\03_実装\it-ops-system\backend\node_modules\jest-circus\build\legacy-code-todo-rewrite\jestAdapter.js:79:19)
    at runTestInternal (C:\kitting\ITManagementSystem\03_実装\it-ops-system\backend\node_modules\jest-runner\build\runTest.js:367:16)
    at runTest (C:\kitting\ITManagementSystem\03_実装\it-ops-system\backend\node_modules\jest-runner\build\runTest.js:444:34)
    at Object.worker (C:\kitting\ITManagementSystem\03_実装\it-ops-system\backend\node_modules\jest-runner\build\testWorker.js:106:12)</failure>
    </testcase>
    <testcase classname="PermissionAuditService &gt; recordReview" name="権限変更レビューを正常に記録できること" time="0">
      <failure>TypeError: Cannot read properties of undefined (reading &apos;initialize&apos;)
    at Object.&lt;anonymous&gt; (C:\kitting\ITManagementSystem\03_実装\it-ops-system\backend\src\tests\setup.ts:21:14)
    at Promise.then.completed (C:\kitting\ITManagementSystem\03_実装\it-ops-system\backend\node_modules\jest-circus\build\utils.js:298:28)
    at new Promise (&lt;anonymous&gt;)
    at callAsyncCircusFn (C:\kitting\ITManagementSystem\03_実装\it-ops-system\backend\node_modules\jest-circus\build\utils.js:231:10)
    at _callCircusHook (C:\kitting\ITManagementSystem\03_実装\it-ops-system\backend\node_modules\jest-circus\build\run.js:281:40)
    at processTicksAndRejections (node:internal/process/task_queues:105:5)
    at _runTestsForDescribeBlock (C:\kitting\ITManagementSystem\03_実装\it-ops-system\backend\node_modules\jest-circus\build\run.js:95:7)
    at run (C:\kitting\ITManagementSystem\03_実装\it-ops-system\backend\node_modules\jest-circus\build\run.js:71:3)
    at runAndTransformResultsToJestFormat (C:\kitting\ITManagementSystem\03_実装\it-ops-system\backend\node_modules\jest-circus\build\legacy-code-todo-rewrite\jestAdapterInit.js:122:21)
    at jestAdapter (C:\kitting\ITManagementSystem\03_実装\it-ops-system\backend\node_modules\jest-circus\build\legacy-code-todo-rewrite\jestAdapter.js:79:19)
    at runTestInternal (C:\kitting\ITManagementSystem\03_実装\it-ops-system\backend\node_modules\jest-runner\build\runTest.js:367:16)
    at runTest (C:\kitting\ITManagementSystem\03_実装\it-ops-system\backend\node_modules\jest-runner\build\runTest.js:444:34)
    at Object.worker (C:\kitting\ITManagementSystem\03_実装\it-ops-system\backend\node_modules\jest-runner\build\testWorker.js:106:12)</failure>
    </testcase>
    <testcase classname="PermissionAuditService &gt; recordReview" name="エラー時に例外をスローすること" time="0">
      <failure>TypeError: Cannot read properties of undefined (reading &apos;initialize&apos;)
    at Object.&lt;anonymous&gt; (C:\kitting\ITManagementSystem\03_実装\it-ops-system\backend\src\tests\setup.ts:21:14)
    at Promise.then.completed (C:\kitting\ITManagementSystem\03_実装\it-ops-system\backend\node_modules\jest-circus\build\utils.js:298:28)
    at new Promise (&lt;anonymous&gt;)
    at callAsyncCircusFn (C:\kitting\ITManagementSystem\03_実装\it-ops-system\backend\node_modules\jest-circus\build\utils.js:231:10)
    at _callCircusHook (C:\kitting\ITManagementSystem\03_実装\it-ops-system\backend\node_modules\jest-circus\build\run.js:281:40)
    at processTicksAndRejections (node:internal/process/task_queues:105:5)
    at _runTestsForDescribeBlock (C:\kitting\ITManagementSystem\03_実装\it-ops-system\backend\node_modules\jest-circus\build\run.js:95:7)
    at run (C:\kitting\ITManagementSystem\03_実装\it-ops-system\backend\node_modules\jest-circus\build\run.js:71:3)
    at runAndTransformResultsToJestFormat (C:\kitting\ITManagementSystem\03_実装\it-ops-system\backend\node_modules\jest-circus\build\legacy-code-todo-rewrite\jestAdapterInit.js:122:21)
    at jestAdapter (C:\kitting\ITManagementSystem\03_実装\it-ops-system\backend\node_modules\jest-circus\build\legacy-code-todo-rewrite\jestAdapter.js:79:19)
    at runTestInternal (C:\kitting\ITManagementSystem\03_実装\it-ops-system\backend\node_modules\jest-runner\build\runTest.js:367:16)
    at runTest (C:\kitting\ITManagementSystem\03_実装\it-ops-system\backend\node_modules\jest-runner\build\runTest.js:444:34)
    at Object.worker (C:\kitting\ITManagementSystem\03_実装\it-ops-system\backend\node_modules\jest-runner\build\testWorker.js:106:12)</failure>
    </testcase>
    <testcase classname="PermissionAuditService &gt; getUserPermissionHistory" name="ユーザーの権限変更履歴を取得できること" time="0">
      <failure>TypeError: Cannot read properties of undefined (reading &apos;initialize&apos;)
    at Object.&lt;anonymous&gt; (C:\kitting\ITManagementSystem\03_実装\it-ops-system\backend\src\tests\setup.ts:21:14)
    at Promise.then.completed (C:\kitting\ITManagementSystem\03_実装\it-ops-system\backend\node_modules\jest-circus\build\utils.js:298:28)
    at new Promise (&lt;anonymous&gt;)
    at callAsyncCircusFn (C:\kitting\ITManagementSystem\03_実装\it-ops-system\backend\node_modules\jest-circus\build\utils.js:231:10)
    at _callCircusHook (C:\kitting\ITManagementSystem\03_実装\it-ops-system\backend\node_modules\jest-circus\build\run.js:281:40)
    at processTicksAndRejections (node:internal/process/task_queues:105:5)
    at _runTestsForDescribeBlock (C:\kitting\ITManagementSystem\03_実装\it-ops-system\backend\node_modules\jest-circus\build\run.js:95:7)
    at run (C:\kitting\ITManagementSystem\03_実装\it-ops-system\backend\node_modules\jest-circus\build\run.js:71:3)
    at runAndTransformResultsToJestFormat (C:\kitting\ITManagementSystem\03_実装\it-ops-system\backend\node_modules\jest-circus\build\legacy-code-todo-rewrite\jestAdapterInit.js:122:21)
    at jestAdapter (C:\kitting\ITManagementSystem\03_実装\it-ops-system\backend\node_modules\jest-circus\build\legacy-code-todo-rewrite\jestAdapter.js:79:19)
    at runTestInternal (C:\kitting\ITManagementSystem\03_実装\it-ops-system\backend\node_modules\jest-runner\build\runTest.js:367:16)
    at runTest (C:\kitting\ITManagementSystem\03_実装\it-ops-system\backend\node_modules\jest-runner\build\runTest.js:444:34)
    at Object.worker (C:\kitting\ITManagementSystem\03_実装\it-ops-system\backend\node_modules\jest-runner\build\testWorker.js:106:12)</failure>
    </testcase>
    <testcase classname="PermissionAuditService &gt; getUserPermissionHistory" name="エラー時に空配列を返すこと" time="0">
      <failure>TypeError: Cannot read properties of undefined (reading &apos;initialize&apos;)
    at Object.&lt;anonymous&gt; (C:\kitting\ITManagementSystem\03_実装\it-ops-system\backend\src\tests\setup.ts:21:14)
    at Promise.then.completed (C:\kitting\ITManagementSystem\03_実装\it-ops-system\backend\node_modules\jest-circus\build\utils.js:298:28)
    at new Promise (&lt;anonymous&gt;)
    at callAsyncCircusFn (C:\kitting\ITManagementSystem\03_実装\it-ops-system\backend\node_modules\jest-circus\build\utils.js:231:10)
    at _callCircusHook (C:\kitting\ITManagementSystem\03_実装\it-ops-system\backend\node_modules\jest-circus\build\run.js:281:40)
    at processTicksAndRejections (node:internal/process/task_queues:105:5)
    at _runTestsForDescribeBlock (C:\kitting\ITManagementSystem\03_実装\it-ops-system\backend\node_modules\jest-circus\build\run.js:95:7)
    at run (C:\kitting\ITManagementSystem\03_実装\it-ops-system\backend\node_modules\jest-circus\build\run.js:71:3)
    at runAndTransformResultsToJestFormat (C:\kitting\ITManagementSystem\03_実装\it-ops-system\backend\node_modules\jest-circus\build\legacy-code-todo-rewrite\jestAdapterInit.js:122:21)
    at jestAdapter (C:\kitting\ITManagementSystem\03_実装\it-ops-system\backend\node_modules\jest-circus\build\legacy-code-todo-rewrite\jestAdapter.js:79:19)
    at runTestInternal (C:\kitting\ITManagementSystem\03_実装\it-ops-system\backend\node_modules\jest-runner\build\runTest.js:367:16)
    at runTest (C:\kitting\ITManagementSystem\03_実装\it-ops-system\backend\node_modules\jest-runner\build\runTest.js:444:34)
    at Object.worker (C:\kitting\ITManagementSystem\03_実装\it-ops-system\backend\node_modules\jest-runner\build\testWorker.js:106:12)</failure>
    </testcase>
    <testcase classname="PermissionAuditService &gt; notifyPermissionChange" name="グローバル管理者に通知が送信されること" time="0">
      <failure>TypeError: Cannot read properties of undefined (reading &apos;initialize&apos;)
    at Object.&lt;anonymous&gt; (C:\kitting\ITManagementSystem\03_実装\it-ops-system\backend\src\tests\setup.ts:21:14)
    at Promise.then.completed (C:\kitting\ITManagementSystem\03_実装\it-ops-system\backend\node_modules\jest-circus\build\utils.js:298:28)
    at new Promise (&lt;anonymous&gt;)
    at callAsyncCircusFn (C:\kitting\ITManagementSystem\03_実装\it-ops-system\backend\node_modules\jest-circus\build\utils.js:231:10)
    at _callCircusHook (C:\kitting\ITManagementSystem\03_実装\it-ops-system\backend\node_modules\jest-circus\build\run.js:281:40)
    at processTicksAndRejections (node:internal/process/task_queues:105:5)
    at _runTestsForDescribeBlock (C:\kitting\ITManagementSystem\03_実装\it-ops-system\backend\node_modules\jest-circus\build\run.js:95:7)
    at run (C:\kitting\ITManagementSystem\03_実装\it-ops-system\backend\node_modules\jest-circus\build\run.js:71:3)
    at runAndTransformResultsToJestFormat (C:\kitting\ITManagementSystem\03_実装\it-ops-system\backend\node_modules\jest-circus\build\legacy-code-todo-rewrite\jestAdapterInit.js:122:21)
    at jestAdapter (C:\kitting\ITManagementSystem\03_実装\it-ops-system\backend\node_modules\jest-circus\build\legacy-code-todo-rewrite\jestAdapter.js:79:19)
    at runTestInternal (C:\kitting\ITManagementSystem\03_実装\it-ops-system\backend\node_modules\jest-runner\build\runTest.js:367:16)
    at runTest (C:\kitting\ITManagementSystem\03_実装\it-ops-system\backend\node_modules\jest-runner\build\runTest.js:444:34)
    at Object.worker (C:\kitting\ITManagementSystem\03_実装\it-ops-system\backend\node_modules\jest-runner\build\testWorker.js:106:12)</failure>
    </testcase>
    <testcase classname="PermissionAuditService &gt; notifyPermissionChange" name="対象ユーザーに通知が送信されること" time="0">
      <failure>TypeError: Cannot read properties of undefined (reading &apos;initialize&apos;)
    at Object.&lt;anonymous&gt; (C:\kitting\ITManagementSystem\03_実装\it-ops-system\backend\src\tests\setup.ts:21:14)
    at Promise.then.completed (C:\kitting\ITManagementSystem\03_実装\it-ops-system\backend\node_modules\jest-circus\build\utils.js:298:28)
    at new Promise (&lt;anonymous&gt;)
    at callAsyncCircusFn (C:\kitting\ITManagementSystem\03_実装\it-ops-system\backend\node_modules\jest-circus\build\utils.js:231:10)
    at _callCircusHook (C:\kitting\ITManagementSystem\03_実装\it-ops-system\backend\node_modules\jest-circus\build\run.js:281:40)
    at processTicksAndRejections (node:internal/process/task_queues:105:5)
    at _runTestsForDescribeBlock (C:\kitting\ITManagementSystem\03_実装\it-ops-system\backend\node_modules\jest-circus\build\run.js:95:7)
    at run (C:\kitting\ITManagementSystem\03_実装\it-ops-system\backend\node_modules\jest-circus\build\run.js:71:3)
    at runAndTransformResultsToJestFormat (C:\kitting\ITManagementSystem\03_実装\it-ops-system\backend\node_modules\jest-circus\build\legacy-code-todo-rewrite\jestAdapterInit.js:122:21)
    at jestAdapter (C:\kitting\ITManagementSystem\03_実装\it-ops-system\backend\node_modules\jest-circus\build\legacy-code-todo-rewrite\jestAdapter.js:79:19)
    at runTestInternal (C:\kitting\ITManagementSystem\03_実装\it-ops-system\backend\node_modules\jest-runner\build\runTest.js:367:16)
    at runTest (C:\kitting\ITManagementSystem\03_実装\it-ops-system\backend\node_modules\jest-runner\build\runTest.js:444:34)
    at Object.worker (C:\kitting\ITManagementSystem\03_実装\it-ops-system\backend\node_modules\jest-runner\build\testWorker.js:106:12)</failure>
    </testcase>
    <testcase classname="PermissionAuditService &gt; notifyPermissionChange" name="自分自身の変更の場合、対象ユーザーに通知が送信されないこと" time="0">
      <failure>TypeError: Cannot read properties of undefined (reading &apos;initialize&apos;)
    at Object.&lt;anonymous&gt; (C:\kitting\ITManagementSystem\03_実装\it-ops-system\backend\src\tests\setup.ts:21:14)
    at Promise.then.completed (C:\kitting\ITManagementSystem\03_実装\it-ops-system\backend\node_modules\jest-circus\build\utils.js:298:28)
    at new Promise (&lt;anonymous&gt;)
    at callAsyncCircusFn (C:\kitting\ITManagementSystem\03_実装\it-ops-system\backend\node_modules\jest-circus\build\utils.js:231:10)
    at _callCircusHook (C:\kitting\ITManagementSystem\03_実装\it-ops-system\backend\node_modules\jest-circus\build\run.js:281:40)
    at processTicksAndRejections (node:internal/process/task_queues:105:5)
    at _runTestsForDescribeBlock (C:\kitting\ITManagementSystem\03_実装\it-ops-system\backend\node_modules\jest-circus\build\run.js:95:7)
    at run (C:\kitting\ITManagementSystem\03_実装\it-ops-system\backend\node_modules\jest-circus\build\run.js:71:3)
    at runAndTransformResultsToJestFormat (C:\kitting\ITManagementSystem\03_実装\it-ops-system\backend\node_modules\jest-circus\build\legacy-code-todo-rewrite\jestAdapterInit.js:122:21)
    at jestAdapter (C:\kitting\ITManagementSystem\03_実装\it-ops-system\backend\node_modules\jest-circus\build\legacy-code-todo-rewrite\jestAdapter.js:79:19)
    at runTestInternal (C:\kitting\ITManagementSystem\03_実装\it-ops-system\backend\node_modules\jest-runner\build\runTest.js:367:16)
    at runTest (C:\kitting\ITManagementSystem\03_実装\it-ops-system\backend\node_modules\jest-runner\build\runTest.js:444:34)
    at Object.worker (C:\kitting\ITManagementSystem\03_実装\it-ops-system\backend\node_modules\jest-runner\build\testWorker.js:106:12)</failure>
    </testcase>
    <testcase classname="PermissionAuditService &gt; searchAuditRecords with validation" name="無効な日付範囲でエラーとなること" time="0">
      <failure>TypeError: Cannot read properties of undefined (reading &apos;initialize&apos;)
    at Object.&lt;anonymous&gt; (C:\kitting\ITManagementSystem\03_実装\it-ops-system\backend\src\tests\setup.ts:21:14)
    at Promise.then.completed (C:\kitting\ITManagementSystem\03_実装\it-ops-system\backend\node_modules\jest-circus\build\utils.js:298:28)
    at new Promise (&lt;anonymous&gt;)
    at callAsyncCircusFn (C:\kitting\ITManagementSystem\03_実装\it-ops-system\backend\node_modules\jest-circus\build\utils.js:231:10)
    at _callCircusHook (C:\kitting\ITManagementSystem\03_実装\it-ops-system\backend\node_modules\jest-circus\build\run.js:281:40)
    at processTicksAndRejections (node:internal/process/task_queues:105:5)
    at _runTestsForDescribeBlock (C:\kitting\ITManagementSystem\03_実装\it-ops-system\backend\node_modules\jest-circus\build\run.js:95:7)
    at run (C:\kitting\ITManagementSystem\03_実装\it-ops-system\backend\node_modules\jest-circus\build\run.js:71:3)
    at runAndTransformResultsToJestFormat (C:\kitting\ITManagementSystem\03_実装\it-ops-system\backend\node_modules\jest-circus\build\legacy-code-todo-rewrite\jestAdapterInit.js:122:21)
    at jestAdapter (C:\kitting\ITManagementSystem\03_実装\it-ops-system\backend\node_modules\jest-circus\build\legacy-code-todo-rewrite\jestAdapter.js:79:19)
    at runTestInternal (C:\kitting\ITManagementSystem\03_実装\it-ops-system\backend\node_modules\jest-runner\build\runTest.js:367:16)
    at runTest (C:\kitting\ITManagementSystem\03_実装\it-ops-system\backend\node_modules\jest-runner\build\runTest.js:444:34)
    at Object.worker (C:\kitting\ITManagementSystem\03_実装\it-ops-system\backend\node_modules\jest-runner\build\testWorker.js:106:12)</failure>
    </testcase>
    <testcase classname="PermissionAuditService &gt; searchAuditRecords with validation" name="無効なアクションタイプでエラーとなること" time="0">
      <failure>TypeError: Cannot read properties of undefined (reading &apos;initialize&apos;)
    at Object.&lt;anonymous&gt; (C:\kitting\ITManagementSystem\03_実装\it-ops-system\backend\src\tests\setup.ts:21:14)
    at Promise.then.completed (C:\kitting\ITManagementSystem\03_実装\it-ops-system\backend\node_modules\jest-circus\build\utils.js:298:28)
    at new Promise (&lt;anonymous&gt;)
    at callAsyncCircusFn (C:\kitting\ITManagementSystem\03_実装\it-ops-system\backend\node_modules\jest-circus\build\utils.js:231:10)
    at _callCircusHook (C:\kitting\ITManagementSystem\03_実装\it-ops-system\backend\node_modules\jest-circus\build\run.js:281:40)
    at processTicksAndRejections (node:internal/process/task_queues:105:5)
    at _runTestsForDescribeBlock (C:\kitting\ITManagementSystem\03_実装\it-ops-system\backend\node_modules\jest-circus\build\run.js:95:7)
    at run (C:\kitting\ITManagementSystem\03_実装\it-ops-system\backend\node_modules\jest-circus\build\run.js:71:3)
    at runAndTransformResultsToJestFormat (C:\kitting\ITManagementSystem\03_実装\it-ops-system\backend\node_modules\jest-circus\build\legacy-code-todo-rewrite\jestAdapterInit.js:122:21)
    at jestAdapter (C:\kitting\ITManagementSystem\03_実装\it-ops-system\backend\node_modules\jest-circus\build\legacy-code-todo-rewrite\jestAdapter.js:79:19)
    at runTestInternal (C:\kitting\ITManagementSystem\03_実装\it-ops-system\backend\node_modules\jest-runner\build\runTest.js:367:16)
    at runTest (C:\kitting\ITManagementSystem\03_実装\it-ops-system\backend\node_modules\jest-runner\build\runTest.js:444:34)
    at Object.worker (C:\kitting\ITManagementSystem\03_実装\it-ops-system\backend\node_modules\jest-runner\build\testWorker.js:106:12)</failure>
    </testcase>
    <testcase classname="PermissionAuditService &gt; searchAuditRecords with validation" name="無効なメールアドレスでエラーとなること" time="0">
      <failure>TypeError: Cannot read properties of undefined (reading &apos;initialize&apos;)
    at Object.&lt;anonymous&gt; (C:\kitting\ITManagementSystem\03_実装\it-ops-system\backend\src\tests\setup.ts:21:14)
    at Promise.then.completed (C:\kitting\ITManagementSystem\03_実装\it-ops-system\backend\node_modules\jest-circus\build\utils.js:298:28)
    at new Promise (&lt;anonymous&gt;)
    at callAsyncCircusFn (C:\kitting\ITManagementSystem\03_実装\it-ops-system\backend\node_modules\jest-circus\build\utils.js:231:10)
    at _callCircusHook (C:\kitting\ITManagementSystem\03_実装\it-ops-system\backend\node_modules\jest-circus\build\run.js:281:40)
    at processTicksAndRejections (node:internal/process/task_queues:105:5)
    at _runTestsForDescribeBlock (C:\kitting\ITManagementSystem\03_実装\it-ops-system\backend\node_modules\jest-circus\build\run.js:95:7)
    at run (C:\kitting\ITManagementSystem\03_実装\it-ops-system\backend\node_modules\jest-circus\build\run.js:71:3)
    at runAndTransformResultsToJestFormat (C:\kitting\ITManagementSystem\03_実装\it-ops-system\backend\node_modules\jest-circus\build\legacy-code-todo-rewrite\jestAdapterInit.js:122:21)
    at jestAdapter (C:\kitting\ITManagementSystem\03_実装\it-ops-system\backend\node_modules\jest-circus\build\legacy-code-todo-rewrite\jestAdapter.js:79:19)
    at runTestInternal (C:\kitting\ITManagementSystem\03_実装\it-ops-system\backend\node_modules\jest-runner\build\runTest.js:367:16)
    at runTest (C:\kitting\ITManagementSystem\03_実装\it-ops-system\backend\node_modules\jest-runner\build\runTest.js:444:34)
    at Object.worker (C:\kitting\ITManagementSystem\03_実装\it-ops-system\backend\node_modules\jest-runner\build\testWorker.js:106:12)</failure>
    </testcase>
  </testsuite>
  <testsuite name="Simple Test Suite" errors="0" failures="4" skipped="0" timestamp="2025-03-08T11:28:23" time="0.359" tests="4">
    <testcase classname="Simple Test Suite" name="should pass a basic test" time="0.001">
      <failure>TypeError: db.initialize is not a function
    at Object.&lt;anonymous&gt; (C:\kitting\ITManagementSystem\03_実装\it-ops-system\backend\src\tests\setup.ts:21:14)
    at Promise.then.completed (C:\kitting\ITManagementSystem\03_実装\it-ops-system\backend\node_modules\jest-circus\build\utils.js:298:28)
    at new Promise (&lt;anonymous&gt;)
    at callAsyncCircusFn (C:\kitting\ITManagementSystem\03_実装\it-ops-system\backend\node_modules\jest-circus\build\utils.js:231:10)
    at _callCircusHook (C:\kitting\ITManagementSystem\03_実装\it-ops-system\backend\node_modules\jest-circus\build\run.js:281:40)
    at processTicksAndRejections (node:internal/process/task_queues:105:5)
    at _runTestsForDescribeBlock (C:\kitting\ITManagementSystem\03_実装\it-ops-system\backend\node_modules\jest-circus\build\run.js:95:7)
    at run (C:\kitting\ITManagementSystem\03_実装\it-ops-system\backend\node_modules\jest-circus\build\run.js:71:3)
    at runAndTransformResultsToJestFormat (C:\kitting\ITManagementSystem\03_実装\it-ops-system\backend\node_modules\jest-circus\build\legacy-code-todo-rewrite\jestAdapterInit.js:122:21)
    at jestAdapter (C:\kitting\ITManagementSystem\03_実装\it-ops-system\backend\node_modules\jest-circus\build\legacy-code-todo-rewrite\jestAdapter.js:79:19)
    at runTestInternal (C:\kitting\ITManagementSystem\03_実装\it-ops-system\backend\node_modules\jest-runner\build\runTest.js:367:16)
    at runTest (C:\kitting\ITManagementSystem\03_実装\it-ops-system\backend\node_modules\jest-runner\build\runTest.js:444:34)
    at Object.worker (C:\kitting\ITManagementSystem\03_実装\it-ops-system\backend\node_modules\jest-runner\build\testWorker.js:106:12)</failure>
    </testcase>
    <testcase classname="Simple Test Suite" name="should handle async operations" time="0">
      <failure>TypeError: db.initialize is not a function
    at Object.&lt;anonymous&gt; (C:\kitting\ITManagementSystem\03_実装\it-ops-system\backend\src\tests\setup.ts:21:14)
    at Promise.then.completed (C:\kitting\ITManagementSystem\03_実装\it-ops-system\backend\node_modules\jest-circus\build\utils.js:298:28)
    at new Promise (&lt;anonymous&gt;)
    at callAsyncCircusFn (C:\kitting\ITManagementSystem\03_実装\it-ops-system\backend\node_modules\jest-circus\build\utils.js:231:10)
    at _callCircusHook (C:\kitting\ITManagementSystem\03_実装\it-ops-system\backend\node_modules\jest-circus\build\run.js:281:40)
    at processTicksAndRejections (node:internal/process/task_queues:105:5)
    at _runTestsForDescribeBlock (C:\kitting\ITManagementSystem\03_実装\it-ops-system\backend\node_modules\jest-circus\build\run.js:95:7)
    at run (C:\kitting\ITManagementSystem\03_実装\it-ops-system\backend\node_modules\jest-circus\build\run.js:71:3)
    at runAndTransformResultsToJestFormat (C:\kitting\ITManagementSystem\03_実装\it-ops-system\backend\node_modules\jest-circus\build\legacy-code-todo-rewrite\jestAdapterInit.js:122:21)
    at jestAdapter (C:\kitting\ITManagementSystem\03_実装\it-ops-system\backend\node_modules\jest-circus\build\legacy-code-todo-rewrite\jestAdapter.js:79:19)
    at runTestInternal (C:\kitting\ITManagementSystem\03_実装\it-ops-system\backend\node_modules\jest-runner\build\runTest.js:367:16)
    at runTest (C:\kitting\ITManagementSystem\03_実装\it-ops-system\backend\node_modules\jest-runner\build\runTest.js:444:34)
    at Object.worker (C:\kitting\ITManagementSystem\03_実装\it-ops-system\backend\node_modules\jest-runner\build\testWorker.js:106:12)</failure>
    </testcase>
    <testcase classname="Simple Test Suite" name="should handle arrays" time="0">
      <failure>TypeError: db.initialize is not a function
    at Object.&lt;anonymous&gt; (C:\kitting\ITManagementSystem\03_実装\it-ops-system\backend\src\tests\setup.ts:21:14)
    at Promise.then.completed (C:\kitting\ITManagementSystem\03_実装\it-ops-system\backend\node_modules\jest-circus\build\utils.js:298:28)
    at new Promise (&lt;anonymous&gt;)
    at callAsyncCircusFn (C:\kitting\ITManagementSystem\03_実装\it-ops-system\backend\node_modules\jest-circus\build\utils.js:231:10)
    at _callCircusHook (C:\kitting\ITManagementSystem\03_実装\it-ops-system\backend\node_modules\jest-circus\build\run.js:281:40)
    at processTicksAndRejections (node:internal/process/task_queues:105:5)
    at _runTestsForDescribeBlock (C:\kitting\ITManagementSystem\03_実装\it-ops-system\backend\node_modules\jest-circus\build\run.js:95:7)
    at run (C:\kitting\ITManagementSystem\03_実装\it-ops-system\backend\node_modules\jest-circus\build\run.js:71:3)
    at runAndTransformResultsToJestFormat (C:\kitting\ITManagementSystem\03_実装\it-ops-system\backend\node_modules\jest-circus\build\legacy-code-todo-rewrite\jestAdapterInit.js:122:21)
    at jestAdapter (C:\kitting\ITManagementSystem\03_実装\it-ops-system\backend\node_modules\jest-circus\build\legacy-code-todo-rewrite\jestAdapter.js:79:19)
    at runTestInternal (C:\kitting\ITManagementSystem\03_実装\it-ops-system\backend\node_modules\jest-runner\build\runTest.js:367:16)
    at runTest (C:\kitting\ITManagementSystem\03_実装\it-ops-system\backend\node_modules\jest-runner\build\runTest.js:444:34)
    at Object.worker (C:\kitting\ITManagementSystem\03_実装\it-ops-system\backend\node_modules\jest-runner\build\testWorker.js:106:12)</failure>
    </testcase>
    <testcase classname="Simple Test Suite" name="should handle objects" time="0">
      <failure>TypeError: db.initialize is not a function
    at Object.&lt;anonymous&gt; (C:\kitting\ITManagementSystem\03_実装\it-ops-system\backend\src\tests\setup.ts:21:14)
    at Promise.then.completed (C:\kitting\ITManagementSystem\03_実装\it-ops-system\backend\node_modules\jest-circus\build\utils.js:298:28)
    at new Promise (&lt;anonymous&gt;)
    at callAsyncCircusFn (C:\kitting\ITManagementSystem\03_実装\it-ops-system\backend\node_modules\jest-circus\build\utils.js:231:10)
    at _callCircusHook (C:\kitting\ITManagementSystem\03_実装\it-ops-system\backend\node_modules\jest-circus\build\run.js:281:40)
    at processTicksAndRejections (node:internal/process/task_queues:105:5)
    at _runTestsForDescribeBlock (C:\kitting\ITManagementSystem\03_実装\it-ops-system\backend\node_modules\jest-circus\build\run.js:95:7)
    at run (C:\kitting\ITManagementSystem\03_実装\it-ops-system\backend\node_modules\jest-circus\build\run.js:71:3)
    at runAndTransformResultsToJestFormat (C:\kitting\ITManagementSystem\03_実装\it-ops-system\backend\node_modules\jest-circus\build\legacy-code-todo-rewrite\jestAdapterInit.js:122:21)
    at jestAdapter (C:\kitting\ITManagementSystem\03_実装\it-ops-system\backend\node_modules\jest-circus\build\legacy-code-todo-rewrite\jestAdapter.js:79:19)
    at runTestInternal (C:\kitting\ITManagementSystem\03_実装\it-ops-system\backend\node_modules\jest-runner\build\runTest.js:367:16)
    at runTest (C:\kitting\ITManagementSystem\03_実装\it-ops-system\backend\node_modules\jest-runner\build\runTest.js:444:34)
    at Object.worker (C:\kitting\ITManagementSystem\03_実装\it-ops-system\backend\node_modules\jest-runner\build\testWorker.js:106:12)</failure>
    </testcase>
  </testsuite>
  <testsuite name="PermissionAuditService Security Tests" errors="0" failures="15" skipped="0" timestamp="2025-03-08T11:28:22" time="2.016" tests="15">
    <testcase classname="PermissionAuditService Security Tests &gt; アクセス制御テスト" name="権限のないユーザーは監査ログの閲覧ができないこと" time="0.001">
      <failure>TypeError: Cannot read properties of undefined (reading &apos;initialize&apos;)
    at Object.&lt;anonymous&gt; (C:\kitting\ITManagementSystem\03_実装\it-ops-system\backend\src\tests\setup.ts:21:14)
    at Promise.then.completed (C:\kitting\ITManagementSystem\03_実装\it-ops-system\backend\node_modules\jest-circus\build\utils.js:298:28)
    at new Promise (&lt;anonymous&gt;)
    at callAsyncCircusFn (C:\kitting\ITManagementSystem\03_実装\it-ops-system\backend\node_modules\jest-circus\build\utils.js:231:10)
    at _callCircusHook (C:\kitting\ITManagementSystem\03_実装\it-ops-system\backend\node_modules\jest-circus\build\run.js:281:40)
    at processTicksAndRejections (node:internal/process/task_queues:105:5)
    at _runTestsForDescribeBlock (C:\kitting\ITManagementSystem\03_実装\it-ops-system\backend\node_modules\jest-circus\build\run.js:95:7)
    at run (C:\kitting\ITManagementSystem\03_実装\it-ops-system\backend\node_modules\jest-circus\build\run.js:71:3)
    at runAndTransformResultsToJestFormat (C:\kitting\ITManagementSystem\03_実装\it-ops-system\backend\node_modules\jest-circus\build\legacy-code-todo-rewrite\jestAdapterInit.js:122:21)
    at jestAdapter (C:\kitting\ITManagementSystem\03_実装\it-ops-system\backend\node_modules\jest-circus\build\legacy-code-todo-rewrite\jestAdapter.js:79:19)
    at runTestInternal (C:\kitting\ITManagementSystem\03_実装\it-ops-system\backend\node_modules\jest-runner\build\runTest.js:367:16)
    at runTest (C:\kitting\ITManagementSystem\03_実装\it-ops-system\backend\node_modules\jest-runner\build\runTest.js:444:34)
    at Object.worker (C:\kitting\ITManagementSystem\03_実装\it-ops-system\backend\node_modules\jest-runner\build\testWorker.js:106:12)</failure>
    </testcase>
    <testcase classname="PermissionAuditService Security Tests &gt; アクセス制御テスト" name="権限のないユーザーは統計情報の閲覧ができないこと" time="0">
      <failure>TypeError: Cannot read properties of undefined (reading &apos;initialize&apos;)
    at Object.&lt;anonymous&gt; (C:\kitting\ITManagementSystem\03_実装\it-ops-system\backend\src\tests\setup.ts:21:14)
    at Promise.then.completed (C:\kitting\ITManagementSystem\03_実装\it-ops-system\backend\node_modules\jest-circus\build\utils.js:298:28)
    at new Promise (&lt;anonymous&gt;)
    at callAsyncCircusFn (C:\kitting\ITManagementSystem\03_実装\it-ops-system\backend\node_modules\jest-circus\build\utils.js:231:10)
    at _callCircusHook (C:\kitting\ITManagementSystem\03_実装\it-ops-system\backend\node_modules\jest-circus\build\run.js:281:40)
    at processTicksAndRejections (node:internal/process/task_queues:105:5)
    at _runTestsForDescribeBlock (C:\kitting\ITManagementSystem\03_実装\it-ops-system\backend\node_modules\jest-circus\build\run.js:95:7)
    at run (C:\kitting\ITManagementSystem\03_実装\it-ops-system\backend\node_modules\jest-circus\build\run.js:71:3)
    at runAndTransformResultsToJestFormat (C:\kitting\ITManagementSystem\03_実装\it-ops-system\backend\node_modules\jest-circus\build\legacy-code-todo-rewrite\jestAdapterInit.js:122:21)
    at jestAdapter (C:\kitting\ITManagementSystem\03_実装\it-ops-system\backend\node_modules\jest-circus\build\legacy-code-todo-rewrite\jestAdapter.js:79:19)
    at runTestInternal (C:\kitting\ITManagementSystem\03_実装\it-ops-system\backend\node_modules\jest-runner\build\runTest.js:367:16)
    at runTest (C:\kitting\ITManagementSystem\03_実装\it-ops-system\backend\node_modules\jest-runner\build\runTest.js:444:34)
    at Object.worker (C:\kitting\ITManagementSystem\03_実装\it-ops-system\backend\node_modules\jest-runner\build\testWorker.js:106:12)</failure>
    </testcase>
    <testcase classname="PermissionAuditService Security Tests &gt; アクセス制御テスト" name="権限のないユーザーはレビューができないこと" time="0">
      <failure>TypeError: Cannot read properties of undefined (reading &apos;initialize&apos;)
    at Object.&lt;anonymous&gt; (C:\kitting\ITManagementSystem\03_実装\it-ops-system\backend\src\tests\setup.ts:21:14)
    at Promise.then.completed (C:\kitting\ITManagementSystem\03_実装\it-ops-system\backend\node_modules\jest-circus\build\utils.js:298:28)
    at new Promise (&lt;anonymous&gt;)
    at callAsyncCircusFn (C:\kitting\ITManagementSystem\03_実装\it-ops-system\backend\node_modules\jest-circus\build\utils.js:231:10)
    at _callCircusHook (C:\kitting\ITManagementSystem\03_実装\it-ops-system\backend\node_modules\jest-circus\build\run.js:281:40)
    at processTicksAndRejections (node:internal/process/task_queues:105:5)
    at _runTestsForDescribeBlock (C:\kitting\ITManagementSystem\03_実装\it-ops-system\backend\node_modules\jest-circus\build\run.js:95:7)
    at run (C:\kitting\ITManagementSystem\03_実装\it-ops-system\backend\node_modules\jest-circus\build\run.js:71:3)
    at runAndTransformResultsToJestFormat (C:\kitting\ITManagementSystem\03_実装\it-ops-system\backend\node_modules\jest-circus\build\legacy-code-todo-rewrite\jestAdapterInit.js:122:21)
    at jestAdapter (C:\kitting\ITManagementSystem\03_実装\it-ops-system\backend\node_modules\jest-circus\build\legacy-code-todo-rewrite\jestAdapter.js:79:19)
    at runTestInternal (C:\kitting\ITManagementSystem\03_実装\it-ops-system\backend\node_modules\jest-runner\build\runTest.js:367:16)
    at runTest (C:\kitting\ITManagementSystem\03_実装\it-ops-system\backend\node_modules\jest-runner\build\runTest.js:444:34)
    at Object.worker (C:\kitting\ITManagementSystem\03_実装\it-ops-system\backend\node_modules\jest-runner\build\testWorker.js:106:12)</failure>
    </testcase>
    <testcase classname="PermissionAuditService Security Tests &gt; 入力検証とサニタイズ" name="SQLインジェクション攻撃の防御" time="0">
      <failure>TypeError: Cannot read properties of undefined (reading &apos;initialize&apos;)
    at Object.&lt;anonymous&gt; (C:\kitting\ITManagementSystem\03_実装\it-ops-system\backend\src\tests\setup.ts:21:14)
    at Promise.then.completed (C:\kitting\ITManagementSystem\03_実装\it-ops-system\backend\node_modules\jest-circus\build\utils.js:298:28)
    at new Promise (&lt;anonymous&gt;)
    at callAsyncCircusFn (C:\kitting\ITManagementSystem\03_実装\it-ops-system\backend\node_modules\jest-circus\build\utils.js:231:10)
    at _callCircusHook (C:\kitting\ITManagementSystem\03_実装\it-ops-system\backend\node_modules\jest-circus\build\run.js:281:40)
    at processTicksAndRejections (node:internal/process/task_queues:105:5)
    at _runTestsForDescribeBlock (C:\kitting\ITManagementSystem\03_実装\it-ops-system\backend\node_modules\jest-circus\build\run.js:95:7)
    at run (C:\kitting\ITManagementSystem\03_実装\it-ops-system\backend\node_modules\jest-circus\build\run.js:71:3)
    at runAndTransformResultsToJestFormat (C:\kitting\ITManagementSystem\03_実装\it-ops-system\backend\node_modules\jest-circus\build\legacy-code-todo-rewrite\jestAdapterInit.js:122:21)
    at jestAdapter (C:\kitting\ITManagementSystem\03_実装\it-ops-system\backend\node_modules\jest-circus\build\legacy-code-todo-rewrite\jestAdapter.js:79:19)
    at runTestInternal (C:\kitting\ITManagementSystem\03_実装\it-ops-system\backend\node_modules\jest-runner\build\runTest.js:367:16)
    at runTest (C:\kitting\ITManagementSystem\03_実装\it-ops-system\backend\node_modules\jest-runner\build\runTest.js:444:34)
    at Object.worker (C:\kitting\ITManagementSystem\03_実装\it-ops-system\backend\node_modules\jest-runner\build\testWorker.js:106:12)</failure>
    </testcase>
    <testcase classname="PermissionAuditService Security Tests &gt; 入力検証とサニタイズ" name="XSSペイロードの無害化" time="0">
      <failure>TypeError: Cannot read properties of undefined (reading &apos;initialize&apos;)
    at Object.&lt;anonymous&gt; (C:\kitting\ITManagementSystem\03_実装\it-ops-system\backend\src\tests\setup.ts:21:14)
    at Promise.then.completed (C:\kitting\ITManagementSystem\03_実装\it-ops-system\backend\node_modules\jest-circus\build\utils.js:298:28)
    at new Promise (&lt;anonymous&gt;)
    at callAsyncCircusFn (C:\kitting\ITManagementSystem\03_実装\it-ops-system\backend\node_modules\jest-circus\build\utils.js:231:10)
    at _callCircusHook (C:\kitting\ITManagementSystem\03_実装\it-ops-system\backend\node_modules\jest-circus\build\run.js:281:40)
    at processTicksAndRejections (node:internal/process/task_queues:105:5)
    at _runTestsForDescribeBlock (C:\kitting\ITManagementSystem\03_実装\it-ops-system\backend\node_modules\jest-circus\build\run.js:95:7)
    at run (C:\kitting\ITManagementSystem\03_実装\it-ops-system\backend\node_modules\jest-circus\build\run.js:71:3)
    at runAndTransformResultsToJestFormat (C:\kitting\ITManagementSystem\03_実装\it-ops-system\backend\node_modules\jest-circus\build\legacy-code-todo-rewrite\jestAdapterInit.js:122:21)
    at jestAdapter (C:\kitting\ITManagementSystem\03_実装\it-ops-system\backend\node_modules\jest-circus\build\legacy-code-todo-rewrite\jestAdapter.js:79:19)
    at runTestInternal (C:\kitting\ITManagementSystem\03_実装\it-ops-system\backend\node_modules\jest-runner\build\runTest.js:367:16)
    at runTest (C:\kitting\ITManagementSystem\03_実装\it-ops-system\backend\node_modules\jest-runner\build\runTest.js:444:34)
    at Object.worker (C:\kitting\ITManagementSystem\03_実装\it-ops-system\backend\node_modules\jest-runner\build\testWorker.js:106:12)</failure>
    </testcase>
    <testcase classname="PermissionAuditService Security Tests &gt; 入力検証とサニタイズ" name="長さ制限の検証" time="0">
      <failure>TypeError: Cannot read properties of undefined (reading &apos;initialize&apos;)
    at Object.&lt;anonymous&gt; (C:\kitting\ITManagementSystem\03_実装\it-ops-system\backend\src\tests\setup.ts:21:14)
    at Promise.then.completed (C:\kitting\ITManagementSystem\03_実装\it-ops-system\backend\node_modules\jest-circus\build\utils.js:298:28)
    at new Promise (&lt;anonymous&gt;)
    at callAsyncCircusFn (C:\kitting\ITManagementSystem\03_実装\it-ops-system\backend\node_modules\jest-circus\build\utils.js:231:10)
    at _callCircusHook (C:\kitting\ITManagementSystem\03_実装\it-ops-system\backend\node_modules\jest-circus\build\run.js:281:40)
    at processTicksAndRejections (node:internal/process/task_queues:105:5)
    at _runTestsForDescribeBlock (C:\kitting\ITManagementSystem\03_実装\it-ops-system\backend\node_modules\jest-circus\build\run.js:95:7)
    at run (C:\kitting\ITManagementSystem\03_実装\it-ops-system\backend\node_modules\jest-circus\build\run.js:71:3)
    at runAndTransformResultsToJestFormat (C:\kitting\ITManagementSystem\03_実装\it-ops-system\backend\node_modules\jest-circus\build\legacy-code-todo-rewrite\jestAdapterInit.js:122:21)
    at jestAdapter (C:\kitting\ITManagementSystem\03_実装\it-ops-system\backend\node_modules\jest-circus\build\legacy-code-todo-rewrite\jestAdapter.js:79:19)
    at runTestInternal (C:\kitting\ITManagementSystem\03_実装\it-ops-system\backend\node_modules\jest-runner\build\runTest.js:367:16)
    at runTest (C:\kitting\ITManagementSystem\03_実装\it-ops-system\backend\node_modules\jest-runner\build\runTest.js:444:34)
    at Object.worker (C:\kitting\ITManagementSystem\03_実装\it-ops-system\backend\node_modules\jest-runner\build\testWorker.js:106:12)</failure>
    </testcase>
    <testcase classname="PermissionAuditService Security Tests &gt; 入力検証とサニタイズ" name="無効な日付範囲を拒否すること" time="0">
      <failure>TypeError: Cannot read properties of undefined (reading &apos;initialize&apos;)
    at Object.&lt;anonymous&gt; (C:\kitting\ITManagementSystem\03_実装\it-ops-system\backend\src\tests\setup.ts:21:14)
    at Promise.then.completed (C:\kitting\ITManagementSystem\03_実装\it-ops-system\backend\node_modules\jest-circus\build\utils.js:298:28)
    at new Promise (&lt;anonymous&gt;)
    at callAsyncCircusFn (C:\kitting\ITManagementSystem\03_実装\it-ops-system\backend\node_modules\jest-circus\build\utils.js:231:10)
    at _callCircusHook (C:\kitting\ITManagementSystem\03_実装\it-ops-system\backend\node_modules\jest-circus\build\run.js:281:40)
    at processTicksAndRejections (node:internal/process/task_queues:105:5)
    at _runTestsForDescribeBlock (C:\kitting\ITManagementSystem\03_実装\it-ops-system\backend\node_modules\jest-circus\build\run.js:95:7)
    at run (C:\kitting\ITManagementSystem\03_実装\it-ops-system\backend\node_modules\jest-circus\build\run.js:71:3)
    at runAndTransformResultsToJestFormat (C:\kitting\ITManagementSystem\03_実装\it-ops-system\backend\node_modules\jest-circus\build\legacy-code-todo-rewrite\jestAdapterInit.js:122:21)
    at jestAdapter (C:\kitting\ITManagementSystem\03_実装\it-ops-system\backend\node_modules\jest-circus\build\legacy-code-todo-rewrite\jestAdapter.js:79:19)
    at runTestInternal (C:\kitting\ITManagementSystem\03_実装\it-ops-system\backend\node_modules\jest-runner\build\runTest.js:367:16)
    at runTest (C:\kitting\ITManagementSystem\03_実装\it-ops-system\backend\node_modules\jest-runner\build\runTest.js:444:34)
    at Object.worker (C:\kitting\ITManagementSystem\03_実装\it-ops-system\backend\node_modules\jest-runner\build\testWorker.js:106:12)</failure>
    </testcase>
    <testcase classname="PermissionAuditService Security Tests &gt; 入力検証とサニタイズ" name="無効なメールアドレスを拒否すること" time="0">
      <failure>TypeError: Cannot read properties of undefined (reading &apos;initialize&apos;)
    at Object.&lt;anonymous&gt; (C:\kitting\ITManagementSystem\03_実装\it-ops-system\backend\src\tests\setup.ts:21:14)
    at Promise.then.completed (C:\kitting\ITManagementSystem\03_実装\it-ops-system\backend\node_modules\jest-circus\build\utils.js:298:28)
    at new Promise (&lt;anonymous&gt;)
    at callAsyncCircusFn (C:\kitting\ITManagementSystem\03_実装\it-ops-system\backend\node_modules\jest-circus\build\utils.js:231:10)
    at _callCircusHook (C:\kitting\ITManagementSystem\03_実装\it-ops-system\backend\node_modules\jest-circus\build\run.js:281:40)
    at processTicksAndRejections (node:internal/process/task_queues:105:5)
    at _runTestsForDescribeBlock (C:\kitting\ITManagementSystem\03_実装\it-ops-system\backend\node_modules\jest-circus\build\run.js:95:7)
    at run (C:\kitting\ITManagementSystem\03_実装\it-ops-system\backend\node_modules\jest-circus\build\run.js:71:3)
    at runAndTransformResultsToJestFormat (C:\kitting\ITManagementSystem\03_実装\it-ops-system\backend\node_modules\jest-circus\build\legacy-code-todo-rewrite\jestAdapterInit.js:122:21)
    at jestAdapter (C:\kitting\ITManagementSystem\03_実装\it-ops-system\backend\node_modules\jest-circus\build\legacy-code-todo-rewrite\jestAdapter.js:79:19)
    at runTestInternal (C:\kitting\ITManagementSystem\03_実装\it-ops-system\backend\node_modules\jest-runner\build\runTest.js:367:16)
    at runTest (C:\kitting\ITManagementSystem\03_実装\it-ops-system\backend\node_modules\jest-runner\build\runTest.js:444:34)
    at Object.worker (C:\kitting\ITManagementSystem\03_実装\it-ops-system\backend\node_modules\jest-runner\build\testWorker.js:106:12)</failure>
    </testcase>
    <testcase classname="PermissionAuditService Security Tests &gt; データ保護" name="機密情報のマスキング" time="0.001">
      <failure>TypeError: Cannot read properties of undefined (reading &apos;initialize&apos;)
    at Object.&lt;anonymous&gt; (C:\kitting\ITManagementSystem\03_実装\it-ops-system\backend\src\tests\setup.ts:21:14)
    at Promise.then.completed (C:\kitting\ITManagementSystem\03_実装\it-ops-system\backend\node_modules\jest-circus\build\utils.js:298:28)
    at new Promise (&lt;anonymous&gt;)
    at callAsyncCircusFn (C:\kitting\ITManagementSystem\03_実装\it-ops-system\backend\node_modules\jest-circus\build\utils.js:231:10)
    at _callCircusHook (C:\kitting\ITManagementSystem\03_実装\it-ops-system\backend\node_modules\jest-circus\build\run.js:281:40)
    at processTicksAndRejections (node:internal/process/task_queues:105:5)
    at _runTestsForDescribeBlock (C:\kitting\ITManagementSystem\03_実装\it-ops-system\backend\node_modules\jest-circus\build\run.js:95:7)
    at run (C:\kitting\ITManagementSystem\03_実装\it-ops-system\backend\node_modules\jest-circus\build\run.js:71:3)
    at runAndTransformResultsToJestFormat (C:\kitting\ITManagementSystem\03_実装\it-ops-system\backend\node_modules\jest-circus\build\legacy-code-todo-rewrite\jestAdapterInit.js:122:21)
    at jestAdapter (C:\kitting\ITManagementSystem\03_実装\it-ops-system\backend\node_modules\jest-circus\build\legacy-code-todo-rewrite\jestAdapter.js:79:19)
    at runTestInternal (C:\kitting\ITManagementSystem\03_実装\it-ops-system\backend\node_modules\jest-runner\build\runTest.js:367:16)
    at runTest (C:\kitting\ITManagementSystem\03_実装\it-ops-system\backend\node_modules\jest-runner\build\runTest.js:444:34)
    at Object.worker (C:\kitting\ITManagementSystem\03_実装\it-ops-system\backend\node_modules\jest-runner\build\testWorker.js:106:12)</failure>
    </testcase>
    <testcase classname="PermissionAuditService Security Tests &gt; データ保護" name="監査ログの改ざん防止" time="0">
      <failure>TypeError: Cannot read properties of undefined (reading &apos;initialize&apos;)
    at Object.&lt;anonymous&gt; (C:\kitting\ITManagementSystem\03_実装\it-ops-system\backend\src\tests\setup.ts:21:14)
    at Promise.then.completed (C:\kitting\ITManagementSystem\03_実装\it-ops-system\backend\node_modules\jest-circus\build\utils.js:298:28)
    at new Promise (&lt;anonymous&gt;)
    at callAsyncCircusFn (C:\kitting\ITManagementSystem\03_実装\it-ops-system\backend\node_modules\jest-circus\build\utils.js:231:10)
    at _callCircusHook (C:\kitting\ITManagementSystem\03_実装\it-ops-system\backend\node_modules\jest-circus\build\run.js:281:40)
    at processTicksAndRejections (node:internal/process/task_queues:105:5)
    at _runTestsForDescribeBlock (C:\kitting\ITManagementSystem\03_実装\it-ops-system\backend\node_modules\jest-circus\build\run.js:95:7)
    at run (C:\kitting\ITManagementSystem\03_実装\it-ops-system\backend\node_modules\jest-circus\build\run.js:71:3)
    at runAndTransformResultsToJestFormat (C:\kitting\ITManagementSystem\03_実装\it-ops-system\backend\node_modules\jest-circus\build\legacy-code-todo-rewrite\jestAdapterInit.js:122:21)
    at jestAdapter (C:\kitting\ITManagementSystem\03_実装\it-ops-system\backend\node_modules\jest-circus\build\legacy-code-todo-rewrite\jestAdapter.js:79:19)
    at runTestInternal (C:\kitting\ITManagementSystem\03_実装\it-ops-system\backend\node_modules\jest-runner\build\runTest.js:367:16)
    at runTest (C:\kitting\ITManagementSystem\03_実装\it-ops-system\backend\node_modules\jest-runner\build\runTest.js:444:34)
    at Object.worker (C:\kitting\ITManagementSystem\03_実装\it-ops-system\backend\node_modules\jest-runner\build\testWorker.js:106:12)</failure>
    </testcase>
    <testcase classname="PermissionAuditService Security Tests &gt; レート制限" name="短時間での大量リクエストを制限" time="0">
      <failure>TypeError: Cannot read properties of undefined (reading &apos;initialize&apos;)
    at Object.&lt;anonymous&gt; (C:\kitting\ITManagementSystem\03_実装\it-ops-system\backend\src\tests\setup.ts:21:14)
    at Promise.then.completed (C:\kitting\ITManagementSystem\03_実装\it-ops-system\backend\node_modules\jest-circus\build\utils.js:298:28)
    at new Promise (&lt;anonymous&gt;)
    at callAsyncCircusFn (C:\kitting\ITManagementSystem\03_実装\it-ops-system\backend\node_modules\jest-circus\build\utils.js:231:10)
    at _callCircusHook (C:\kitting\ITManagementSystem\03_実装\it-ops-system\backend\node_modules\jest-circus\build\run.js:281:40)
    at processTicksAndRejections (node:internal/process/task_queues:105:5)
    at _runTestsForDescribeBlock (C:\kitting\ITManagementSystem\03_実装\it-ops-system\backend\node_modules\jest-circus\build\run.js:95:7)
    at run (C:\kitting\ITManagementSystem\03_実装\it-ops-system\backend\node_modules\jest-circus\build\run.js:71:3)
    at runAndTransformResultsToJestFormat (C:\kitting\ITManagementSystem\03_実装\it-ops-system\backend\node_modules\jest-circus\build\legacy-code-todo-rewrite\jestAdapterInit.js:122:21)
    at jestAdapter (C:\kitting\ITManagementSystem\03_実装\it-ops-system\backend\node_modules\jest-circus\build\legacy-code-todo-rewrite\jestAdapter.js:79:19)
    at runTestInternal (C:\kitting\ITManagementSystem\03_実装\it-ops-system\backend\node_modules\jest-runner\build\runTest.js:367:16)
    at runTest (C:\kitting\ITManagementSystem\03_実装\it-ops-system\backend\node_modules\jest-runner\build\runTest.js:444:34)
    at Object.worker (C:\kitting\ITManagementSystem\03_実装\it-ops-system\backend\node_modules\jest-runner\build\testWorker.js:106:12)</failure>
    </testcase>
    <testcase classname="PermissionAuditService Security Tests &gt; セッション管理" name="無効なセッションでのアクセス拒否" time="0">
      <failure>TypeError: Cannot read properties of undefined (reading &apos;initialize&apos;)
    at Object.&lt;anonymous&gt; (C:\kitting\ITManagementSystem\03_実装\it-ops-system\backend\src\tests\setup.ts:21:14)
    at Promise.then.completed (C:\kitting\ITManagementSystem\03_実装\it-ops-system\backend\node_modules\jest-circus\build\utils.js:298:28)
    at new Promise (&lt;anonymous&gt;)
    at callAsyncCircusFn (C:\kitting\ITManagementSystem\03_実装\it-ops-system\backend\node_modules\jest-circus\build\utils.js:231:10)
    at _callCircusHook (C:\kitting\ITManagementSystem\03_実装\it-ops-system\backend\node_modules\jest-circus\build\run.js:281:40)
    at processTicksAndRejections (node:internal/process/task_queues:105:5)
    at _runTestsForDescribeBlock (C:\kitting\ITManagementSystem\03_実装\it-ops-system\backend\node_modules\jest-circus\build\run.js:95:7)
    at run (C:\kitting\ITManagementSystem\03_実装\it-ops-system\backend\node_modules\jest-circus\build\run.js:71:3)
    at runAndTransformResultsToJestFormat (C:\kitting\ITManagementSystem\03_実装\it-ops-system\backend\node_modules\jest-circus\build\legacy-code-todo-rewrite\jestAdapterInit.js:122:21)
    at jestAdapter (C:\kitting\ITManagementSystem\03_実装\it-ops-system\backend\node_modules\jest-circus\build\legacy-code-todo-rewrite\jestAdapter.js:79:19)
    at runTestInternal (C:\kitting\ITManagementSystem\03_実装\it-ops-system\backend\node_modules\jest-runner\build\runTest.js:367:16)
    at runTest (C:\kitting\ITManagementSystem\03_実装\it-ops-system\backend\node_modules\jest-runner\build\runTest.js:444:34)
    at Object.worker (C:\kitting\ITManagementSystem\03_実装\it-ops-system\backend\node_modules\jest-runner\build\testWorker.js:106:12)</failure>
    </testcase>
    <testcase classname="PermissionAuditService Security Tests &gt; セッション管理" name="有効なセッションでのアクセス許可" time="0">
      <failure>TypeError: Cannot read properties of undefined (reading &apos;initialize&apos;)
    at Object.&lt;anonymous&gt; (C:\kitting\ITManagementSystem\03_実装\it-ops-system\backend\src\tests\setup.ts:21:14)
    at Promise.then.completed (C:\kitting\ITManagementSystem\03_実装\it-ops-system\backend\node_modules\jest-circus\build\utils.js:298:28)
    at new Promise (&lt;anonymous&gt;)
    at callAsyncCircusFn (C:\kitting\ITManagementSystem\03_実装\it-ops-system\backend\node_modules\jest-circus\build\utils.js:231:10)
    at _callCircusHook (C:\kitting\ITManagementSystem\03_実装\it-ops-system\backend\node_modules\jest-circus\build\run.js:281:40)
    at processTicksAndRejections (node:internal/process/task_queues:105:5)
    at _runTestsForDescribeBlock (C:\kitting\ITManagementSystem\03_実装\it-ops-system\backend\node_modules\jest-circus\build\run.js:95:7)
    at run (C:\kitting\ITManagementSystem\03_実装\it-ops-system\backend\node_modules\jest-circus\build\run.js:71:3)
    at runAndTransformResultsToJestFormat (C:\kitting\ITManagementSystem\03_実装\it-ops-system\backend\node_modules\jest-circus\build\legacy-code-todo-rewrite\jestAdapterInit.js:122:21)
    at jestAdapter (C:\kitting\ITManagementSystem\03_実装\it-ops-system\backend\node_modules\jest-circus\build\legacy-code-todo-rewrite\jestAdapter.js:79:19)
    at runTestInternal (C:\kitting\ITManagementSystem\03_実装\it-ops-system\backend\node_modules\jest-runner\build\runTest.js:367:16)
    at runTest (C:\kitting\ITManagementSystem\03_実装\it-ops-system\backend\node_modules\jest-runner\build\runTest.js:444:34)
    at Object.worker (C:\kitting\ITManagementSystem\03_実装\it-ops-system\backend\node_modules\jest-runner\build\testWorker.js:106:12)</failure>
    </testcase>
    <testcase classname="PermissionAuditService Security Tests &gt; 監査ログ記録" name="権限変更を正常に記録できること" time="0">
      <failure>TypeError: Cannot read properties of undefined (reading &apos;initialize&apos;)
    at Object.&lt;anonymous&gt; (C:\kitting\ITManagementSystem\03_実装\it-ops-system\backend\src\tests\setup.ts:21:14)
    at Promise.then.completed (C:\kitting\ITManagementSystem\03_実装\it-ops-system\backend\node_modules\jest-circus\build\utils.js:298:28)
    at new Promise (&lt;anonymous&gt;)
    at callAsyncCircusFn (C:\kitting\ITManagementSystem\03_実装\it-ops-system\backend\node_modules\jest-circus\build\utils.js:231:10)
    at _callCircusHook (C:\kitting\ITManagementSystem\03_実装\it-ops-system\backend\node_modules\jest-circus\build\run.js:281:40)
    at processTicksAndRejections (node:internal/process/task_queues:105:5)
    at _runTestsForDescribeBlock (C:\kitting\ITManagementSystem\03_実装\it-ops-system\backend\node_modules\jest-circus\build\run.js:95:7)
    at run (C:\kitting\ITManagementSystem\03_実装\it-ops-system\backend\node_modules\jest-circus\build\run.js:71:3)
    at runAndTransformResultsToJestFormat (C:\kitting\ITManagementSystem\03_実装\it-ops-system\backend\node_modules\jest-circus\build\legacy-code-todo-rewrite\jestAdapterInit.js:122:21)
    at jestAdapter (C:\kitting\ITManagementSystem\03_実装\it-ops-system\backend\node_modules\jest-circus\build\legacy-code-todo-rewrite\jestAdapter.js:79:19)
    at runTestInternal (C:\kitting\ITManagementSystem\03_実装\it-ops-system\backend\node_modules\jest-runner\build\runTest.js:367:16)
    at runTest (C:\kitting\ITManagementSystem\03_実装\it-ops-system\backend\node_modules\jest-runner\build\runTest.js:444:34)
    at Object.worker (C:\kitting\ITManagementSystem\03_実装\it-ops-system\backend\node_modules\jest-runner\build\testWorker.js:106:12)</failure>
    </testcase>
    <testcase classname="PermissionAuditService Security Tests &gt; 監査ログ記録" name="異常系でエラーがスローされること" time="0">
      <failure>TypeError: Cannot read properties of undefined (reading &apos;initialize&apos;)
    at Object.&lt;anonymous&gt; (C:\kitting\ITManagementSystem\03_実装\it-ops-system\backend\src\tests\setup.ts:21:14)
    at Promise.then.completed (C:\kitting\ITManagementSystem\03_実装\it-ops-system\backend\node_modules\jest-circus\build\utils.js:298:28)
    at new Promise (&lt;anonymous&gt;)
    at callAsyncCircusFn (C:\kitting\ITManagementSystem\03_実装\it-ops-system\backend\node_modules\jest-circus\build\utils.js:231:10)
    at _callCircusHook (C:\kitting\ITManagementSystem\03_実装\it-ops-system\backend\node_modules\jest-circus\build\run.js:281:40)
    at processTicksAndRejections (node:internal/process/task_queues:105:5)
    at _runTestsForDescribeBlock (C:\kitting\ITManagementSystem\03_実装\it-ops-system\backend\node_modules\jest-circus\build\run.js:95:7)
    at run (C:\kitting\ITManagementSystem\03_実装\it-ops-system\backend\node_modules\jest-circus\build\run.js:71:3)
    at runAndTransformResultsToJestFormat (C:\kitting\ITManagementSystem\03_実装\it-ops-system\backend\node_modules\jest-circus\build\legacy-code-todo-rewrite\jestAdapterInit.js:122:21)
    at jestAdapter (C:\kitting\ITManagementSystem\03_実装\it-ops-system\backend\node_modules\jest-circus\build\legacy-code-todo-rewrite\jestAdapter.js:79:19)
    at runTestInternal (C:\kitting\ITManagementSystem\03_実装\it-ops-system\backend\node_modules\jest-runner\build\runTest.js:367:16)
    at runTest (C:\kitting\ITManagementSystem\03_実装\it-ops-system\backend\node_modules\jest-runner\build\runTest.js:444:34)
    at Object.worker (C:\kitting\ITManagementSystem\03_実装\it-ops-system\backend\node_modules\jest-runner\build\testWorker.js:106:12)</failure>
    </testcase>
  </testsuite>
  <testsuite name="RedisService" errors="0" failures="14" skipped="0" timestamp="2025-03-08T11:28:19" time="8.087" tests="14">
    <testcase classname="RedisService &gt; getInstance" name="シングルトンインスタンスを返すこと" time="0.001">
      <failure>TypeError: db.initialize is not a function
    at Object.&lt;anonymous&gt; (C:\kitting\ITManagementSystem\03_実装\it-ops-system\backend\src\tests\setup.ts:21:14)
    at Promise.then.completed (C:\kitting\ITManagementSystem\03_実装\it-ops-system\backend\node_modules\jest-circus\build\utils.js:298:28)
    at new Promise (&lt;anonymous&gt;)
    at callAsyncCircusFn (C:\kitting\ITManagementSystem\03_実装\it-ops-system\backend\node_modules\jest-circus\build\utils.js:231:10)
    at _callCircusHook (C:\kitting\ITManagementSystem\03_実装\it-ops-system\backend\node_modules\jest-circus\build\run.js:281:40)
    at processTicksAndRejections (node:internal/process/task_queues:105:5)
    at _runTestsForDescribeBlock (C:\kitting\ITManagementSystem\03_実装\it-ops-system\backend\node_modules\jest-circus\build\run.js:95:7)
    at run (C:\kitting\ITManagementSystem\03_実装\it-ops-system\backend\node_modules\jest-circus\build\run.js:71:3)
    at runAndTransformResultsToJestFormat (C:\kitting\ITManagementSystem\03_実装\it-ops-system\backend\node_modules\jest-circus\build\legacy-code-todo-rewrite\jestAdapterInit.js:122:21)
    at jestAdapter (C:\kitting\ITManagementSystem\03_実装\it-ops-system\backend\node_modules\jest-circus\build\legacy-code-todo-rewrite\jestAdapter.js:79:19)
    at runTestInternal (C:\kitting\ITManagementSystem\03_実装\it-ops-system\backend\node_modules\jest-runner\build\runTest.js:367:16)
    at runTest (C:\kitting\ITManagementSystem\03_実装\it-ops-system\backend\node_modules\jest-runner\build\runTest.js:444:34)
    at Object.worker (C:\kitting\ITManagementSystem\03_実装\it-ops-system\backend\node_modules\jest-runner\build\testWorker.js:106:12)</failure>
    </testcase>
    <testcase classname="RedisService &gt; set" name="キーと値を保存できること" time="0.001">
      <failure>TypeError: db.initialize is not a function
    at Object.&lt;anonymous&gt; (C:\kitting\ITManagementSystem\03_実装\it-ops-system\backend\src\tests\setup.ts:21:14)
    at Promise.then.completed (C:\kitting\ITManagementSystem\03_実装\it-ops-system\backend\node_modules\jest-circus\build\utils.js:298:28)
    at new Promise (&lt;anonymous&gt;)
    at callAsyncCircusFn (C:\kitting\ITManagementSystem\03_実装\it-ops-system\backend\node_modules\jest-circus\build\utils.js:231:10)
    at _callCircusHook (C:\kitting\ITManagementSystem\03_実装\it-ops-system\backend\node_modules\jest-circus\build\run.js:281:40)
    at processTicksAndRejections (node:internal/process/task_queues:105:5)
    at _runTestsForDescribeBlock (C:\kitting\ITManagementSystem\03_実装\it-ops-system\backend\node_modules\jest-circus\build\run.js:95:7)
    at run (C:\kitting\ITManagementSystem\03_実装\it-ops-system\backend\node_modules\jest-circus\build\run.js:71:3)
    at runAndTransformResultsToJestFormat (C:\kitting\ITManagementSystem\03_実装\it-ops-system\backend\node_modules\jest-circus\build\legacy-code-todo-rewrite\jestAdapterInit.js:122:21)
    at jestAdapter (C:\kitting\ITManagementSystem\03_実装\it-ops-system\backend\node_modules\jest-circus\build\legacy-code-todo-rewrite\jestAdapter.js:79:19)
    at runTestInternal (C:\kitting\ITManagementSystem\03_実装\it-ops-system\backend\node_modules\jest-runner\build\runTest.js:367:16)
    at runTest (C:\kitting\ITManagementSystem\03_実装\it-ops-system\backend\node_modules\jest-runner\build\runTest.js:444:34)
    at Object.worker (C:\kitting\ITManagementSystem\03_実装\it-ops-system\backend\node_modules\jest-runner\build\testWorker.js:106:12)</failure>
    </testcase>
    <testcase classname="RedisService &gt; set" name="TTLを指定して保存できること" time="0">
      <failure>TypeError: db.initialize is not a function
    at Object.&lt;anonymous&gt; (C:\kitting\ITManagementSystem\03_実装\it-ops-system\backend\src\tests\setup.ts:21:14)
    at Promise.then.completed (C:\kitting\ITManagementSystem\03_実装\it-ops-system\backend\node_modules\jest-circus\build\utils.js:298:28)
    at new Promise (&lt;anonymous&gt;)
    at callAsyncCircusFn (C:\kitting\ITManagementSystem\03_実装\it-ops-system\backend\node_modules\jest-circus\build\utils.js:231:10)
    at _callCircusHook (C:\kitting\ITManagementSystem\03_実装\it-ops-system\backend\node_modules\jest-circus\build\run.js:281:40)
    at processTicksAndRejections (node:internal/process/task_queues:105:5)
    at _runTestsForDescribeBlock (C:\kitting\ITManagementSystem\03_実装\it-ops-system\backend\node_modules\jest-circus\build\run.js:95:7)
    at run (C:\kitting\ITManagementSystem\03_実装\it-ops-system\backend\node_modules\jest-circus\build\run.js:71:3)
    at runAndTransformResultsToJestFormat (C:\kitting\ITManagementSystem\03_実装\it-ops-system\backend\node_modules\jest-circus\build\legacy-code-todo-rewrite\jestAdapterInit.js:122:21)
    at jestAdapter (C:\kitting\ITManagementSystem\03_実装\it-ops-system\backend\node_modules\jest-circus\build\legacy-code-todo-rewrite\jestAdapter.js:79:19)
    at runTestInternal (C:\kitting\ITManagementSystem\03_実装\it-ops-system\backend\node_modules\jest-runner\build\runTest.js:367:16)
    at runTest (C:\kitting\ITManagementSystem\03_実装\it-ops-system\backend\node_modules\jest-runner\build\runTest.js:444:34)
    at Object.worker (C:\kitting\ITManagementSystem\03_実装\it-ops-system\backend\node_modules\jest-runner\build\testWorker.js:106:12)</failure>
    </testcase>
    <testcase classname="RedisService &gt; set" name="エラーを適切に処理すること" time="0">
      <failure>TypeError: db.initialize is not a function
    at Object.&lt;anonymous&gt; (C:\kitting\ITManagementSystem\03_実装\it-ops-system\backend\src\tests\setup.ts:21:14)
    at Promise.then.completed (C:\kitting\ITManagementSystem\03_実装\it-ops-system\backend\node_modules\jest-circus\build\utils.js:298:28)
    at new Promise (&lt;anonymous&gt;)
    at callAsyncCircusFn (C:\kitting\ITManagementSystem\03_実装\it-ops-system\backend\node_modules\jest-circus\build\utils.js:231:10)
    at _callCircusHook (C:\kitting\ITManagementSystem\03_実装\it-ops-system\backend\node_modules\jest-circus\build\run.js:281:40)
    at processTicksAndRejections (node:internal/process/task_queues:105:5)
    at _runTestsForDescribeBlock (C:\kitting\ITManagementSystem\03_実装\it-ops-system\backend\node_modules\jest-circus\build\run.js:95:7)
    at run (C:\kitting\ITManagementSystem\03_実装\it-ops-system\backend\node_modules\jest-circus\build\run.js:71:3)
    at runAndTransformResultsToJestFormat (C:\kitting\ITManagementSystem\03_実装\it-ops-system\backend\node_modules\jest-circus\build\legacy-code-todo-rewrite\jestAdapterInit.js:122:21)
    at jestAdapter (C:\kitting\ITManagementSystem\03_実装\it-ops-system\backend\node_modules\jest-circus\build\legacy-code-todo-rewrite\jestAdapter.js:79:19)
    at runTestInternal (C:\kitting\ITManagementSystem\03_実装\it-ops-system\backend\node_modules\jest-runner\build\runTest.js:367:16)
    at runTest (C:\kitting\ITManagementSystem\03_実装\it-ops-system\backend\node_modules\jest-runner\build\runTest.js:444:34)
    at Object.worker (C:\kitting\ITManagementSystem\03_実装\it-ops-system\backend\node_modules\jest-runner\build\testWorker.js:106:12)</failure>
    </testcase>
    <testcase classname="RedisService &gt; get" name="保存された値を取得できること" time="0">
      <failure>TypeError: db.initialize is not a function
    at Object.&lt;anonymous&gt; (C:\kitting\ITManagementSystem\03_実装\it-ops-system\backend\src\tests\setup.ts:21:14)
    at Promise.then.completed (C:\kitting\ITManagementSystem\03_実装\it-ops-system\backend\node_modules\jest-circus\build\utils.js:298:28)
    at new Promise (&lt;anonymous&gt;)
    at callAsyncCircusFn (C:\kitting\ITManagementSystem\03_実装\it-ops-system\backend\node_modules\jest-circus\build\utils.js:231:10)
    at _callCircusHook (C:\kitting\ITManagementSystem\03_実装\it-ops-system\backend\node_modules\jest-circus\build\run.js:281:40)
    at processTicksAndRejections (node:internal/process/task_queues:105:5)
    at _runTestsForDescribeBlock (C:\kitting\ITManagementSystem\03_実装\it-ops-system\backend\node_modules\jest-circus\build\run.js:95:7)
    at run (C:\kitting\ITManagementSystem\03_実装\it-ops-system\backend\node_modules\jest-circus\build\run.js:71:3)
    at runAndTransformResultsToJestFormat (C:\kitting\ITManagementSystem\03_実装\it-ops-system\backend\node_modules\jest-circus\build\legacy-code-todo-rewrite\jestAdapterInit.js:122:21)
    at jestAdapter (C:\kitting\ITManagementSystem\03_実装\it-ops-system\backend\node_modules\jest-circus\build\legacy-code-todo-rewrite\jestAdapter.js:79:19)
    at runTestInternal (C:\kitting\ITManagementSystem\03_実装\it-ops-system\backend\node_modules\jest-runner\build\runTest.js:367:16)
    at runTest (C:\kitting\ITManagementSystem\03_実装\it-ops-system\backend\node_modules\jest-runner\build\runTest.js:444:34)
    at Object.worker (C:\kitting\ITManagementSystem\03_実装\it-ops-system\backend\node_modules\jest-runner\build\testWorker.js:106:12)</failure>
    </testcase>
    <testcase classname="RedisService &gt; get" name="存在しないキーの場合nullを返すこと" time="0">
      <failure>TypeError: db.initialize is not a function
    at Object.&lt;anonymous&gt; (C:\kitting\ITManagementSystem\03_実装\it-ops-system\backend\src\tests\setup.ts:21:14)
    at Promise.then.completed (C:\kitting\ITManagementSystem\03_実装\it-ops-system\backend\node_modules\jest-circus\build\utils.js:298:28)
    at new Promise (&lt;anonymous&gt;)
    at callAsyncCircusFn (C:\kitting\ITManagementSystem\03_実装\it-ops-system\backend\node_modules\jest-circus\build\utils.js:231:10)
    at _callCircusHook (C:\kitting\ITManagementSystem\03_実装\it-ops-system\backend\node_modules\jest-circus\build\run.js:281:40)
    at processTicksAndRejections (node:internal/process/task_queues:105:5)
    at _runTestsForDescribeBlock (C:\kitting\ITManagementSystem\03_実装\it-ops-system\backend\node_modules\jest-circus\build\run.js:95:7)
    at run (C:\kitting\ITManagementSystem\03_実装\it-ops-system\backend\node_modules\jest-circus\build\run.js:71:3)
    at runAndTransformResultsToJestFormat (C:\kitting\ITManagementSystem\03_実装\it-ops-system\backend\node_modules\jest-circus\build\legacy-code-todo-rewrite\jestAdapterInit.js:122:21)
    at jestAdapter (C:\kitting\ITManagementSystem\03_実装\it-ops-system\backend\node_modules\jest-circus\build\legacy-code-todo-rewrite\jestAdapter.js:79:19)
    at runTestInternal (C:\kitting\ITManagementSystem\03_実装\it-ops-system\backend\node_modules\jest-runner\build\runTest.js:367:16)
    at runTest (C:\kitting\ITManagementSystem\03_実装\it-ops-system\backend\node_modules\jest-runner\build\runTest.js:444:34)
    at Object.worker (C:\kitting\ITManagementSystem\03_実装\it-ops-system\backend\node_modules\jest-runner\build\testWorker.js:106:12)</failure>
    </testcase>
    <testcase classname="RedisService &gt; get" name="エラーを適切に処理すること" time="0.001">
      <failure>TypeError: db.initialize is not a function
    at Object.&lt;anonymous&gt; (C:\kitting\ITManagementSystem\03_実装\it-ops-system\backend\src\tests\setup.ts:21:14)
    at Promise.then.completed (C:\kitting\ITManagementSystem\03_実装\it-ops-system\backend\node_modules\jest-circus\build\utils.js:298:28)
    at new Promise (&lt;anonymous&gt;)
    at callAsyncCircusFn (C:\kitting\ITManagementSystem\03_実装\it-ops-system\backend\node_modules\jest-circus\build\utils.js:231:10)
    at _callCircusHook (C:\kitting\ITManagementSystem\03_実装\it-ops-system\backend\node_modules\jest-circus\build\run.js:281:40)
    at processTicksAndRejections (node:internal/process/task_queues:105:5)
    at _runTestsForDescribeBlock (C:\kitting\ITManagementSystem\03_実装\it-ops-system\backend\node_modules\jest-circus\build\run.js:95:7)
    at run (C:\kitting\ITManagementSystem\03_実装\it-ops-system\backend\node_modules\jest-circus\build\run.js:71:3)
    at runAndTransformResultsToJestFormat (C:\kitting\ITManagementSystem\03_実装\it-ops-system\backend\node_modules\jest-circus\build\legacy-code-todo-rewrite\jestAdapterInit.js:122:21)
    at jestAdapter (C:\kitting\ITManagementSystem\03_実装\it-ops-system\backend\node_modules\jest-circus\build\legacy-code-todo-rewrite\jestAdapter.js:79:19)
    at runTestInternal (C:\kitting\ITManagementSystem\03_実装\it-ops-system\backend\node_modules\jest-runner\build\runTest.js:367:16)
    at runTest (C:\kitting\ITManagementSystem\03_実装\it-ops-system\backend\node_modules\jest-runner\build\runTest.js:444:34)
    at Object.worker (C:\kitting\ITManagementSystem\03_実装\it-ops-system\backend\node_modules\jest-runner\build\testWorker.js:106:12)</failure>
    </testcase>
    <testcase classname="RedisService &gt; delete" name="キーを削除できること" time="0">
      <failure>TypeError: db.initialize is not a function
    at Object.&lt;anonymous&gt; (C:\kitting\ITManagementSystem\03_実装\it-ops-system\backend\src\tests\setup.ts:21:14)
    at Promise.then.completed (C:\kitting\ITManagementSystem\03_実装\it-ops-system\backend\node_modules\jest-circus\build\utils.js:298:28)
    at new Promise (&lt;anonymous&gt;)
    at callAsyncCircusFn (C:\kitting\ITManagementSystem\03_実装\it-ops-system\backend\node_modules\jest-circus\build\utils.js:231:10)
    at _callCircusHook (C:\kitting\ITManagementSystem\03_実装\it-ops-system\backend\node_modules\jest-circus\build\run.js:281:40)
    at processTicksAndRejections (node:internal/process/task_queues:105:5)
    at _runTestsForDescribeBlock (C:\kitting\ITManagementSystem\03_実装\it-ops-system\backend\node_modules\jest-circus\build\run.js:95:7)
    at run (C:\kitting\ITManagementSystem\03_実装\it-ops-system\backend\node_modules\jest-circus\build\run.js:71:3)
    at runAndTransformResultsToJestFormat (C:\kitting\ITManagementSystem\03_実装\it-ops-system\backend\node_modules\jest-circus\build\legacy-code-todo-rewrite\jestAdapterInit.js:122:21)
    at jestAdapter (C:\kitting\ITManagementSystem\03_実装\it-ops-system\backend\node_modules\jest-circus\build\legacy-code-todo-rewrite\jestAdapter.js:79:19)
    at runTestInternal (C:\kitting\ITManagementSystem\03_実装\it-ops-system\backend\node_modules\jest-runner\build\runTest.js:367:16)
    at runTest (C:\kitting\ITManagementSystem\03_実装\it-ops-system\backend\node_modules\jest-runner\build\runTest.js:444:34)
    at Object.worker (C:\kitting\ITManagementSystem\03_実装\it-ops-system\backend\node_modules\jest-runner\build\testWorker.js:106:12)</failure>
    </testcase>
    <testcase classname="RedisService &gt; delete" name="存在しないキーの削除を処理できること" time="0">
      <failure>TypeError: db.initialize is not a function
    at Object.&lt;anonymous&gt; (C:\kitting\ITManagementSystem\03_実装\it-ops-system\backend\src\tests\setup.ts:21:14)
    at Promise.then.completed (C:\kitting\ITManagementSystem\03_実装\it-ops-system\backend\node_modules\jest-circus\build\utils.js:298:28)
    at new Promise (&lt;anonymous&gt;)
    at callAsyncCircusFn (C:\kitting\ITManagementSystem\03_実装\it-ops-system\backend\node_modules\jest-circus\build\utils.js:231:10)
    at _callCircusHook (C:\kitting\ITManagementSystem\03_実装\it-ops-system\backend\node_modules\jest-circus\build\run.js:281:40)
    at processTicksAndRejections (node:internal/process/task_queues:105:5)
    at _runTestsForDescribeBlock (C:\kitting\ITManagementSystem\03_実装\it-ops-system\backend\node_modules\jest-circus\build\run.js:95:7)
    at run (C:\kitting\ITManagementSystem\03_実装\it-ops-system\backend\node_modules\jest-circus\build\run.js:71:3)
    at runAndTransformResultsToJestFormat (C:\kitting\ITManagementSystem\03_実装\it-ops-system\backend\node_modules\jest-circus\build\legacy-code-todo-rewrite\jestAdapterInit.js:122:21)
    at jestAdapter (C:\kitting\ITManagementSystem\03_実装\it-ops-system\backend\node_modules\jest-circus\build\legacy-code-todo-rewrite\jestAdapter.js:79:19)
    at runTestInternal (C:\kitting\ITManagementSystem\03_実装\it-ops-system\backend\node_modules\jest-runner\build\runTest.js:367:16)
    at runTest (C:\kitting\ITManagementSystem\03_実装\it-ops-system\backend\node_modules\jest-runner\build\runTest.js:444:34)
    at Object.worker (C:\kitting\ITManagementSystem\03_実装\it-ops-system\backend\node_modules\jest-runner\build\testWorker.js:106:12)</failure>
    </testcase>
    <testcase classname="RedisService &gt; delete" name="エラーを適切に処理すること" time="0">
      <failure>TypeError: db.initialize is not a function
    at Object.&lt;anonymous&gt; (C:\kitting\ITManagementSystem\03_実装\it-ops-system\backend\src\tests\setup.ts:21:14)
    at Promise.then.completed (C:\kitting\ITManagementSystem\03_実装\it-ops-system\backend\node_modules\jest-circus\build\utils.js:298:28)
    at new Promise (&lt;anonymous&gt;)
    at callAsyncCircusFn (C:\kitting\ITManagementSystem\03_実装\it-ops-system\backend\node_modules\jest-circus\build\utils.js:231:10)
    at _callCircusHook (C:\kitting\ITManagementSystem\03_実装\it-ops-system\backend\node_modules\jest-circus\build\run.js:281:40)
    at processTicksAndRejections (node:internal/process/task_queues:105:5)
    at _runTestsForDescribeBlock (C:\kitting\ITManagementSystem\03_実装\it-ops-system\backend\node_modules\jest-circus\build\run.js:95:7)
    at run (C:\kitting\ITManagementSystem\03_実装\it-ops-system\backend\node_modules\jest-circus\build\run.js:71:3)
    at runAndTransformResultsToJestFormat (C:\kitting\ITManagementSystem\03_実装\it-ops-system\backend\node_modules\jest-circus\build\legacy-code-todo-rewrite\jestAdapterInit.js:122:21)
    at jestAdapter (C:\kitting\ITManagementSystem\03_実装\it-ops-system\backend\node_modules\jest-circus\build\legacy-code-todo-rewrite\jestAdapter.js:79:19)
    at runTestInternal (C:\kitting\ITManagementSystem\03_実装\it-ops-system\backend\node_modules\jest-runner\build\runTest.js:367:16)
    at runTest (C:\kitting\ITManagementSystem\03_実装\it-ops-system\backend\node_modules\jest-runner\build\runTest.js:444:34)
    at Object.worker (C:\kitting\ITManagementSystem\03_実装\it-ops-system\backend\node_modules\jest-runner\build\testWorker.js:106:12)</failure>
    </testcase>
    <testcase classname="RedisService &gt; healthCheck" name="Redisサーバーが正常な場合trueを返すこと" time="0">
      <failure>TypeError: db.initialize is not a function
    at Object.&lt;anonymous&gt; (C:\kitting\ITManagementSystem\03_実装\it-ops-system\backend\src\tests\setup.ts:21:14)
    at Promise.then.completed (C:\kitting\ITManagementSystem\03_実装\it-ops-system\backend\node_modules\jest-circus\build\utils.js:298:28)
    at new Promise (&lt;anonymous&gt;)
    at callAsyncCircusFn (C:\kitting\ITManagementSystem\03_実装\it-ops-system\backend\node_modules\jest-circus\build\utils.js:231:10)
    at _callCircusHook (C:\kitting\ITManagementSystem\03_実装\it-ops-system\backend\node_modules\jest-circus\build\run.js:281:40)
    at processTicksAndRejections (node:internal/process/task_queues:105:5)
    at _runTestsForDescribeBlock (C:\kitting\ITManagementSystem\03_実装\it-ops-system\backend\node_modules\jest-circus\build\run.js:95:7)
    at run (C:\kitting\ITManagementSystem\03_実装\it-ops-system\backend\node_modules\jest-circus\build\run.js:71:3)
    at runAndTransformResultsToJestFormat (C:\kitting\ITManagementSystem\03_実装\it-ops-system\backend\node_modules\jest-circus\build\legacy-code-todo-rewrite\jestAdapterInit.js:122:21)
    at jestAdapter (C:\kitting\ITManagementSystem\03_実装\it-ops-system\backend\node_modules\jest-circus\build\legacy-code-todo-rewrite\jestAdapter.js:79:19)
    at runTestInternal (C:\kitting\ITManagementSystem\03_実装\it-ops-system\backend\node_modules\jest-runner\build\runTest.js:367:16)
    at runTest (C:\kitting\ITManagementSystem\03_実装\it-ops-system\backend\node_modules\jest-runner\build\runTest.js:444:34)
    at Object.worker (C:\kitting\ITManagementSystem\03_実装\it-ops-system\backend\node_modules\jest-runner\build\testWorker.js:106:12)</failure>
    </testcase>
    <testcase classname="RedisService &gt; healthCheck" name="Redisサーバーが異常な場合falseを返すこと" time="0">
      <failure>TypeError: db.initialize is not a function
    at Object.&lt;anonymous&gt; (C:\kitting\ITManagementSystem\03_実装\it-ops-system\backend\src\tests\setup.ts:21:14)
    at Promise.then.completed (C:\kitting\ITManagementSystem\03_実装\it-ops-system\backend\node_modules\jest-circus\build\utils.js:298:28)
    at new Promise (&lt;anonymous&gt;)
    at callAsyncCircusFn (C:\kitting\ITManagementSystem\03_実装\it-ops-system\backend\node_modules\jest-circus\build\utils.js:231:10)
    at _callCircusHook (C:\kitting\ITManagementSystem\03_実装\it-ops-system\backend\node_modules\jest-circus\build\run.js:281:40)
    at processTicksAndRejections (node:internal/process/task_queues:105:5)
    at _runTestsForDescribeBlock (C:\kitting\ITManagementSystem\03_実装\it-ops-system\backend\node_modules\jest-circus\build\run.js:95:7)
    at run (C:\kitting\ITManagementSystem\03_実装\it-ops-system\backend\node_modules\jest-circus\build\run.js:71:3)
    at runAndTransformResultsToJestFormat (C:\kitting\ITManagementSystem\03_実装\it-ops-system\backend\node_modules\jest-circus\build\legacy-code-todo-rewrite\jestAdapterInit.js:122:21)
    at jestAdapter (C:\kitting\ITManagementSystem\03_実装\it-ops-system\backend\node_modules\jest-circus\build\legacy-code-todo-rewrite\jestAdapter.js:79:19)
    at runTestInternal (C:\kitting\ITManagementSystem\03_実装\it-ops-system\backend\node_modules\jest-runner\build\runTest.js:367:16)
    at runTest (C:\kitting\ITManagementSystem\03_実装\it-ops-system\backend\node_modules\jest-runner\build\runTest.js:444:34)
    at Object.worker (C:\kitting\ITManagementSystem\03_実装\it-ops-system\backend\node_modules\jest-runner\build\testWorker.js:106:12)</failure>
    </testcase>
    <testcase classname="RedisService &gt; shutdown" name="Redisクライアントを正常にシャットダウンできること" time="0">
      <failure>TypeError: db.initialize is not a function
    at Object.&lt;anonymous&gt; (C:\kitting\ITManagementSystem\03_実装\it-ops-system\backend\src\tests\setup.ts:21:14)
    at Promise.then.completed (C:\kitting\ITManagementSystem\03_実装\it-ops-system\backend\node_modules\jest-circus\build\utils.js:298:28)
    at new Promise (&lt;anonymous&gt;)
    at callAsyncCircusFn (C:\kitting\ITManagementSystem\03_実装\it-ops-system\backend\node_modules\jest-circus\build\utils.js:231:10)
    at _callCircusHook (C:\kitting\ITManagementSystem\03_実装\it-ops-system\backend\node_modules\jest-circus\build\run.js:281:40)
    at processTicksAndRejections (node:internal/process/task_queues:105:5)
    at _runTestsForDescribeBlock (C:\kitting\ITManagementSystem\03_実装\it-ops-system\backend\node_modules\jest-circus\build\run.js:95:7)
    at run (C:\kitting\ITManagementSystem\03_実装\it-ops-system\backend\node_modules\jest-circus\build\run.js:71:3)
    at runAndTransformResultsToJestFormat (C:\kitting\ITManagementSystem\03_実装\it-ops-system\backend\node_modules\jest-circus\build\legacy-code-todo-rewrite\jestAdapterInit.js:122:21)
    at jestAdapter (C:\kitting\ITManagementSystem\03_実装\it-ops-system\backend\node_modules\jest-circus\build\legacy-code-todo-rewrite\jestAdapter.js:79:19)
    at runTestInternal (C:\kitting\ITManagementSystem\03_実装\it-ops-system\backend\node_modules\jest-runner\build\runTest.js:367:16)
    at runTest (C:\kitting\ITManagementSystem\03_実装\it-ops-system\backend\node_modules\jest-runner\build\runTest.js:444:34)
    at Object.worker (C:\kitting\ITManagementSystem\03_実装\it-ops-system\backend\node_modules\jest-runner\build\testWorker.js:106:12)</failure>
    </testcase>
    <testcase classname="RedisService &gt; shutdown" name="シャットダウン時のエラーを処理できること" time="0">
      <failure>TypeError: db.initialize is not a function
    at Object.&lt;anonymous&gt; (C:\kitting\ITManagementSystem\03_実装\it-ops-system\backend\src\tests\setup.ts:21:14)
    at Promise.then.completed (C:\kitting\ITManagementSystem\03_実装\it-ops-system\backend\node_modules\jest-circus\build\utils.js:298:28)
    at new Promise (&lt;anonymous&gt;)
    at callAsyncCircusFn (C:\kitting\ITManagementSystem\03_実装\it-ops-system\backend\node_modules\jest-circus\build\utils.js:231:10)
    at _callCircusHook (C:\kitting\ITManagementSystem\03_実装\it-ops-system\backend\node_modules\jest-circus\build\run.js:281:40)
    at processTicksAndRejections (node:internal/process/task_queues:105:5)
    at _runTestsForDescribeBlock (C:\kitting\ITManagementSystem\03_実装\it-ops-system\backend\node_modules\jest-circus\build\run.js:95:7)
    at run (C:\kitting\ITManagementSystem\03_実装\it-ops-system\backend\node_modules\jest-circus\build\run.js:71:3)
    at runAndTransformResultsToJestFormat (C:\kitting\ITManagementSystem\03_実装\it-ops-system\backend\node_modules\jest-circus\build\legacy-code-todo-rewrite\jestAdapterInit.js:122:21)
    at jestAdapter (C:\kitting\ITManagementSystem\03_実装\it-ops-system\backend\node_modules\jest-circus\build\legacy-code-todo-rewrite\jestAdapter.js:79:19)
    at runTestInternal (C:\kitting\ITManagementSystem\03_実装\it-ops-system\backend\node_modules\jest-runner\build\runTest.js:367:16)
    at runTest (C:\kitting\ITManagementSystem\03_実装\it-ops-system\backend\node_modules\jest-runner\build\runTest.js:444:34)
    at Object.worker (C:\kitting\ITManagementSystem\03_実装\it-ops-system\backend\node_modules\jest-runner\build\testWorker.js:106:12)</failure>
    </testcase>
  </testsuite>
  <testsuite name="ストレージレイヤーの統合テスト" errors="0" failures="11" skipped="0" timestamp="2025-03-08T11:28:24" time="5.166" tests="11">
    <testcase classname="ストレージレイヤーの統合テスト &gt; データの永続化" name="SQLiteに正常にデータを保存できること" time="0.001">
      <failure>TypeError: db.initialize is not a function
    at Object.&lt;anonymous&gt; (C:\kitting\ITManagementSystem\03_実装\it-ops-system\backend\src\tests\setup.ts:21:14)
    at Promise.then.completed (C:\kitting\ITManagementSystem\03_実装\it-ops-system\backend\node_modules\jest-circus\build\utils.js:298:28)
    at new Promise (&lt;anonymous&gt;)
    at callAsyncCircusFn (C:\kitting\ITManagementSystem\03_実装\it-ops-system\backend\node_modules\jest-circus\build\utils.js:231:10)
    at _callCircusHook (C:\kitting\ITManagementSystem\03_実装\it-ops-system\backend\node_modules\jest-circus\build\run.js:281:40)
    at processTicksAndRejections (node:internal/process/task_queues:105:5)
    at _runTestsForDescribeBlock (C:\kitting\ITManagementSystem\03_実装\it-ops-system\backend\node_modules\jest-circus\build\run.js:95:7)
    at run (C:\kitting\ITManagementSystem\03_実装\it-ops-system\backend\node_modules\jest-circus\build\run.js:71:3)
    at runAndTransformResultsToJestFormat (C:\kitting\ITManagementSystem\03_実装\it-ops-system\backend\node_modules\jest-circus\build\legacy-code-todo-rewrite\jestAdapterInit.js:122:21)
    at jestAdapter (C:\kitting\ITManagementSystem\03_実装\it-ops-system\backend\node_modules\jest-circus\build\legacy-code-todo-rewrite\jestAdapter.js:79:19)
    at runTestInternal (C:\kitting\ITManagementSystem\03_実装\it-ops-system\backend\node_modules\jest-runner\build\runTest.js:367:16)
    at runTest (C:\kitting\ITManagementSystem\03_実装\it-ops-system\backend\node_modules\jest-runner\build\runTest.js:444:34)
    at Object.worker (C:\kitting\ITManagementSystem\03_実装\it-ops-system\backend\node_modules\jest-runner\build\testWorker.js:106:12)</failure>
      <failure>TypeError: Cannot read properties of undefined (reading &apos;shutdown&apos;)
    at Object.&lt;anonymous&gt; (C:\kitting\ITManagementSystem\03_実装\it-ops-system\backend\src\services\__tests__\storageLayer.test.ts:34:17)
    at Promise.then.completed (C:\kitting\ITManagementSystem\03_実装\it-ops-system\backend\node_modules\jest-circus\build\utils.js:298:28)
    at new Promise (&lt;anonymous&gt;)
    at callAsyncCircusFn (C:\kitting\ITManagementSystem\03_実装\it-ops-system\backend\node_modules\jest-circus\build\utils.js:231:10)
    at _callCircusHook (C:\kitting\ITManagementSystem\03_実装\it-ops-system\backend\node_modules\jest-circus\build\run.js:281:40)
    at processTicksAndRejections (node:internal/process/task_queues:105:5)
    at _runTest (C:\kitting\ITManagementSystem\03_実装\it-ops-system\backend\node_modules\jest-circus\build\run.js:254:5)
    at _runTestsForDescribeBlock (C:\kitting\ITManagementSystem\03_実装\it-ops-system\backend\node_modules\jest-circus\build\run.js:126:9)
    at _runTestsForDescribeBlock (C:\kitting\ITManagementSystem\03_実装\it-ops-system\backend\node_modules\jest-circus\build\run.js:121:9)
    at _runTestsForDescribeBlock (C:\kitting\ITManagementSystem\03_実装\it-ops-system\backend\node_modules\jest-circus\build\run.js:121:9)
    at run (C:\kitting\ITManagementSystem\03_実装\it-ops-system\backend\node_modules\jest-circus\build\run.js:71:3)
    at runAndTransformResultsToJestFormat (C:\kitting\ITManagementSystem\03_実装\it-ops-system\backend\node_modules\jest-circus\build\legacy-code-todo-rewrite\jestAdapterInit.js:122:21)
    at jestAdapter (C:\kitting\ITManagementSystem\03_実装\it-ops-system\backend\node_modules\jest-circus\build\legacy-code-todo-rewrite\jestAdapter.js:79:19)
    at runTestInternal (C:\kitting\ITManagementSystem\03_実装\it-ops-system\backend\node_modules\jest-runner\build\runTest.js:367:16)
    at runTest (C:\kitting\ITManagementSystem\03_実装\it-ops-system\backend\node_modules\jest-runner\build\runTest.js:444:34)
    at Object.worker (C:\kitting\ITManagementSystem\03_実装\it-ops-system\backend\node_modules\jest-runner\build\testWorker.js:106:12)</failure>
    </testcase>
    <testcase classname="ストレージレイヤーの統合テスト &gt; データの永続化" name="トランザクションが正しく動作すること" time="0">
      <failure>TypeError: db.initialize is not a function
    at Object.&lt;anonymous&gt; (C:\kitting\ITManagementSystem\03_実装\it-ops-system\backend\src\tests\setup.ts:21:14)
    at Promise.then.completed (C:\kitting\ITManagementSystem\03_実装\it-ops-system\backend\node_modules\jest-circus\build\utils.js:298:28)
    at new Promise (&lt;anonymous&gt;)
    at callAsyncCircusFn (C:\kitting\ITManagementSystem\03_実装\it-ops-system\backend\node_modules\jest-circus\build\utils.js:231:10)
    at _callCircusHook (C:\kitting\ITManagementSystem\03_実装\it-ops-system\backend\node_modules\jest-circus\build\run.js:281:40)
    at processTicksAndRejections (node:internal/process/task_queues:105:5)
    at _runTestsForDescribeBlock (C:\kitting\ITManagementSystem\03_実装\it-ops-system\backend\node_modules\jest-circus\build\run.js:95:7)
    at run (C:\kitting\ITManagementSystem\03_実装\it-ops-system\backend\node_modules\jest-circus\build\run.js:71:3)
    at runAndTransformResultsToJestFormat (C:\kitting\ITManagementSystem\03_実装\it-ops-system\backend\node_modules\jest-circus\build\legacy-code-todo-rewrite\jestAdapterInit.js:122:21)
    at jestAdapter (C:\kitting\ITManagementSystem\03_実装\it-ops-system\backend\node_modules\jest-circus\build\legacy-code-todo-rewrite\jestAdapter.js:79:19)
    at runTestInternal (C:\kitting\ITManagementSystem\03_実装\it-ops-system\backend\node_modules\jest-runner\build\runTest.js:367:16)
    at runTest (C:\kitting\ITManagementSystem\03_実装\it-ops-system\backend\node_modules\jest-runner\build\runTest.js:444:34)
    at Object.worker (C:\kitting\ITManagementSystem\03_実装\it-ops-system\backend\node_modules\jest-runner\build\testWorker.js:106:12)</failure>
      <failure>TypeError: Cannot read properties of undefined (reading &apos;shutdown&apos;)
    at Object.&lt;anonymous&gt; (C:\kitting\ITManagementSystem\03_実装\it-ops-system\backend\src\services\__tests__\storageLayer.test.ts:34:17)
    at Promise.then.completed (C:\kitting\ITManagementSystem\03_実装\it-ops-system\backend\node_modules\jest-circus\build\utils.js:298:28)
    at new Promise (&lt;anonymous&gt;)
    at callAsyncCircusFn (C:\kitting\ITManagementSystem\03_実装\it-ops-system\backend\node_modules\jest-circus\build\utils.js:231:10)
    at _callCircusHook (C:\kitting\ITManagementSystem\03_実装\it-ops-system\backend\node_modules\jest-circus\build\run.js:281:40)
    at processTicksAndRejections (node:internal/process/task_queues:105:5)
    at _runTest (C:\kitting\ITManagementSystem\03_実装\it-ops-system\backend\node_modules\jest-circus\build\run.js:254:5)
    at _runTestsForDescribeBlock (C:\kitting\ITManagementSystem\03_実装\it-ops-system\backend\node_modules\jest-circus\build\run.js:126:9)
    at _runTestsForDescribeBlock (C:\kitting\ITManagementSystem\03_実装\it-ops-system\backend\node_modules\jest-circus\build\run.js:121:9)
    at _runTestsForDescribeBlock (C:\kitting\ITManagementSystem\03_実装\it-ops-system\backend\node_modules\jest-circus\build\run.js:121:9)
    at run (C:\kitting\ITManagementSystem\03_実装\it-ops-system\backend\node_modules\jest-circus\build\run.js:71:3)
    at runAndTransformResultsToJestFormat (C:\kitting\ITManagementSystem\03_実装\it-ops-system\backend\node_modules\jest-circus\build\legacy-code-todo-rewrite\jestAdapterInit.js:122:21)
    at jestAdapter (C:\kitting\ITManagementSystem\03_実装\it-ops-system\backend\node_modules\jest-circus\build\legacy-code-todo-rewrite\jestAdapter.js:79:19)
    at runTestInternal (C:\kitting\ITManagementSystem\03_実装\it-ops-system\backend\node_modules\jest-runner\build\runTest.js:367:16)
    at runTest (C:\kitting\ITManagementSystem\03_実装\it-ops-system\backend\node_modules\jest-runner\build\runTest.js:444:34)
    at Object.worker (C:\kitting\ITManagementSystem\03_実装\it-ops-system\backend\node_modules\jest-runner\build\testWorker.js:106:12)</failure>
    </testcase>
    <testcase classname="ストレージレイヤーの統合テスト &gt; データの永続化" name="一意性制約が機能すること" time="0">
      <failure>TypeError: db.initialize is not a function
    at Object.&lt;anonymous&gt; (C:\kitting\ITManagementSystem\03_実装\it-ops-system\backend\src\tests\setup.ts:21:14)
    at Promise.then.completed (C:\kitting\ITManagementSystem\03_実装\it-ops-system\backend\node_modules\jest-circus\build\utils.js:298:28)
    at new Promise (&lt;anonymous&gt;)
    at callAsyncCircusFn (C:\kitting\ITManagementSystem\03_実装\it-ops-system\backend\node_modules\jest-circus\build\utils.js:231:10)
    at _callCircusHook (C:\kitting\ITManagementSystem\03_実装\it-ops-system\backend\node_modules\jest-circus\build\run.js:281:40)
    at processTicksAndRejections (node:internal/process/task_queues:105:5)
    at _runTestsForDescribeBlock (C:\kitting\ITManagementSystem\03_実装\it-ops-system\backend\node_modules\jest-circus\build\run.js:95:7)
    at run (C:\kitting\ITManagementSystem\03_実装\it-ops-system\backend\node_modules\jest-circus\build\run.js:71:3)
    at runAndTransformResultsToJestFormat (C:\kitting\ITManagementSystem\03_実装\it-ops-system\backend\node_modules\jest-circus\build\legacy-code-todo-rewrite\jestAdapterInit.js:122:21)
    at jestAdapter (C:\kitting\ITManagementSystem\03_実装\it-ops-system\backend\node_modules\jest-circus\build\legacy-code-todo-rewrite\jestAdapter.js:79:19)
    at runTestInternal (C:\kitting\ITManagementSystem\03_実装\it-ops-system\backend\node_modules\jest-runner\build\runTest.js:367:16)
    at runTest (C:\kitting\ITManagementSystem\03_実装\it-ops-system\backend\node_modules\jest-runner\build\runTest.js:444:34)
    at Object.worker (C:\kitting\ITManagementSystem\03_実装\it-ops-system\backend\node_modules\jest-runner\build\testWorker.js:106:12)</failure>
      <failure>TypeError: Cannot read properties of undefined (reading &apos;shutdown&apos;)
    at Object.&lt;anonymous&gt; (C:\kitting\ITManagementSystem\03_実装\it-ops-system\backend\src\services\__tests__\storageLayer.test.ts:34:17)
    at Promise.then.completed (C:\kitting\ITManagementSystem\03_実装\it-ops-system\backend\node_modules\jest-circus\build\utils.js:298:28)
    at new Promise (&lt;anonymous&gt;)
    at callAsyncCircusFn (C:\kitting\ITManagementSystem\03_実装\it-ops-system\backend\node_modules\jest-circus\build\utils.js:231:10)
    at _callCircusHook (C:\kitting\ITManagementSystem\03_実装\it-ops-system\backend\node_modules\jest-circus\build\run.js:281:40)
    at processTicksAndRejections (node:internal/process/task_queues:105:5)
    at _runTest (C:\kitting\ITManagementSystem\03_実装\it-ops-system\backend\node_modules\jest-circus\build\run.js:254:5)
    at _runTestsForDescribeBlock (C:\kitting\ITManagementSystem\03_実装\it-ops-system\backend\node_modules\jest-circus\build\run.js:126:9)
    at _runTestsForDescribeBlock (C:\kitting\ITManagementSystem\03_実装\it-ops-system\backend\node_modules\jest-circus\build\run.js:121:9)
    at _runTestsForDescribeBlock (C:\kitting\ITManagementSystem\03_実装\it-ops-system\backend\node_modules\jest-circus\build\run.js:121:9)
    at run (C:\kitting\ITManagementSystem\03_実装\it-ops-system\backend\node_modules\jest-circus\build\run.js:71:3)
    at runAndTransformResultsToJestFormat (C:\kitting\ITManagementSystem\03_実装\it-ops-system\backend\node_modules\jest-circus\build\legacy-code-todo-rewrite\jestAdapterInit.js:122:21)
    at jestAdapter (C:\kitting\ITManagementSystem\03_実装\it-ops-system\backend\node_modules\jest-circus\build\legacy-code-todo-rewrite\jestAdapter.js:79:19)
    at runTestInternal (C:\kitting\ITManagementSystem\03_実装\it-ops-system\backend\node_modules\jest-runner\build\runTest.js:367:16)
    at runTest (C:\kitting\ITManagementSystem\03_実装\it-ops-system\backend\node_modules\jest-runner\build\runTest.js:444:34)
    at Object.worker (C:\kitting\ITManagementSystem\03_実装\it-ops-system\backend\node_modules\jest-runner\build\testWorker.js:106:12)</failure>
    </testcase>
    <testcase classname="ストレージレイヤーの統合テスト &gt; キャッシュ管理" name="Redisにデータを正常にキャッシュできること" time="0.001">
      <failure>TypeError: db.initialize is not a function
    at Object.&lt;anonymous&gt; (C:\kitting\ITManagementSystem\03_実装\it-ops-system\backend\src\tests\setup.ts:21:14)
    at Promise.then.completed (C:\kitting\ITManagementSystem\03_実装\it-ops-system\backend\node_modules\jest-circus\build\utils.js:298:28)
    at new Promise (&lt;anonymous&gt;)
    at callAsyncCircusFn (C:\kitting\ITManagementSystem\03_実装\it-ops-system\backend\node_modules\jest-circus\build\utils.js:231:10)
    at _callCircusHook (C:\kitting\ITManagementSystem\03_実装\it-ops-system\backend\node_modules\jest-circus\build\run.js:281:40)
    at processTicksAndRejections (node:internal/process/task_queues:105:5)
    at _runTestsForDescribeBlock (C:\kitting\ITManagementSystem\03_実装\it-ops-system\backend\node_modules\jest-circus\build\run.js:95:7)
    at run (C:\kitting\ITManagementSystem\03_実装\it-ops-system\backend\node_modules\jest-circus\build\run.js:71:3)
    at runAndTransformResultsToJestFormat (C:\kitting\ITManagementSystem\03_実装\it-ops-system\backend\node_modules\jest-circus\build\legacy-code-todo-rewrite\jestAdapterInit.js:122:21)
    at jestAdapter (C:\kitting\ITManagementSystem\03_実装\it-ops-system\backend\node_modules\jest-circus\build\legacy-code-todo-rewrite\jestAdapter.js:79:19)
    at runTestInternal (C:\kitting\ITManagementSystem\03_実装\it-ops-system\backend\node_modules\jest-runner\build\runTest.js:367:16)
    at runTest (C:\kitting\ITManagementSystem\03_実装\it-ops-system\backend\node_modules\jest-runner\build\runTest.js:444:34)
    at Object.worker (C:\kitting\ITManagementSystem\03_実装\it-ops-system\backend\node_modules\jest-runner\build\testWorker.js:106:12)</failure>
      <failure>TypeError: Cannot read properties of undefined (reading &apos;shutdown&apos;)
    at Object.&lt;anonymous&gt; (C:\kitting\ITManagementSystem\03_実装\it-ops-system\backend\src\services\__tests__\storageLayer.test.ts:34:17)
    at Promise.then.completed (C:\kitting\ITManagementSystem\03_実装\it-ops-system\backend\node_modules\jest-circus\build\utils.js:298:28)
    at new Promise (&lt;anonymous&gt;)
    at callAsyncCircusFn (C:\kitting\ITManagementSystem\03_実装\it-ops-system\backend\node_modules\jest-circus\build\utils.js:231:10)
    at _callCircusHook (C:\kitting\ITManagementSystem\03_実装\it-ops-system\backend\node_modules\jest-circus\build\run.js:281:40)
    at processTicksAndRejections (node:internal/process/task_queues:105:5)
    at _runTest (C:\kitting\ITManagementSystem\03_実装\it-ops-system\backend\node_modules\jest-circus\build\run.js:254:5)
    at _runTestsForDescribeBlock (C:\kitting\ITManagementSystem\03_実装\it-ops-system\backend\node_modules\jest-circus\build\run.js:126:9)
    at _runTestsForDescribeBlock (C:\kitting\ITManagementSystem\03_実装\it-ops-system\backend\node_modules\jest-circus\build\run.js:121:9)
    at _runTestsForDescribeBlock (C:\kitting\ITManagementSystem\03_実装\it-ops-system\backend\node_modules\jest-circus\build\run.js:121:9)
    at run (C:\kitting\ITManagementSystem\03_実装\it-ops-system\backend\node_modules\jest-circus\build\run.js:71:3)
    at runAndTransformResultsToJestFormat (C:\kitting\ITManagementSystem\03_実装\it-ops-system\backend\node_modules\jest-circus\build\legacy-code-todo-rewrite\jestAdapterInit.js:122:21)
    at jestAdapter (C:\kitting\ITManagementSystem\03_実装\it-ops-system\backend\node_modules\jest-circus\build\legacy-code-todo-rewrite\jestAdapter.js:79:19)
    at runTestInternal (C:\kitting\ITManagementSystem\03_実装\it-ops-system\backend\node_modules\jest-runner\build\runTest.js:367:16)
    at runTest (C:\kitting\ITManagementSystem\03_実装\it-ops-system\backend\node_modules\jest-runner\build\runTest.js:444:34)
    at Object.worker (C:\kitting\ITManagementSystem\03_実装\it-ops-system\backend\node_modules\jest-runner\build\testWorker.js:106:12)</failure>
    </testcase>
    <testcase classname="ストレージレイヤーの統合テスト &gt; キャッシュ管理" name="TTLが正しく機能すること" time="0">
      <failure>TypeError: db.initialize is not a function
    at Object.&lt;anonymous&gt; (C:\kitting\ITManagementSystem\03_実装\it-ops-system\backend\src\tests\setup.ts:21:14)
    at Promise.then.completed (C:\kitting\ITManagementSystem\03_実装\it-ops-system\backend\node_modules\jest-circus\build\utils.js:298:28)
    at new Promise (&lt;anonymous&gt;)
    at callAsyncCircusFn (C:\kitting\ITManagementSystem\03_実装\it-ops-system\backend\node_modules\jest-circus\build\utils.js:231:10)
    at _callCircusHook (C:\kitting\ITManagementSystem\03_実装\it-ops-system\backend\node_modules\jest-circus\build\run.js:281:40)
    at processTicksAndRejections (node:internal/process/task_queues:105:5)
    at _runTestsForDescribeBlock (C:\kitting\ITManagementSystem\03_実装\it-ops-system\backend\node_modules\jest-circus\build\run.js:95:7)
    at run (C:\kitting\ITManagementSystem\03_実装\it-ops-system\backend\node_modules\jest-circus\build\run.js:71:3)
    at runAndTransformResultsToJestFormat (C:\kitting\ITManagementSystem\03_実装\it-ops-system\backend\node_modules\jest-circus\build\legacy-code-todo-rewrite\jestAdapterInit.js:122:21)
    at jestAdapter (C:\kitting\ITManagementSystem\03_実装\it-ops-system\backend\node_modules\jest-circus\build\legacy-code-todo-rewrite\jestAdapter.js:79:19)
    at runTestInternal (C:\kitting\ITManagementSystem\03_実装\it-ops-system\backend\node_modules\jest-runner\build\runTest.js:367:16)
    at runTest (C:\kitting\ITManagementSystem\03_実装\it-ops-system\backend\node_modules\jest-runner\build\runTest.js:444:34)
    at Object.worker (C:\kitting\ITManagementSystem\03_実装\it-ops-system\backend\node_modules\jest-runner\build\testWorker.js:106:12)</failure>
      <failure>TypeError: Cannot read properties of undefined (reading &apos;shutdown&apos;)
    at Object.&lt;anonymous&gt; (C:\kitting\ITManagementSystem\03_実装\it-ops-system\backend\src\services\__tests__\storageLayer.test.ts:34:17)
    at Promise.then.completed (C:\kitting\ITManagementSystem\03_実装\it-ops-system\backend\node_modules\jest-circus\build\utils.js:298:28)
    at new Promise (&lt;anonymous&gt;)
    at callAsyncCircusFn (C:\kitting\ITManagementSystem\03_実装\it-ops-system\backend\node_modules\jest-circus\build\utils.js:231:10)
    at _callCircusHook (C:\kitting\ITManagementSystem\03_実装\it-ops-system\backend\node_modules\jest-circus\build\run.js:281:40)
    at processTicksAndRejections (node:internal/process/task_queues:105:5)
    at _runTest (C:\kitting\ITManagementSystem\03_実装\it-ops-system\backend\node_modules\jest-circus\build\run.js:254:5)
    at _runTestsForDescribeBlock (C:\kitting\ITManagementSystem\03_実装\it-ops-system\backend\node_modules\jest-circus\build\run.js:126:9)
    at _runTestsForDescribeBlock (C:\kitting\ITManagementSystem\03_実装\it-ops-system\backend\node_modules\jest-circus\build\run.js:121:9)
    at _runTestsForDescribeBlock (C:\kitting\ITManagementSystem\03_実装\it-ops-system\backend\node_modules\jest-circus\build\run.js:121:9)
    at run (C:\kitting\ITManagementSystem\03_実装\it-ops-system\backend\node_modules\jest-circus\build\run.js:71:3)
    at runAndTransformResultsToJestFormat (C:\kitting\ITManagementSystem\03_実装\it-ops-system\backend\node_modules\jest-circus\build\legacy-code-todo-rewrite\jestAdapterInit.js:122:21)
    at jestAdapter (C:\kitting\ITManagementSystem\03_実装\it-ops-system\backend\node_modules\jest-circus\build\legacy-code-todo-rewrite\jestAdapter.js:79:19)
    at runTestInternal (C:\kitting\ITManagementSystem\03_実装\it-ops-system\backend\node_modules\jest-runner\build\runTest.js:367:16)
    at runTest (C:\kitting\ITManagementSystem\03_実装\it-ops-system\backend\node_modules\jest-runner\build\runTest.js:444:34)
    at Object.worker (C:\kitting\ITManagementSystem\03_実装\it-ops-system\backend\node_modules\jest-runner\build\testWorker.js:106:12)</failure>
    </testcase>
    <testcase classname="ストレージレイヤーの統合テスト &gt; キャッシュ管理" name="パターンによるキー削除が機能すること" time="0.001">
      <failure>TypeError: db.initialize is not a function
    at Object.&lt;anonymous&gt; (C:\kitting\ITManagementSystem\03_実装\it-ops-system\backend\src\tests\setup.ts:21:14)
    at Promise.then.completed (C:\kitting\ITManagementSystem\03_実装\it-ops-system\backend\node_modules\jest-circus\build\utils.js:298:28)
    at new Promise (&lt;anonymous&gt;)
    at callAsyncCircusFn (C:\kitting\ITManagementSystem\03_実装\it-ops-system\backend\node_modules\jest-circus\build\utils.js:231:10)
    at _callCircusHook (C:\kitting\ITManagementSystem\03_実装\it-ops-system\backend\node_modules\jest-circus\build\run.js:281:40)
    at processTicksAndRejections (node:internal/process/task_queues:105:5)
    at _runTestsForDescribeBlock (C:\kitting\ITManagementSystem\03_実装\it-ops-system\backend\node_modules\jest-circus\build\run.js:95:7)
    at run (C:\kitting\ITManagementSystem\03_実装\it-ops-system\backend\node_modules\jest-circus\build\run.js:71:3)
    at runAndTransformResultsToJestFormat (C:\kitting\ITManagementSystem\03_実装\it-ops-system\backend\node_modules\jest-circus\build\legacy-code-todo-rewrite\jestAdapterInit.js:122:21)
    at jestAdapter (C:\kitting\ITManagementSystem\03_実装\it-ops-system\backend\node_modules\jest-circus\build\legacy-code-todo-rewrite\jestAdapter.js:79:19)
    at runTestInternal (C:\kitting\ITManagementSystem\03_実装\it-ops-system\backend\node_modules\jest-runner\build\runTest.js:367:16)
    at runTest (C:\kitting\ITManagementSystem\03_実装\it-ops-system\backend\node_modules\jest-runner\build\runTest.js:444:34)
    at Object.worker (C:\kitting\ITManagementSystem\03_実装\it-ops-system\backend\node_modules\jest-runner\build\testWorker.js:106:12)</failure>
      <failure>TypeError: Cannot read properties of undefined (reading &apos;shutdown&apos;)
    at Object.&lt;anonymous&gt; (C:\kitting\ITManagementSystem\03_実装\it-ops-system\backend\src\services\__tests__\storageLayer.test.ts:34:17)
    at Promise.then.completed (C:\kitting\ITManagementSystem\03_実装\it-ops-system\backend\node_modules\jest-circus\build\utils.js:298:28)
    at new Promise (&lt;anonymous&gt;)
    at callAsyncCircusFn (C:\kitting\ITManagementSystem\03_実装\it-ops-system\backend\node_modules\jest-circus\build\utils.js:231:10)
    at _callCircusHook (C:\kitting\ITManagementSystem\03_実装\it-ops-system\backend\node_modules\jest-circus\build\run.js:281:40)
    at processTicksAndRejections (node:internal/process/task_queues:105:5)
    at _runTest (C:\kitting\ITManagementSystem\03_実装\it-ops-system\backend\node_modules\jest-circus\build\run.js:254:5)
    at _runTestsForDescribeBlock (C:\kitting\ITManagementSystem\03_実装\it-ops-system\backend\node_modules\jest-circus\build\run.js:126:9)
    at _runTestsForDescribeBlock (C:\kitting\ITManagementSystem\03_実装\it-ops-system\backend\node_modules\jest-circus\build\run.js:121:9)
    at _runTestsForDescribeBlock (C:\kitting\ITManagementSystem\03_実装\it-ops-system\backend\node_modules\jest-circus\build\run.js:121:9)
    at run (C:\kitting\ITManagementSystem\03_実装\it-ops-system\backend\node_modules\jest-circus\build\run.js:71:3)
    at runAndTransformResultsToJestFormat (C:\kitting\ITManagementSystem\03_実装\it-ops-system\backend\node_modules\jest-circus\build\legacy-code-todo-rewrite\jestAdapterInit.js:122:21)
    at jestAdapter (C:\kitting\ITManagementSystem\03_実装\it-ops-system\backend\node_modules\jest-circus\build\legacy-code-todo-rewrite\jestAdapter.js:79:19)
    at runTestInternal (C:\kitting\ITManagementSystem\03_実装\it-ops-system\backend\node_modules\jest-runner\build\runTest.js:367:16)
    at runTest (C:\kitting\ITManagementSystem\03_実装\it-ops-system\backend\node_modules\jest-runner\build\runTest.js:444:34)
    at Object.worker (C:\kitting\ITManagementSystem\03_実装\it-ops-system\backend\node_modules\jest-runner\build\testWorker.js:106:12)</failure>
    </testcase>
    <testcase classname="ストレージレイヤーの統合テスト &gt; エラー処理" name="SQLite接続エラーを適切に処理すること" time="0">
      <failure>TypeError: db.initialize is not a function
    at Object.&lt;anonymous&gt; (C:\kitting\ITManagementSystem\03_実装\it-ops-system\backend\src\tests\setup.ts:21:14)
    at Promise.then.completed (C:\kitting\ITManagementSystem\03_実装\it-ops-system\backend\node_modules\jest-circus\build\utils.js:298:28)
    at new Promise (&lt;anonymous&gt;)
    at callAsyncCircusFn (C:\kitting\ITManagementSystem\03_実装\it-ops-system\backend\node_modules\jest-circus\build\utils.js:231:10)
    at _callCircusHook (C:\kitting\ITManagementSystem\03_実装\it-ops-system\backend\node_modules\jest-circus\build\run.js:281:40)
    at processTicksAndRejections (node:internal/process/task_queues:105:5)
    at _runTestsForDescribeBlock (C:\kitting\ITManagementSystem\03_実装\it-ops-system\backend\node_modules\jest-circus\build\run.js:95:7)
    at run (C:\kitting\ITManagementSystem\03_実装\it-ops-system\backend\node_modules\jest-circus\build\run.js:71:3)
    at runAndTransformResultsToJestFormat (C:\kitting\ITManagementSystem\03_実装\it-ops-system\backend\node_modules\jest-circus\build\legacy-code-todo-rewrite\jestAdapterInit.js:122:21)
    at jestAdapter (C:\kitting\ITManagementSystem\03_実装\it-ops-system\backend\node_modules\jest-circus\build\legacy-code-todo-rewrite\jestAdapter.js:79:19)
    at runTestInternal (C:\kitting\ITManagementSystem\03_実装\it-ops-system\backend\node_modules\jest-runner\build\runTest.js:367:16)
    at runTest (C:\kitting\ITManagementSystem\03_実装\it-ops-system\backend\node_modules\jest-runner\build\runTest.js:444:34)
    at Object.worker (C:\kitting\ITManagementSystem\03_実装\it-ops-system\backend\node_modules\jest-runner\build\testWorker.js:106:12)</failure>
      <failure>TypeError: Cannot read properties of undefined (reading &apos;shutdown&apos;)
    at Object.&lt;anonymous&gt; (C:\kitting\ITManagementSystem\03_実装\it-ops-system\backend\src\services\__tests__\storageLayer.test.ts:34:17)
    at Promise.then.completed (C:\kitting\ITManagementSystem\03_実装\it-ops-system\backend\node_modules\jest-circus\build\utils.js:298:28)
    at new Promise (&lt;anonymous&gt;)
    at callAsyncCircusFn (C:\kitting\ITManagementSystem\03_実装\it-ops-system\backend\node_modules\jest-circus\build\utils.js:231:10)
    at _callCircusHook (C:\kitting\ITManagementSystem\03_実装\it-ops-system\backend\node_modules\jest-circus\build\run.js:281:40)
    at processTicksAndRejections (node:internal/process/task_queues:105:5)
    at _runTest (C:\kitting\ITManagementSystem\03_実装\it-ops-system\backend\node_modules\jest-circus\build\run.js:254:5)
    at _runTestsForDescribeBlock (C:\kitting\ITManagementSystem\03_実装\it-ops-system\backend\node_modules\jest-circus\build\run.js:126:9)
    at _runTestsForDescribeBlock (C:\kitting\ITManagementSystem\03_実装\it-ops-system\backend\node_modules\jest-circus\build\run.js:121:9)
    at _runTestsForDescribeBlock (C:\kitting\ITManagementSystem\03_実装\it-ops-system\backend\node_modules\jest-circus\build\run.js:121:9)
    at run (C:\kitting\ITManagementSystem\03_実装\it-ops-system\backend\node_modules\jest-circus\build\run.js:71:3)
    at runAndTransformResultsToJestFormat (C:\kitting\ITManagementSystem\03_実装\it-ops-system\backend\node_modules\jest-circus\build\legacy-code-todo-rewrite\jestAdapterInit.js:122:21)
    at jestAdapter (C:\kitting\ITManagementSystem\03_実装\it-ops-system\backend\node_modules\jest-circus\build\legacy-code-todo-rewrite\jestAdapter.js:79:19)
    at runTestInternal (C:\kitting\ITManagementSystem\03_実装\it-ops-system\backend\node_modules\jest-runner\build\runTest.js:367:16)
    at runTest (C:\kitting\ITManagementSystem\03_実装\it-ops-system\backend\node_modules\jest-runner\build\runTest.js:444:34)
    at Object.worker (C:\kitting\ITManagementSystem\03_実装\it-ops-system\backend\node_modules\jest-runner\build\testWorker.js:106:12)</failure>
    </testcase>
    <testcase classname="ストレージレイヤーの統合テスト &gt; エラー処理" name="Redis接続エラーを適切に処理すること" time="0.001">
      <failure>TypeError: db.initialize is not a function
    at Object.&lt;anonymous&gt; (C:\kitting\ITManagementSystem\03_実装\it-ops-system\backend\src\tests\setup.ts:21:14)
    at Promise.then.completed (C:\kitting\ITManagementSystem\03_実装\it-ops-system\backend\node_modules\jest-circus\build\utils.js:298:28)
    at new Promise (&lt;anonymous&gt;)
    at callAsyncCircusFn (C:\kitting\ITManagementSystem\03_実装\it-ops-system\backend\node_modules\jest-circus\build\utils.js:231:10)
    at _callCircusHook (C:\kitting\ITManagementSystem\03_実装\it-ops-system\backend\node_modules\jest-circus\build\run.js:281:40)
    at processTicksAndRejections (node:internal/process/task_queues:105:5)
    at _runTestsForDescribeBlock (C:\kitting\ITManagementSystem\03_実装\it-ops-system\backend\node_modules\jest-circus\build\run.js:95:7)
    at run (C:\kitting\ITManagementSystem\03_実装\it-ops-system\backend\node_modules\jest-circus\build\run.js:71:3)
    at runAndTransformResultsToJestFormat (C:\kitting\ITManagementSystem\03_実装\it-ops-system\backend\node_modules\jest-circus\build\legacy-code-todo-rewrite\jestAdapterInit.js:122:21)
    at jestAdapter (C:\kitting\ITManagementSystem\03_実装\it-ops-system\backend\node_modules\jest-circus\build\legacy-code-todo-rewrite\jestAdapter.js:79:19)
    at runTestInternal (C:\kitting\ITManagementSystem\03_実装\it-ops-system\backend\node_modules\jest-runner\build\runTest.js:367:16)
    at runTest (C:\kitting\ITManagementSystem\03_実装\it-ops-system\backend\node_modules\jest-runner\build\runTest.js:444:34)
    at Object.worker (C:\kitting\ITManagementSystem\03_実装\it-ops-system\backend\node_modules\jest-runner\build\testWorker.js:106:12)</failure>
      <failure>TypeError: Cannot read properties of undefined (reading &apos;shutdown&apos;)
    at Object.&lt;anonymous&gt; (C:\kitting\ITManagementSystem\03_実装\it-ops-system\backend\src\services\__tests__\storageLayer.test.ts:34:17)
    at Promise.then.completed (C:\kitting\ITManagementSystem\03_実装\it-ops-system\backend\node_modules\jest-circus\build\utils.js:298:28)
    at new Promise (&lt;anonymous&gt;)
    at callAsyncCircusFn (C:\kitting\ITManagementSystem\03_実装\it-ops-system\backend\node_modules\jest-circus\build\utils.js:231:10)
    at _callCircusHook (C:\kitting\ITManagementSystem\03_実装\it-ops-system\backend\node_modules\jest-circus\build\run.js:281:40)
    at processTicksAndRejections (node:internal/process/task_queues:105:5)
    at _runTest (C:\kitting\ITManagementSystem\03_実装\it-ops-system\backend\node_modules\jest-circus\build\run.js:254:5)
    at _runTestsForDescribeBlock (C:\kitting\ITManagementSystem\03_実装\it-ops-system\backend\node_modules\jest-circus\build\run.js:126:9)
    at _runTestsForDescribeBlock (C:\kitting\ITManagementSystem\03_実装\it-ops-system\backend\node_modules\jest-circus\build\run.js:121:9)
    at _runTestsForDescribeBlock (C:\kitting\ITManagementSystem\03_実装\it-ops-system\backend\node_modules\jest-circus\build\run.js:121:9)
    at run (C:\kitting\ITManagementSystem\03_実装\it-ops-system\backend\node_modules\jest-circus\build\run.js:71:3)
    at runAndTransformResultsToJestFormat (C:\kitting\ITManagementSystem\03_実装\it-ops-system\backend\node_modules\jest-circus\build\legacy-code-todo-rewrite\jestAdapterInit.js:122:21)
    at jestAdapter (C:\kitting\ITManagementSystem\03_実装\it-ops-system\backend\node_modules\jest-circus\build\legacy-code-todo-rewrite\jestAdapter.js:79:19)
    at runTestInternal (C:\kitting\ITManagementSystem\03_実装\it-ops-system\backend\node_modules\jest-runner\build\runTest.js:367:16)
    at runTest (C:\kitting\ITManagementSystem\03_実装\it-ops-system\backend\node_modules\jest-runner\build\runTest.js:444:34)
    at Object.worker (C:\kitting\ITManagementSystem\03_実装\it-ops-system\backend\node_modules\jest-runner\build\testWorker.js:106:12)</failure>
    </testcase>
    <testcase classname="ストレージレイヤーの統合テスト &gt; エラー処理" name="データベースの整合性チェックが機能すること" time="0">
      <failure>TypeError: db.initialize is not a function
    at Object.&lt;anonymous&gt; (C:\kitting\ITManagementSystem\03_実装\it-ops-system\backend\src\tests\setup.ts:21:14)
    at Promise.then.completed (C:\kitting\ITManagementSystem\03_実装\it-ops-system\backend\node_modules\jest-circus\build\utils.js:298:28)
    at new Promise (&lt;anonymous&gt;)
    at callAsyncCircusFn (C:\kitting\ITManagementSystem\03_実装\it-ops-system\backend\node_modules\jest-circus\build\utils.js:231:10)
    at _callCircusHook (C:\kitting\ITManagementSystem\03_実装\it-ops-system\backend\node_modules\jest-circus\build\run.js:281:40)
    at processTicksAndRejections (node:internal/process/task_queues:105:5)
    at _runTestsForDescribeBlock (C:\kitting\ITManagementSystem\03_実装\it-ops-system\backend\node_modules\jest-circus\build\run.js:95:7)
    at run (C:\kitting\ITManagementSystem\03_実装\it-ops-system\backend\node_modules\jest-circus\build\run.js:71:3)
    at runAndTransformResultsToJestFormat (C:\kitting\ITManagementSystem\03_実装\it-ops-system\backend\node_modules\jest-circus\build\legacy-code-todo-rewrite\jestAdapterInit.js:122:21)
    at jestAdapter (C:\kitting\ITManagementSystem\03_実装\it-ops-system\backend\node_modules\jest-circus\build\legacy-code-todo-rewrite\jestAdapter.js:79:19)
    at runTestInternal (C:\kitting\ITManagementSystem\03_実装\it-ops-system\backend\node_modules\jest-runner\build\runTest.js:367:16)
    at runTest (C:\kitting\ITManagementSystem\03_実装\it-ops-system\backend\node_modules\jest-runner\build\runTest.js:444:34)
    at Object.worker (C:\kitting\ITManagementSystem\03_実装\it-ops-system\backend\node_modules\jest-runner\build\testWorker.js:106:12)</failure>
      <failure>TypeError: Cannot read properties of undefined (reading &apos;shutdown&apos;)
    at Object.&lt;anonymous&gt; (C:\kitting\ITManagementSystem\03_実装\it-ops-system\backend\src\services\__tests__\storageLayer.test.ts:34:17)
    at Promise.then.completed (C:\kitting\ITManagementSystem\03_実装\it-ops-system\backend\node_modules\jest-circus\build\utils.js:298:28)
    at new Promise (&lt;anonymous&gt;)
    at callAsyncCircusFn (C:\kitting\ITManagementSystem\03_実装\it-ops-system\backend\node_modules\jest-circus\build\utils.js:231:10)
    at _callCircusHook (C:\kitting\ITManagementSystem\03_実装\it-ops-system\backend\node_modules\jest-circus\build\run.js:281:40)
    at processTicksAndRejections (node:internal/process/task_queues:105:5)
    at _runTest (C:\kitting\ITManagementSystem\03_実装\it-ops-system\backend\node_modules\jest-circus\build\run.js:254:5)
    at _runTestsForDescribeBlock (C:\kitting\ITManagementSystem\03_実装\it-ops-system\backend\node_modules\jest-circus\build\run.js:126:9)
    at _runTestsForDescribeBlock (C:\kitting\ITManagementSystem\03_実装\it-ops-system\backend\node_modules\jest-circus\build\run.js:121:9)
    at _runTestsForDescribeBlock (C:\kitting\ITManagementSystem\03_実装\it-ops-system\backend\node_modules\jest-circus\build\run.js:121:9)
    at run (C:\kitting\ITManagementSystem\03_実装\it-ops-system\backend\node_modules\jest-circus\build\run.js:71:3)
    at runAndTransformResultsToJestFormat (C:\kitting\ITManagementSystem\03_実装\it-ops-system\backend\node_modules\jest-circus\build\legacy-code-todo-rewrite\jestAdapterInit.js:122:21)
    at jestAdapter (C:\kitting\ITManagementSystem\03_実装\it-ops-system\backend\node_modules\jest-circus\build\legacy-code-todo-rewrite\jestAdapter.js:79:19)
    at runTestInternal (C:\kitting\ITManagementSystem\03_実装\it-ops-system\backend\node_modules\jest-runner\build\runTest.js:367:16)
    at runTest (C:\kitting\ITManagementSystem\03_実装\it-ops-system\backend\node_modules\jest-runner\build\runTest.js:444:34)
    at Object.worker (C:\kitting\ITManagementSystem\03_実装\it-ops-system\backend\node_modules\jest-runner\build\testWorker.js:106:12)</failure>
    </testcase>
    <testcase classname="ストレージレイヤーの統合テスト &gt; パフォーマンス最適化" name="インデックスが正しく使用されること" time="0">
      <failure>TypeError: db.initialize is not a function
    at Object.&lt;anonymous&gt; (C:\kitting\ITManagementSystem\03_実装\it-ops-system\backend\src\tests\setup.ts:21:14)
    at Promise.then.completed (C:\kitting\ITManagementSystem\03_実装\it-ops-system\backend\node_modules\jest-circus\build\utils.js:298:28)
    at new Promise (&lt;anonymous&gt;)
    at callAsyncCircusFn (C:\kitting\ITManagementSystem\03_実装\it-ops-system\backend\node_modules\jest-circus\build\utils.js:231:10)
    at _callCircusHook (C:\kitting\ITManagementSystem\03_実装\it-ops-system\backend\node_modules\jest-circus\build\run.js:281:40)
    at processTicksAndRejections (node:internal/process/task_queues:105:5)
    at _runTestsForDescribeBlock (C:\kitting\ITManagementSystem\03_実装\it-ops-system\backend\node_modules\jest-circus\build\run.js:95:7)
    at run (C:\kitting\ITManagementSystem\03_実装\it-ops-system\backend\node_modules\jest-circus\build\run.js:71:3)
    at runAndTransformResultsToJestFormat (C:\kitting\ITManagementSystem\03_実装\it-ops-system\backend\node_modules\jest-circus\build\legacy-code-todo-rewrite\jestAdapterInit.js:122:21)
    at jestAdapter (C:\kitting\ITManagementSystem\03_実装\it-ops-system\backend\node_modules\jest-circus\build\legacy-code-todo-rewrite\jestAdapter.js:79:19)
    at runTestInternal (C:\kitting\ITManagementSystem\03_実装\it-ops-system\backend\node_modules\jest-runner\build\runTest.js:367:16)
    at runTest (C:\kitting\ITManagementSystem\03_実装\it-ops-system\backend\node_modules\jest-runner\build\runTest.js:444:34)
    at Object.worker (C:\kitting\ITManagementSystem\03_実装\it-ops-system\backend\node_modules\jest-runner\build\testWorker.js:106:12)</failure>
      <failure>TypeError: Cannot read properties of undefined (reading &apos;shutdown&apos;)
    at Object.&lt;anonymous&gt; (C:\kitting\ITManagementSystem\03_実装\it-ops-system\backend\src\services\__tests__\storageLayer.test.ts:34:17)
    at Promise.then.completed (C:\kitting\ITManagementSystem\03_実装\it-ops-system\backend\node_modules\jest-circus\build\utils.js:298:28)
    at new Promise (&lt;anonymous&gt;)
    at callAsyncCircusFn (C:\kitting\ITManagementSystem\03_実装\it-ops-system\backend\node_modules\jest-circus\build\utils.js:231:10)
    at _callCircusHook (C:\kitting\ITManagementSystem\03_実装\it-ops-system\backend\node_modules\jest-circus\build\run.js:281:40)
    at processTicksAndRejections (node:internal/process/task_queues:105:5)
    at _runTest (C:\kitting\ITManagementSystem\03_実装\it-ops-system\backend\node_modules\jest-circus\build\run.js:254:5)
    at _runTestsForDescribeBlock (C:\kitting\ITManagementSystem\03_実装\it-ops-system\backend\node_modules\jest-circus\build\run.js:126:9)
    at _runTestsForDescribeBlock (C:\kitting\ITManagementSystem\03_実装\it-ops-system\backend\node_modules\jest-circus\build\run.js:121:9)
    at _runTestsForDescribeBlock (C:\kitting\ITManagementSystem\03_実装\it-ops-system\backend\node_modules\jest-circus\build\run.js:121:9)
    at run (C:\kitting\ITManagementSystem\03_実装\it-ops-system\backend\node_modules\jest-circus\build\run.js:71:3)
    at runAndTransformResultsToJestFormat (C:\kitting\ITManagementSystem\03_実装\it-ops-system\backend\node_modules\jest-circus\build\legacy-code-todo-rewrite\jestAdapterInit.js:122:21)
    at jestAdapter (C:\kitting\ITManagementSystem\03_実装\it-ops-system\backend\node_modules\jest-circus\build\legacy-code-todo-rewrite\jestAdapter.js:79:19)
    at runTestInternal (C:\kitting\ITManagementSystem\03_実装\it-ops-system\backend\node_modules\jest-runner\build\runTest.js:367:16)
    at runTest (C:\kitting\ITManagementSystem\03_実装\it-ops-system\backend\node_modules\jest-runner\build\runTest.js:444:34)
    at Object.worker (C:\kitting\ITManagementSystem\03_実装\it-ops-system\backend\node_modules\jest-runner\build\testWorker.js:106:12)</failure>
    </testcase>
    <testcase classname="ストレージレイヤーの統合テスト &gt; パフォーマンス最適化" name="キャッシュヒット率を計測できること" time="0">
      <failure>TypeError: db.initialize is not a function
    at Object.&lt;anonymous&gt; (C:\kitting\ITManagementSystem\03_実装\it-ops-system\backend\src\tests\setup.ts:21:14)
    at Promise.then.completed (C:\kitting\ITManagementSystem\03_実装\it-ops-system\backend\node_modules\jest-circus\build\utils.js:298:28)
    at new Promise (&lt;anonymous&gt;)
    at callAsyncCircusFn (C:\kitting\ITManagementSystem\03_実装\it-ops-system\backend\node_modules\jest-circus\build\utils.js:231:10)
    at _callCircusHook (C:\kitting\ITManagementSystem\03_実装\it-ops-system\backend\node_modules\jest-circus\build\run.js:281:40)
    at processTicksAndRejections (node:internal/process/task_queues:105:5)
    at _runTestsForDescribeBlock (C:\kitting\ITManagementSystem\03_実装\it-ops-system\backend\node_modules\jest-circus\build\run.js:95:7)
    at run (C:\kitting\ITManagementSystem\03_実装\it-ops-system\backend\node_modules\jest-circus\build\run.js:71:3)
    at runAndTransformResultsToJestFormat (C:\kitting\ITManagementSystem\03_実装\it-ops-system\backend\node_modules\jest-circus\build\legacy-code-todo-rewrite\jestAdapterInit.js:122:21)
    at jestAdapter (C:\kitting\ITManagementSystem\03_実装\it-ops-system\backend\node_modules\jest-circus\build\legacy-code-todo-rewrite\jestAdapter.js:79:19)
    at runTestInternal (C:\kitting\ITManagementSystem\03_実装\it-ops-system\backend\node_modules\jest-runner\build\runTest.js:367:16)
    at runTest (C:\kitting\ITManagementSystem\03_実装\it-ops-system\backend\node_modules\jest-runner\build\runTest.js:444:34)
    at Object.worker (C:\kitting\ITManagementSystem\03_実装\it-ops-system\backend\node_modules\jest-runner\build\testWorker.js:106:12)</failure>
      <failure>TypeError: Cannot read properties of undefined (reading &apos;shutdown&apos;)
    at Object.&lt;anonymous&gt; (C:\kitting\ITManagementSystem\03_実装\it-ops-system\backend\src\services\__tests__\storageLayer.test.ts:34:17)
    at Promise.then.completed (C:\kitting\ITManagementSystem\03_実装\it-ops-system\backend\node_modules\jest-circus\build\utils.js:298:28)
    at new Promise (&lt;anonymous&gt;)
    at callAsyncCircusFn (C:\kitting\ITManagementSystem\03_実装\it-ops-system\backend\node_modules\jest-circus\build\utils.js:231:10)
    at _callCircusHook (C:\kitting\ITManagementSystem\03_実装\it-ops-system\backend\node_modules\jest-circus\build\run.js:281:40)
    at processTicksAndRejections (node:internal/process/task_queues:105:5)
    at _runTest (C:\kitting\ITManagementSystem\03_実装\it-ops-system\backend\node_modules\jest-circus\build\run.js:254:5)
    at _runTestsForDescribeBlock (C:\kitting\ITManagementSystem\03_実装\it-ops-system\backend\node_modules\jest-circus\build\run.js:126:9)
    at _runTestsForDescribeBlock (C:\kitting\ITManagementSystem\03_実装\it-ops-system\backend\node_modules\jest-circus\build\run.js:121:9)
    at _runTestsForDescribeBlock (C:\kitting\ITManagementSystem\03_実装\it-ops-system\backend\node_modules\jest-circus\build\run.js:121:9)
    at run (C:\kitting\ITManagementSystem\03_実装\it-ops-system\backend\node_modules\jest-circus\build\run.js:71:3)
    at runAndTransformResultsToJestFormat (C:\kitting\ITManagementSystem\03_実装\it-ops-system\backend\node_modules\jest-circus\build\legacy-code-todo-rewrite\jestAdapterInit.js:122:21)
    at jestAdapter (C:\kitting\ITManagementSystem\03_実装\it-ops-system\backend\node_modules\jest-circus\build\legacy-code-todo-rewrite\jestAdapter.js:79:19)
    at runTestInternal (C:\kitting\ITManagementSystem\03_実装\it-ops-system\backend\node_modules\jest-runner\build\runTest.js:367:16)
    at runTest (C:\kitting\ITManagementSystem\03_実装\it-ops-system\backend\node_modules\jest-runner\build\runTest.js:444:34)
    at Object.worker (C:\kitting\ITManagementSystem\03_実装\it-ops-system\backend\node_modules\jest-runner\build\testWorker.js:106:12)</failure>
    </testcase>
  </testsuite>
  <testsuite name="権限変更監査パフォーマンステスト" errors="0" failures="5" skipped="0" timestamp="2025-03-08T11:28:23" time="8.589" tests="5">
    <testcase classname="権限変更監査パフォーマンステスト" name="大量データの検索性能テスト" time="0.018">
      <failure>TypeError: db.initialize is not a function
    at Object.&lt;anonymous&gt; (C:\kitting\ITManagementSystem\03_実装\it-ops-system\backend\src\tests\setup.ts:21:14)
    at Promise.then.completed (C:\kitting\ITManagementSystem\03_実装\it-ops-system\backend\node_modules\jest-circus\build\utils.js:298:28)
    at new Promise (&lt;anonymous&gt;)
    at callAsyncCircusFn (C:\kitting\ITManagementSystem\03_実装\it-ops-system\backend\node_modules\jest-circus\build\utils.js:231:10)
    at _callCircusHook (C:\kitting\ITManagementSystem\03_実装\it-ops-system\backend\node_modules\jest-circus\build\run.js:281:40)
    at processTicksAndRejections (node:internal/process/task_queues:105:5)
    at _runTestsForDescribeBlock (C:\kitting\ITManagementSystem\03_実装\it-ops-system\backend\node_modules\jest-circus\build\run.js:95:7)
    at run (C:\kitting\ITManagementSystem\03_実装\it-ops-system\backend\node_modules\jest-circus\build\run.js:71:3)
    at runAndTransformResultsToJestFormat (C:\kitting\ITManagementSystem\03_実装\it-ops-system\backend\node_modules\jest-circus\build\legacy-code-todo-rewrite\jestAdapterInit.js:122:21)
    at jestAdapter (C:\kitting\ITManagementSystem\03_実装\it-ops-system\backend\node_modules\jest-circus\build\legacy-code-todo-rewrite\jestAdapter.js:79:19)
    at runTestInternal (C:\kitting\ITManagementSystem\03_実装\it-ops-system\backend\node_modules\jest-runner\build\runTest.js:367:16)
    at runTest (C:\kitting\ITManagementSystem\03_実装\it-ops-system\backend\node_modules\jest-runner\build\runTest.js:444:34)
    at Object.worker (C:\kitting\ITManagementSystem\03_実装\it-ops-system\backend\node_modules\jest-runner\build\testWorker.js:106:12)</failure>
      <failure>Error: SQLITE_ERROR: no such table: permission_audit</failure>
    </testcase>
    <testcase classname="権限変更監査パフォーマンステスト" name="フィルター付き検索性能テスト" time="0.002">
      <failure>TypeError: db.initialize is not a function
    at Object.&lt;anonymous&gt; (C:\kitting\ITManagementSystem\03_実装\it-ops-system\backend\src\tests\setup.ts:21:14)
    at Promise.then.completed (C:\kitting\ITManagementSystem\03_実装\it-ops-system\backend\node_modules\jest-circus\build\utils.js:298:28)
    at new Promise (&lt;anonymous&gt;)
    at callAsyncCircusFn (C:\kitting\ITManagementSystem\03_実装\it-ops-system\backend\node_modules\jest-circus\build\utils.js:231:10)
    at _callCircusHook (C:\kitting\ITManagementSystem\03_実装\it-ops-system\backend\node_modules\jest-circus\build\run.js:281:40)
    at processTicksAndRejections (node:internal/process/task_queues:105:5)
    at _runTestsForDescribeBlock (C:\kitting\ITManagementSystem\03_実装\it-ops-system\backend\node_modules\jest-circus\build\run.js:95:7)
    at run (C:\kitting\ITManagementSystem\03_実装\it-ops-system\backend\node_modules\jest-circus\build\run.js:71:3)
    at runAndTransformResultsToJestFormat (C:\kitting\ITManagementSystem\03_実装\it-ops-system\backend\node_modules\jest-circus\build\legacy-code-todo-rewrite\jestAdapterInit.js:122:21)
    at jestAdapter (C:\kitting\ITManagementSystem\03_実装\it-ops-system\backend\node_modules\jest-circus\build\legacy-code-todo-rewrite\jestAdapter.js:79:19)
    at runTestInternal (C:\kitting\ITManagementSystem\03_実装\it-ops-system\backend\node_modules\jest-runner\build\runTest.js:367:16)
    at runTest (C:\kitting\ITManagementSystem\03_実装\it-ops-system\backend\node_modules\jest-runner\build\runTest.js:444:34)
    at Object.worker (C:\kitting\ITManagementSystem\03_実装\it-ops-system\backend\node_modules\jest-runner\build\testWorker.js:106:12)</failure>
      <failure>Error: SQLITE_ERROR: no such table: permission_audit</failure>
    </testcase>
    <testcase classname="権限変更監査パフォーマンステスト" name="統計情報生成性能テスト" time="0.003">
      <failure>TypeError: db.initialize is not a function
    at Object.&lt;anonymous&gt; (C:\kitting\ITManagementSystem\03_実装\it-ops-system\backend\src\tests\setup.ts:21:14)
    at Promise.then.completed (C:\kitting\ITManagementSystem\03_実装\it-ops-system\backend\node_modules\jest-circus\build\utils.js:298:28)
    at new Promise (&lt;anonymous&gt;)
    at callAsyncCircusFn (C:\kitting\ITManagementSystem\03_実装\it-ops-system\backend\node_modules\jest-circus\build\utils.js:231:10)
    at _callCircusHook (C:\kitting\ITManagementSystem\03_実装\it-ops-system\backend\node_modules\jest-circus\build\run.js:281:40)
    at processTicksAndRejections (node:internal/process/task_queues:105:5)
    at _runTestsForDescribeBlock (C:\kitting\ITManagementSystem\03_実装\it-ops-system\backend\node_modules\jest-circus\build\run.js:95:7)
    at run (C:\kitting\ITManagementSystem\03_実装\it-ops-system\backend\node_modules\jest-circus\build\run.js:71:3)
    at runAndTransformResultsToJestFormat (C:\kitting\ITManagementSystem\03_実装\it-ops-system\backend\node_modules\jest-circus\build\legacy-code-todo-rewrite\jestAdapterInit.js:122:21)
    at jestAdapter (C:\kitting\ITManagementSystem\03_実装\it-ops-system\backend\node_modules\jest-circus\build\legacy-code-todo-rewrite\jestAdapter.js:79:19)
    at runTestInternal (C:\kitting\ITManagementSystem\03_実装\it-ops-system\backend\node_modules\jest-runner\build\runTest.js:367:16)
    at runTest (C:\kitting\ITManagementSystem\03_実装\it-ops-system\backend\node_modules\jest-runner\build\runTest.js:444:34)
    at Object.worker (C:\kitting\ITManagementSystem\03_実装\it-ops-system\backend\node_modules\jest-runner\build\testWorker.js:106:12)</failure>
      <failure>Error: SQLITE_ERROR: no such table: permission_audit</failure>
    </testcase>
    <testcase classname="権限変更監査パフォーマンステスト" name="メモリ使用量テスト" time="0.002">
      <failure>TypeError: db.initialize is not a function
    at Object.&lt;anonymous&gt; (C:\kitting\ITManagementSystem\03_実装\it-ops-system\backend\src\tests\setup.ts:21:14)
    at Promise.then.completed (C:\kitting\ITManagementSystem\03_実装\it-ops-system\backend\node_modules\jest-circus\build\utils.js:298:28)
    at new Promise (&lt;anonymous&gt;)
    at callAsyncCircusFn (C:\kitting\ITManagementSystem\03_実装\it-ops-system\backend\node_modules\jest-circus\build\utils.js:231:10)
    at _callCircusHook (C:\kitting\ITManagementSystem\03_実装\it-ops-system\backend\node_modules\jest-circus\build\run.js:281:40)
    at processTicksAndRejections (node:internal/process/task_queues:105:5)
    at _runTestsForDescribeBlock (C:\kitting\ITManagementSystem\03_実装\it-ops-system\backend\node_modules\jest-circus\build\run.js:95:7)
    at run (C:\kitting\ITManagementSystem\03_実装\it-ops-system\backend\node_modules\jest-circus\build\run.js:71:3)
    at runAndTransformResultsToJestFormat (C:\kitting\ITManagementSystem\03_実装\it-ops-system\backend\node_modules\jest-circus\build\legacy-code-todo-rewrite\jestAdapterInit.js:122:21)
    at jestAdapter (C:\kitting\ITManagementSystem\03_実装\it-ops-system\backend\node_modules\jest-circus\build\legacy-code-todo-rewrite\jestAdapter.js:79:19)
    at runTestInternal (C:\kitting\ITManagementSystem\03_実装\it-ops-system\backend\node_modules\jest-runner\build\runTest.js:367:16)
    at runTest (C:\kitting\ITManagementSystem\03_実装\it-ops-system\backend\node_modules\jest-runner\build\runTest.js:444:34)
    at Object.worker (C:\kitting\ITManagementSystem\03_実装\it-ops-system\backend\node_modules\jest-runner\build\testWorker.js:106:12)</failure>
      <failure>Error: SQLITE_ERROR: no such table: permission_audit</failure>
    </testcase>
    <testcase classname="権限変更監査パフォーマンステスト" name="同時リクエスト処理性能テスト" time="0.005">
      <failure>TypeError: db.initialize is not a function
    at Object.&lt;anonymous&gt; (C:\kitting\ITManagementSystem\03_実装\it-ops-system\backend\src\tests\setup.ts:21:14)
    at Promise.then.completed (C:\kitting\ITManagementSystem\03_実装\it-ops-system\backend\node_modules\jest-circus\build\utils.js:298:28)
    at new Promise (&lt;anonymous&gt;)
    at callAsyncCircusFn (C:\kitting\ITManagementSystem\03_実装\it-ops-system\backend\node_modules\jest-circus\build\utils.js:231:10)
    at _callCircusHook (C:\kitting\ITManagementSystem\03_実装\it-ops-system\backend\node_modules\jest-circus\build\run.js:281:40)
    at processTicksAndRejections (node:internal/process/task_queues:105:5)
    at _runTestsForDescribeBlock (C:\kitting\ITManagementSystem\03_実装\it-ops-system\backend\node_modules\jest-circus\build\run.js:95:7)
    at run (C:\kitting\ITManagementSystem\03_実装\it-ops-system\backend\node_modules\jest-circus\build\run.js:71:3)
    at runAndTransformResultsToJestFormat (C:\kitting\ITManagementSystem\03_実装\it-ops-system\backend\node_modules\jest-circus\build\legacy-code-todo-rewrite\jestAdapterInit.js:122:21)
    at jestAdapter (C:\kitting\ITManagementSystem\03_実装\it-ops-system\backend\node_modules\jest-circus\build\legacy-code-todo-rewrite\jestAdapter.js:79:19)
    at runTestInternal (C:\kitting\ITManagementSystem\03_実装\it-ops-system\backend\node_modules\jest-runner\build\runTest.js:367:16)
    at runTest (C:\kitting\ITManagementSystem\03_実装\it-ops-system\backend\node_modules\jest-runner\build\runTest.js:444:34)
    at Object.worker (C:\kitting\ITManagementSystem\03_実装\it-ops-system\backend\node_modules\jest-runner\build\testWorker.js:106:12)</failure>
      <failure>Error: SQLITE_ERROR: no such table: permission_audit</failure>
    </testcase>
  </testsuite>
  <testsuite name="PermissionAuditService Performance Tests" errors="0" failures="6" skipped="0" timestamp="2025-03-08T11:28:23" time="8.924" tests="6">
    <testcase classname="PermissionAuditService Performance Tests" name="検索のパフォーマンス - インデックスあり" time="0.013">
      <failure>TypeError: db.initialize is not a function
    at Object.&lt;anonymous&gt; (C:\kitting\ITManagementSystem\03_実装\it-ops-system\backend\src\tests\setup.ts:21:14)
    at Promise.then.completed (C:\kitting\ITManagementSystem\03_実装\it-ops-system\backend\node_modules\jest-circus\build\utils.js:298:28)
    at new Promise (&lt;anonymous&gt;)
    at callAsyncCircusFn (C:\kitting\ITManagementSystem\03_実装\it-ops-system\backend\node_modules\jest-circus\build\utils.js:231:10)
    at _callCircusHook (C:\kitting\ITManagementSystem\03_実装\it-ops-system\backend\node_modules\jest-circus\build\run.js:281:40)
    at processTicksAndRejections (node:internal/process/task_queues:105:5)
    at _runTestsForDescribeBlock (C:\kitting\ITManagementSystem\03_実装\it-ops-system\backend\node_modules\jest-circus\build\run.js:95:7)
    at run (C:\kitting\ITManagementSystem\03_実装\it-ops-system\backend\node_modules\jest-circus\build\run.js:71:3)
    at runAndTransformResultsToJestFormat (C:\kitting\ITManagementSystem\03_実装\it-ops-system\backend\node_modules\jest-circus\build\legacy-code-todo-rewrite\jestAdapterInit.js:122:21)
    at jestAdapter (C:\kitting\ITManagementSystem\03_実装\it-ops-system\backend\node_modules\jest-circus\build\legacy-code-todo-rewrite\jestAdapter.js:79:19)
    at runTestInternal (C:\kitting\ITManagementSystem\03_実装\it-ops-system\backend\node_modules\jest-runner\build\runTest.js:367:16)
    at runTest (C:\kitting\ITManagementSystem\03_実装\it-ops-system\backend\node_modules\jest-runner\build\runTest.js:444:34)
    at Object.worker (C:\kitting\ITManagementSystem\03_実装\it-ops-system\backend\node_modules\jest-runner\build\testWorker.js:106:12)</failure>
      <failure>Error: SQLITE_ERROR: no such table: permission_audit</failure>
    </testcase>
    <testcase classname="PermissionAuditService Performance Tests" name="統計集計のパフォーマンス" time="0">
      <failure>TypeError: db.initialize is not a function
    at Object.&lt;anonymous&gt; (C:\kitting\ITManagementSystem\03_実装\it-ops-system\backend\src\tests\setup.ts:21:14)
    at Promise.then.completed (C:\kitting\ITManagementSystem\03_実装\it-ops-system\backend\node_modules\jest-circus\build\utils.js:298:28)
    at new Promise (&lt;anonymous&gt;)
    at callAsyncCircusFn (C:\kitting\ITManagementSystem\03_実装\it-ops-system\backend\node_modules\jest-circus\build\utils.js:231:10)
    at _callCircusHook (C:\kitting\ITManagementSystem\03_実装\it-ops-system\backend\node_modules\jest-circus\build\run.js:281:40)
    at processTicksAndRejections (node:internal/process/task_queues:105:5)
    at _runTestsForDescribeBlock (C:\kitting\ITManagementSystem\03_実装\it-ops-system\backend\node_modules\jest-circus\build\run.js:95:7)
    at run (C:\kitting\ITManagementSystem\03_実装\it-ops-system\backend\node_modules\jest-circus\build\run.js:71:3)
    at runAndTransformResultsToJestFormat (C:\kitting\ITManagementSystem\03_実装\it-ops-system\backend\node_modules\jest-circus\build\legacy-code-todo-rewrite\jestAdapterInit.js:122:21)
    at jestAdapter (C:\kitting\ITManagementSystem\03_実装\it-ops-system\backend\node_modules\jest-circus\build\legacy-code-todo-rewrite\jestAdapter.js:79:19)
    at runTestInternal (C:\kitting\ITManagementSystem\03_実装\it-ops-system\backend\node_modules\jest-runner\build\runTest.js:367:16)
    at runTest (C:\kitting\ITManagementSystem\03_実装\it-ops-system\backend\node_modules\jest-runner\build\runTest.js:444:34)
    at Object.worker (C:\kitting\ITManagementSystem\03_実装\it-ops-system\backend\node_modules\jest-runner\build\testWorker.js:106:12)</failure>
      <failure>Error: SQLITE_ERROR: no such table: permission_audit</failure>
    </testcase>
    <testcase classname="PermissionAuditService Performance Tests" name="ユーザー履歴取得のパフォーマンス" time="0.001">
      <failure>TypeError: db.initialize is not a function
    at Object.&lt;anonymous&gt; (C:\kitting\ITManagementSystem\03_実装\it-ops-system\backend\src\tests\setup.ts:21:14)
    at Promise.then.completed (C:\kitting\ITManagementSystem\03_実装\it-ops-system\backend\node_modules\jest-circus\build\utils.js:298:28)
    at new Promise (&lt;anonymous&gt;)
    at callAsyncCircusFn (C:\kitting\ITManagementSystem\03_実装\it-ops-system\backend\node_modules\jest-circus\build\utils.js:231:10)
    at _callCircusHook (C:\kitting\ITManagementSystem\03_実装\it-ops-system\backend\node_modules\jest-circus\build\run.js:281:40)
    at processTicksAndRejections (node:internal/process/task_queues:105:5)
    at _runTestsForDescribeBlock (C:\kitting\ITManagementSystem\03_実装\it-ops-system\backend\node_modules\jest-circus\build\run.js:95:7)
    at run (C:\kitting\ITManagementSystem\03_実装\it-ops-system\backend\node_modules\jest-circus\build\run.js:71:3)
    at runAndTransformResultsToJestFormat (C:\kitting\ITManagementSystem\03_実装\it-ops-system\backend\node_modules\jest-circus\build\legacy-code-todo-rewrite\jestAdapterInit.js:122:21)
    at jestAdapter (C:\kitting\ITManagementSystem\03_実装\it-ops-system\backend\node_modules\jest-circus\build\legacy-code-todo-rewrite\jestAdapter.js:79:19)
    at runTestInternal (C:\kitting\ITManagementSystem\03_実装\it-ops-system\backend\node_modules\jest-runner\build\runTest.js:367:16)
    at runTest (C:\kitting\ITManagementSystem\03_実装\it-ops-system\backend\node_modules\jest-runner\build\runTest.js:444:34)
    at Object.worker (C:\kitting\ITManagementSystem\03_実装\it-ops-system\backend\node_modules\jest-runner\build\testWorker.js:106:12)</failure>
      <failure>Error: SQLITE_ERROR: no such table: permission_audit</failure>
    </testcase>
    <testcase classname="PermissionAuditService Performance Tests" name="レポート生成のパフォーマンス" time="0">
      <failure>TypeError: db.initialize is not a function
    at Object.&lt;anonymous&gt; (C:\kitting\ITManagementSystem\03_実装\it-ops-system\backend\src\tests\setup.ts:21:14)
    at Promise.then.completed (C:\kitting\ITManagementSystem\03_実装\it-ops-system\backend\node_modules\jest-circus\build\utils.js:298:28)
    at new Promise (&lt;anonymous&gt;)
    at callAsyncCircusFn (C:\kitting\ITManagementSystem\03_実装\it-ops-system\backend\node_modules\jest-circus\build\utils.js:231:10)
    at _callCircusHook (C:\kitting\ITManagementSystem\03_実装\it-ops-system\backend\node_modules\jest-circus\build\run.js:281:40)
    at processTicksAndRejections (node:internal/process/task_queues:105:5)
    at _runTestsForDescribeBlock (C:\kitting\ITManagementSystem\03_実装\it-ops-system\backend\node_modules\jest-circus\build\run.js:95:7)
    at run (C:\kitting\ITManagementSystem\03_実装\it-ops-system\backend\node_modules\jest-circus\build\run.js:71:3)
    at runAndTransformResultsToJestFormat (C:\kitting\ITManagementSystem\03_実装\it-ops-system\backend\node_modules\jest-circus\build\legacy-code-todo-rewrite\jestAdapterInit.js:122:21)
    at jestAdapter (C:\kitting\ITManagementSystem\03_実装\it-ops-system\backend\node_modules\jest-circus\build\legacy-code-todo-rewrite\jestAdapter.js:79:19)
    at runTestInternal (C:\kitting\ITManagementSystem\03_実装\it-ops-system\backend\node_modules\jest-runner\build\runTest.js:367:16)
    at runTest (C:\kitting\ITManagementSystem\03_実装\it-ops-system\backend\node_modules\jest-runner\build\runTest.js:444:34)
    at Object.worker (C:\kitting\ITManagementSystem\03_実装\it-ops-system\backend\node_modules\jest-runner\build\testWorker.js:106:12)</failure>
      <failure>Error: SQLITE_ERROR: no such table: permission_audit</failure>
    </testcase>
    <testcase classname="PermissionAuditService Performance Tests" name="メモリ使用量のモニタリング" time="0">
      <failure>TypeError: db.initialize is not a function
    at Object.&lt;anonymous&gt; (C:\kitting\ITManagementSystem\03_実装\it-ops-system\backend\src\tests\setup.ts:21:14)
    at Promise.then.completed (C:\kitting\ITManagementSystem\03_実装\it-ops-system\backend\node_modules\jest-circus\build\utils.js:298:28)
    at new Promise (&lt;anonymous&gt;)
    at callAsyncCircusFn (C:\kitting\ITManagementSystem\03_実装\it-ops-system\backend\node_modules\jest-circus\build\utils.js:231:10)
    at _callCircusHook (C:\kitting\ITManagementSystem\03_実装\it-ops-system\backend\node_modules\jest-circus\build\run.js:281:40)
    at processTicksAndRejections (node:internal/process/task_queues:105:5)
    at _runTestsForDescribeBlock (C:\kitting\ITManagementSystem\03_実装\it-ops-system\backend\node_modules\jest-circus\build\run.js:95:7)
    at run (C:\kitting\ITManagementSystem\03_実装\it-ops-system\backend\node_modules\jest-circus\build\run.js:71:3)
    at runAndTransformResultsToJestFormat (C:\kitting\ITManagementSystem\03_実装\it-ops-system\backend\node_modules\jest-circus\build\legacy-code-todo-rewrite\jestAdapterInit.js:122:21)
    at jestAdapter (C:\kitting\ITManagementSystem\03_実装\it-ops-system\backend\node_modules\jest-circus\build\legacy-code-todo-rewrite\jestAdapter.js:79:19)
    at runTestInternal (C:\kitting\ITManagementSystem\03_実装\it-ops-system\backend\node_modules\jest-runner\build\runTest.js:367:16)
    at runTest (C:\kitting\ITManagementSystem\03_実装\it-ops-system\backend\node_modules\jest-runner\build\runTest.js:444:34)
    at Object.worker (C:\kitting\ITManagementSystem\03_実装\it-ops-system\backend\node_modules\jest-runner\build\testWorker.js:106:12)</failure>
      <failure>Error: SQLITE_ERROR: no such table: permission_audit</failure>
    </testcase>
    <testcase classname="PermissionAuditService Performance Tests" name="同時実行のパフォーマンス" time="0">
      <failure>TypeError: db.initialize is not a function
    at Object.&lt;anonymous&gt; (C:\kitting\ITManagementSystem\03_実装\it-ops-system\backend\src\tests\setup.ts:21:14)
    at Promise.then.completed (C:\kitting\ITManagementSystem\03_実装\it-ops-system\backend\node_modules\jest-circus\build\utils.js:298:28)
    at new Promise (&lt;anonymous&gt;)
    at callAsyncCircusFn (C:\kitting\ITManagementSystem\03_実装\it-ops-system\backend\node_modules\jest-circus\build\utils.js:231:10)
    at _callCircusHook (C:\kitting\ITManagementSystem\03_実装\it-ops-system\backend\node_modules\jest-circus\build\run.js:281:40)
    at processTicksAndRejections (node:internal/process/task_queues:105:5)
    at _runTestsForDescribeBlock (C:\kitting\ITManagementSystem\03_実装\it-ops-system\backend\node_modules\jest-circus\build\run.js:95:7)
    at run (C:\kitting\ITManagementSystem\03_実装\it-ops-system\backend\node_modules\jest-circus\build\run.js:71:3)
    at runAndTransformResultsToJestFormat (C:\kitting\ITManagementSystem\03_実装\it-ops-system\backend\node_modules\jest-circus\build\legacy-code-todo-rewrite\jestAdapterInit.js:122:21)
    at jestAdapter (C:\kitting\ITManagementSystem\03_実装\it-ops-system\backend\node_modules\jest-circus\build\legacy-code-todo-rewrite\jestAdapter.js:79:19)
    at runTestInternal (C:\kitting\ITManagementSystem\03_実装\it-ops-system\backend\node_modules\jest-runner\build\runTest.js:367:16)
    at runTest (C:\kitting\ITManagementSystem\03_実装\it-ops-system\backend\node_modules\jest-runner\build\runTest.js:444:34)
    at Object.worker (C:\kitting\ITManagementSystem\03_実装\it-ops-system\backend\node_modules\jest-runner\build\testWorker.js:106:12)</failure>
      <failure>Error: SQLITE_ERROR: no such table: permission_audit</failure>
    </testcase>
  </testsuite>
</testsuites>